#
# A fatal error has been detected by the Java Runtime Environment:
#
#  EXCEPTION_ACCESS_VIOLATION (0xc0000005) at pc=0x00007ffefdc5a624, pid=5732, tid=12816
#
# JRE version: OpenJDK Runtime Environment (11.0.10) (build 11.0.10+0-b96-7249189)
# Java VM: OpenJDK 64-Bit Server VM (11.0.10+0-b96-7249189, mixed mode, tiered, compressed oops, g1 gc, windows-amd64)
# Problematic frame:
# V  [jvm.dll+0x6a624]
#
# No core dump will be written. Minidumps are not enabled by default on client versions of Windows
#
# If you would like to submit a bug report, please visit:
#   https://bugreport.java.com/bugreport/crash.jsp
#

---------------  S U M M A R Y ------------

Command Line: --add-opens=java.base/java.util=ALL-UNNAMED --add-opens=java.base/java.lang=ALL-UNNAMED --add-opens=java.base/java.lang.invoke=ALL-UNNAMED --add-opens=java.prefs/java.util.prefs=ALL-UNNAMED -Xmx2048m -Dfile.encoding=windows-1252 -Duser.country=US -Duser.language=en -Duser.variant org.gradle.launcher.daemon.bootstrap.GradleDaemon 6.8

Host: Intel(R) Core(TM) i5-7300HQ CPU @ 2.50GHz, 4 cores, 7G,  Windows 10 , 64 bit Build 19041 (10.0.19041.1466)
Time: Tue Jan 18 09:42:52 2022 SE Asia Standard Time elapsed time: 182.833929 seconds (0d 0h 3m 2s)

---------------  T H R E A D  ---------------

Current thread (0x00000169213e0800):  JavaThread "C2 CompilerThread1" daemon [_thread_in_native, id=12816, stack(0x0000001662300000,0x0000001662400000)]


Current CompileTask:
C2: 182834 15757       4       org.gradle.internal.logging.sink.OutputEventTransformer::onOutput (399 bytes)

Stack: [0x0000001662300000,0x0000001662400000],  sp=0x00000016623fbf30,  free space=1007k
Native frames: (J=compiled Java code, j=interpreted, Vv=VM code, C=native code)
V  [jvm.dll+0x6a624]
V  [jvm.dll+0x5f3f42]
V  [jvm.dll+0x5f269f]
V  [jvm.dll+0x1fb953]
V  [jvm.dll+0x1fa7f4]
V  [jvm.dll+0x18354c]
V  [jvm.dll+0x208ee7]
V  [jvm.dll+0x207731]
V  [jvm.dll+0x6eb1cf]
V  [jvm.dll+0x6e3d45]
V  [jvm.dll+0x5ebe96]
C  [ucrtbase.dll+0x21bb2]
C  [KERNEL32.DLL+0x17034]
C  [ntdll.dll+0x52651]


siginfo: EXCEPTION_ACCESS_VIOLATION (0xc0000005), reading address 0xffffffffffffffff


Register to memory mapping:

RIP=0x00007ffefdc5a624 jvm.dll
RAX=0x00007ffefddc3bb0 jvm.dll
RBX=0x0000000000000003 is an unknown value
RCX=0x00007ffefe359af8 jvm.dll
RDX=0x00000016623fc2a0 is pointing into the stack for thread: 0x00000169213e0800
RSP=0x00000016623fbf30 is pointing into the stack for thread: 0x00000169213e0800
RBP=0x0000016926ccabd8 points into unknown readable memory: 0x00007ffefe3893d0 | d0 93 38 fe fe 7f 00 00
RSI=0x00000016623ff038 is pointing into the stack for thread: 0x00000169213e0800
RDI=0x0000000000000002 is an unknown value
R8 =0x0000016926ccabd8 points into unknown readable memory: 0x00007ffefe3893d0 | d0 93 38 fe fe 7f 00 00
R9 =0x0000000000000002 is an unknown value
R10=0x00007ffefe35aea8 jvm.dll
R11=0x00000016623fbf40 is pointing into the stack for thread: 0x00000169213e0800
R12=0x00000016623ff038 is pointing into the stack for thread: 0x00000169213e0800
R13=0x00000000000001c2 is an unknown value
R14=0x00000016623fc2a0 is pointing into the stack for thread: 0x00000169213e0800
R15=0x0000016926ccabd8 points into unknown readable memory: 0x00007ffefe3893d0 | d0 93 38 fe fe 7f 00 00


Registers:
RAX=0x00007ffefddc3bb0, RBX=0x0000000000000003, RCX=0x00007ffefe359af8, RDX=0x00000016623fc2a0
RSP=0x00000016623fbf30, RBP=0x0000016926ccabd8, RSI=0x00000016623ff038, RDI=0x0000000000000002
R8 =0x0000016926ccabd8, R9 =0x0000000000000002, R10=0x00007ffefe35aea8, R11=0x00000016623fbf40
R12=0x00000016623ff038, R13=0x00000000000001c2, R14=0x00000016623fc2a0, R15=0x0000016926ccabd8
RIP=0x00007ffefdc5a624, EFLAGS=0x0000000000010202

Top of Stack: (sp=0x00000016623fbf30)
0x00000016623fbf30:   00007ffe00000001 0000000000000000
0x00000016623fbf40:   0000000000000000 00000016623fe790
0x00000016623fbf50:   00000016623fe790 00007ffefe1e3f42
0x00000016623fbf60:   0000000000000003 00000016623fc060
0x00000016623fbf70:   00000169298e44c8 0000000000000000
0x00000016623fbf80:   000001692067d570 0000016920683590
0x00000016623fbf90:   0000000700000003 ffffffff00000001
0x00000016623fbfa0:   00000016623fc200 000001c20000000e
0x00000016623fbfb0:   00000012ffffffff 000001692066ea70
0x00000016623fbfc0:   00000000000008f9 00000169298e44c8
0x00000016623fbfd0:   000001b4000001c2 0000000000000000
0x00000016623fbfe0:   00000169292df260 00000016623fe790
0x00000016623fbff0:   0000000000000000 0000001600000000
0x00000016623fc000:   00000169298e44d8 0000000000000012
0x00000016623fc010:   000001692c3ee990 0000016920670e60
0x00000016623fc020:   00007ffefe33f4b8 00000016623ff090 

Instructions: (pc=0x00007ffefdc5a624)
0x00007ffefdc5a524:   00 4d 8b c5 48 8b d3 8b e8 4c 8b 11 41 ff 52 70
0x00007ffefdc5a534:   49 8b 4d 58 8b f0 48 8b 11 ff 52 78 49 8b 4d 58
0x00007ffefdc5a544:   41 b9 02 00 00 00 4d 8b c5 48 8b d3 8b f8 4c 8b
0x00007ffefdc5a554:   11 41 ff 92 80 00 00 00 49 8b 4d 58 8b d8 48 8b
0x00007ffefdc5a564:   11 ff 92 88 00 00 00 89 44 24 30 44 8b ce 89 5c
0x00007ffefdc5a574:   24 28 44 8b c5 41 8b d6 89 7c 24 20 49 8b cf e8
0x00007ffefdc5a584:   98 15 00 00 48 8b 5c 24 60 48 8b 6c 24 68 48 8b
0x00007ffefdc5a594:   74 24 70 48 8b 7c 24 78 48 83 c4 40 41 5f 41 5e
0x00007ffefdc5a5a4:   41 5d c3 cc cc cc cc cc cc cc cc cc 48 89 5c 24
0x00007ffefdc5a5b4:   08 48 89 6c 24 10 48 89 74 24 18 48 89 7c 24 20
0x00007ffefdc5a5c4:   41 56 48 83 ec 20 48 8b 42 68 48 8b e9 48 89 42
0x00007ffefdc5a5d4:   60 4d 8b f0 48 8b 49 50 48 8b f2 48 8b 01 ff 50
0x00007ffefdc5a5e4:   08 48 8b 4d 50 41 b9 01 00 00 00 4c 8b c5 49 8b
0x00007ffefdc5a5f4:   d6 8d 78 01 48 8b 01 ff 50 20 48 8b 4d 58 44 8b
0x00007ffefdc5a604:   cf 83 f8 08 4c 8b c5 49 8b d6 48 8b 01 7d 11 ff
0x00007ffefdc5a614:   50 20 83 f8 08 7c 21 48 8b 46 68 c6 00 41 eb 14
0x00007ffefdc5a624:   ff 50 20 83 f8 08 48 8b 46 68 7d 05 c6 00 44 eb
0x00007ffefdc5a634:   03 c6 00 45 48 ff 46 68 48 8b 46 68 44 8b cf 4c
0x00007ffefdc5a644:   8b c5 49 8b d6 c6 00 33 48 ff 46 68 48 8b 4d 58
0x00007ffefdc5a654:   48 8b 5d 50 48 8b 01 ff 50 20 4c 8b 13 41 b9 01
0x00007ffefdc5a664:   00 00 00 8b f8 4c 8b c5 49 8b d6 48 8b cb 83 e7
0x00007ffefdc5a674:   07 41 ff 52 20 48 8b 4e 68 0c f8 48 8b 5c 24 30
0x00007ffefdc5a684:   48 8b 6c 24 38 c0 e0 03 40 0a c7 48 8b 7c 24 48
0x00007ffefdc5a694:   88 01 48 ff 46 68 48 8b 74 24 40 48 83 c4 20 41
0x00007ffefdc5a6a4:   5e c3 cc cc cc cc cc cc cc cc cc cc 48 89 5c 24
0x00007ffefdc5a6b4:   08 48 89 74 24 10 57 48 83 ec 50 48 8b 42 68 48
0x00007ffefdc5a6c4:   8b f9 48 89 42 60 49 8b f0 48 8b 49 50 48 8b da
0x00007ffefdc5a6d4:   48 8b 01 ff 50 08 48 8b d3 48 8d 4c 24 20 e8 d9
0x00007ffefdc5a6e4:   f7 05 00 48 8b 15 42 26 98 00 48 b9 00 00 00 04
0x00007ffefdc5a6f4:   03 00 00 00 48 8b c2 41 b9 01 00 00 00 48 c1 e8
0x00007ffefdc5a704:   20 4c 8b c7 f6 d0 24 01 88 44 24 38 48 8b c2 48
0x00007ffefdc5a714:   c1 e8 1b f6 d0 24 01 88 44 24 39 48 8b c2 48 c1 


Stack slot to memory mapping:
stack at sp + 0 slots: 0x00007ffe00000001 is an unknown value
stack at sp + 1 slots: 0x0 is NULL
stack at sp + 2 slots: 0x0 is NULL
stack at sp + 3 slots: 0x00000016623fe790 is pointing into the stack for thread: 0x00000169213e0800
stack at sp + 4 slots: 0x00000016623fe790 is pointing into the stack for thread: 0x00000169213e0800
stack at sp + 5 slots: 0x00007ffefe1e3f42 jvm.dll
stack at sp + 6 slots: 0x0000000000000003 is an unknown value
stack at sp + 7 slots: 0x00000016623fc060 is pointing into the stack for thread: 0x00000169213e0800


---------------  P R O C E S S  ---------------

Threads class SMR info:
_java_thread_list=0x00000169220c2200, length=132, elements={
0x00000169040fa800, 0x000001691e40c800, 0x000001691e40d800, 0x000001691e429800,
0x000001691e42b800, 0x000001691e42c800, 0x000001691e42f800, 0x000001691e433000,
0x000001691e45c000, 0x000001691eee7000, 0x0000016920489000, 0x000001691fb7e800,
0x0000016921dc7000, 0x0000016921167000, 0x0000016921163000, 0x0000016921164800,
0x0000016921166800, 0x0000016920e72000, 0x000001692517c800, 0x000001692518a000,
0x0000016924f61800, 0x0000016924f65000, 0x0000016924f63800, 0x0000016924f5f800,
0x0000016924f64000, 0x0000016924f62800, 0x0000016924f66000, 0x0000016924f60000,
0x0000016924f6a800, 0x0000016924f66800, 0x0000016924f6a000, 0x0000016924f6b800,
0x0000016924f6d000, 0x00000169213e0800, 0x0000016924f67800, 0x0000016924f6e000,
0x0000016924f6c800, 0x0000016924f68800, 0x0000016924f69000, 0x000001692517d000,
0x000001692517e800, 0x0000016925183000, 0x0000016925183800, 0x0000016925180800,
0x000001692517f800, 0x000001692517e000, 0x0000016925184800, 0x0000016925181000,
0x0000016925185800, 0x0000016925187000, 0x0000016925187800, 0x0000016925182000,
0x0000016925189800, 0x000001692518b000, 0x0000016925188800, 0x0000016920e6f000,
0x0000016920e6d000, 0x0000016920e6c800, 0x0000016920e74800, 0x0000016920e70800,
0x0000016920e75800, 0x0000016920e73000, 0x0000016920e73800, 0x0000016920e6f800,
0x0000016920e78800, 0x0000016920e79800, 0x0000016920e7a000, 0x0000016920e7b000,
0x0000016920e76000, 0x0000016920e78000, 0x0000016920e77000, 0x0000016921168000,
0x0000016921169000, 0x0000016921169800, 0x0000016921164000, 0x0000016921165800,
0x00000169244c1000, 0x00000169244bc000, 0x00000169244bb800, 0x00000169244bd000,
0x00000169244bf800, 0x00000169244c0000, 0x00000169244c2000, 0x00000169244c2800,
0x00000169244c3800, 0x00000169244bd800, 0x00000169244c4800, 0x00000169244be800,
0x00000169244c6000, 0x00000169244c9000, 0x00000169244c5000, 0x00000169244c7800,
0x00000169244c8800, 0x00000169244ca000, 0x00000169244c6800, 0x0000016929232000,
0x0000016929233000, 0x000001692922d000, 0x000001692922f000, 0x0000016929234000,
0x0000016929231800, 0x000001692922e000, 0x0000016929230800, 0x0000016929234800,
0x0000016929235800, 0x000001692922f800, 0x0000016929238800, 0x0000016929239800,
0x0000016929237000, 0x000001692923a800, 0x000001692923b000, 0x000001692923c000,
0x0000016929236000, 0x0000016929238000, 0x00000169268e9800, 0x00000169268ea000,
0x00000169268e8800, 0x00000169268e7800, 0x00000169268eb000, 0x00000169268ec000,
0x00000169268e6000, 0x00000169268ec800, 0x00000169268e7000, 0x00000169268ed800,
0x00000169268f0800, 0x00000169268f3000, 0x00000169268ee000, 0x00000169268f4000,
0x00000169268f1800, 0x00000169268f5000, 0x00000169268ef000, 0x00000169268f2800
}

Java Threads: ( => current thread )
  0x00000169040fa800 JavaThread "main" [_thread_blocked, id=5912, stack(0x0000001660000000,0x0000001660100000)]
  0x000001691e40c800 JavaThread "Reference Handler" daemon [_thread_blocked, id=12784, stack(0x0000001660700000,0x0000001660800000)]
  0x000001691e40d800 JavaThread "Finalizer" daemon [_thread_blocked, id=12292, stack(0x0000001660800000,0x0000001660900000)]
  0x000001691e429800 JavaThread "Signal Dispatcher" daemon [_thread_blocked, id=10980, stack(0x0000001660900000,0x0000001660a00000)]
  0x000001691e42b800 JavaThread "Attach Listener" daemon [_thread_blocked, id=6640, stack(0x0000001660a00000,0x0000001660b00000)]
  0x000001691e42c800 JavaThread "Service Thread" daemon [_thread_blocked, id=10600, stack(0x0000001660b00000,0x0000001660c00000)]
  0x000001691e42f800 JavaThread "C2 CompilerThread0" daemon [_thread_blocked, id=428, stack(0x0000001660c00000,0x0000001660d00000)]
  0x000001691e433000 JavaThread "C1 CompilerThread0" daemon [_thread_blocked, id=11712, stack(0x0000001660d00000,0x0000001660e00000)]
  0x000001691e45c000 JavaThread "Sweeper thread" daemon [_thread_blocked, id=7500, stack(0x0000001660e00000,0x0000001660f00000)]
  0x000001691eee7000 JavaThread "Common-Cleaner" daemon [_thread_blocked, id=2528, stack(0x0000001660f00000,0x0000001661000000)]
  0x0000016920489000 JavaThread "Daemon health stats" [_thread_blocked, id=12924, stack(0x0000001661400000,0x0000001661500000)]
  0x000001691fb7e800 JavaThread "Incoming local TCP Connector on port 58635" [_thread_in_native, id=3268, stack(0x0000001661600000,0x0000001661700000)]
  0x0000016921dc7000 JavaThread "Daemon periodic checks" [_thread_blocked, id=10924, stack(0x0000001661700000,0x0000001661800000)]
  0x0000016921167000 JavaThread "Cache worker for file hash cache (C:\Users\chieudepzaj\.gradle\caches\6.8\fileHashes)" [_thread_blocked, id=11536, stack(0x0000001662000000,0x0000001662100000)]
  0x0000016921163000 JavaThread "File lock request listener" [_thread_in_native, id=9292, stack(0x0000001662100000,0x0000001662200000)]
  0x0000016921164800 JavaThread "Cache worker for journal cache (C:\Users\chieudepzaj\.gradle\caches\journal-1)" [_thread_blocked, id=4788, stack(0x0000001662200000,0x0000001662300000)]
  0x0000016921166800 JavaThread "Cache worker for execution history cache (C:\Users\chieudepzaj\.gradle\caches\6.8\executionHistory)" [_thread_blocked, id=12844, stack(0x0000001662800000,0x0000001662900000)]
  0x0000016920e72000 JavaThread "Cache worker for file content cache (C:\Users\chieudepzaj\.gradle\caches\6.8\fileContent)" [_thread_blocked, id=10768, stack(0x0000001662a00000,0x0000001662b00000)]
  0x000001692517c800 JavaThread "Memory manager" [_thread_blocked, id=7768, stack(0x0000001668d00000,0x0000001668e00000)]
  0x000001692518a000 JavaThread "Cache worker for Java compile cache (C:\Users\chieudepzaj\.gradle\caches\6.8\javaCompile)" [_thread_blocked, id=11468, stack(0x0000001669600000,0x0000001669700000)]
  0x0000016924f61800 JavaThread "ForkJoinPool.commonPool-worker-7" daemon [_thread_blocked, id=7964, stack(0x0000001669c00000,0x0000001669d00000)]
  0x0000016924f65000 JavaThread "Daemon Thread 2" [_thread_blocked, id=9224, stack(0x000000165fd00000,0x000000165fe00000)]
  0x0000016924f63800 JavaThread "Handler for socket connection from /127.0.0.1:58635 to /127.0.0.1:58688" [_thread_in_native, id=11060, stack(0x000000165fe00000,0x000000165ff00000)]
  0x0000016924f5f800 JavaThread "Cancel handler" [_thread_blocked, id=2360, stack(0x000000165ff00000,0x0000001660000000)]
  0x0000016924f64000 JavaThread "Daemon worker Thread 2" [_thread_blocked, id=5716, stack(0x0000001661100000,0x0000001661200000)]
  0x0000016924f62800 JavaThread "Asynchronous log dispatcher for DefaultDaemonConnection: socket connection from /127.0.0.1:58635 to /127.0.0.1:58688" [_thread_blocked, id=6600, stack(0x0000001661500000,0x0000001661600000)]
  0x0000016924f66000 JavaThread "Stdin handler" [_thread_blocked, id=11388, stack(0x0000001661800000,0x0000001661900000)]
  0x0000016924f60000 JavaThread "Daemon client event forwarder" [_thread_blocked, id=10276, stack(0x0000001661900000,0x0000001661a00000)]
  0x0000016924f6a800 JavaThread "Cache worker for file hash cache (C:\Users\chieudepzaj\Videos\App_quanlydoan\ShopeeFood\.gradle\6.8\fileHashes)" [_thread_blocked, id=4384, stack(0x0000001661a00000,0x0000001661b00000)]
  0x0000016924f66800 JavaThread "Cache worker for checksums cache (C:\Users\chieudepzaj\Videos\App_quanlydoan\ShopeeFood\.gradle\checksums)" [_thread_blocked, id=2468, stack(0x0000001661b00000,0x0000001661c00000)]
  0x0000016924f6a000 JavaThread "Cache worker for cache directory md-supplier (C:\Users\chieudepzaj\.gradle\caches\6.8\md-supplier)" [_thread_blocked, id=10308, stack(0x0000001661c00000,0x0000001661d00000)]
  0x0000016924f6b800 JavaThread "Cache worker for cache directory md-rule (C:\Users\chieudepzaj\.gradle\caches\6.8\md-rule)" [_thread_blocked, id=10784, stack(0x0000001661d00000,0x0000001661e00000)]
  0x0000016924f6d000 JavaThread "Cache worker for Build Output Cleanup Cache (C:\Users\chieudepzaj\Videos\App_quanlydoan\ShopeeFood\.gradle\buildOutputCleanup)" [_thread_blocked, id=2532, stack(0x0000001661e00000,0x0000001661f00000)]
=>0x00000169213e0800 JavaThread "C2 CompilerThread1" daemon [_thread_in_native, id=12816, stack(0x0000001662300000,0x0000001662400000)]
  0x0000016924f67800 JavaThread "Build operations" [_thread_blocked, id=8188, stack(0x0000001662400000,0x0000001662500000)]
  0x0000016924f6e000 JavaThread "Build operations Thread 2" [_thread_blocked, id=1320, stack(0x0000001662500000,0x0000001662600000)]
  0x0000016924f6c800 JavaThread "Build operations Thread 3" [_thread_blocked, id=10116, stack(0x0000001662600000,0x0000001662700000)]
  0x0000016924f68800 JavaThread "Build operations Thread 4" [_thread_blocked, id=13224, stack(0x0000001662700000,0x0000001662800000)]
  0x0000016924f69000 JavaThread "jar transforms Thread 95" [_thread_new, id=11836, stack(0x0000000000000000,0x0000000000000000)]
  0x000001692517d000 JavaThread "jar transforms Thread 96" [_thread_new, id=8332, stack(0x0000000000000000,0x0000000000000000)]
  0x000001692517e800 JavaThread "jar transforms Thread 97" [_thread_new, id=1036, stack(0x0000000000000000,0x0000000000000000)]
  0x0000016925183000 JavaThread "jar transforms Thread 98" [_thread_new, id=12572, stack(0x0000000000000000,0x0000000000000000)]
  0x0000016925183800 JavaThread "jar transforms Thread 99" [_thread_new, id=9076, stack(0x0000000000000000,0x0000000000000000)]
  0x0000016925180800 JavaThread "jar transforms Thread 100" [_thread_new, id=8536, stack(0x0000000000000000,0x0000000000000000)]
  0x000001692517f800 JavaThread "jar transforms Thread 101" [_thread_new, id=600, stack(0x0000000000000000,0x0000000000000000)]
  0x000001692517e000 JavaThread "jar transforms Thread 102" [_thread_new, id=8064, stack(0x0000000000000000,0x0000000000000000)]
  0x0000016925184800 JavaThread "jar transforms Thread 103" [_thread_new, id=12928, stack(0x0000000000000000,0x0000000000000000)]
  0x0000016925181000 JavaThread "jar transforms Thread 104" [_thread_new, id=12376, stack(0x0000000000000000,0x0000000000000000)]
  0x0000016925185800 JavaThread "jar transforms Thread 105" [_thread_new, id=6204, stack(0x0000000000000000,0x0000000000000000)]
  0x0000016925187000 JavaThread "jar transforms Thread 106" [_thread_new, id=5320, stack(0x0000000000000000,0x0000000000000000)]
  0x0000016925187800 JavaThread "jar transforms Thread 107" [_thread_new, id=6404, stack(0x0000000000000000,0x0000000000000000)]
  0x0000016925182000 JavaThread "jar transforms Thread 108" [_thread_new, id=10896, stack(0x0000000000000000,0x0000000000000000)]
  0x0000016925189800 JavaThread "jar transforms Thread 109" [_thread_new, id=4944, stack(0x0000000000000000,0x0000000000000000)]
  0x000001692518b000 JavaThread "jar transforms Thread 110" [_thread_new, id=11676, stack(0x0000000000000000,0x0000000000000000)]
  0x0000016925188800 JavaThread "jar transforms Thread 111" [_thread_new, id=11352, stack(0x0000000000000000,0x0000000000000000)]
  0x0000016920e6f000 JavaThread "jar transforms Thread 112" [_thread_new, id=1084, stack(0x0000000000000000,0x0000000000000000)]
  0x0000016920e6d000 JavaThread "jar transforms Thread 113" [_thread_new, id=8132, stack(0x0000000000000000,0x0000000000000000)]
  0x0000016920e6c800 JavaThread "jar transforms Thread 114" [_thread_new, id=8016, stack(0x0000000000000000,0x0000000000000000)]
  0x0000016920e74800 JavaThread "jar transforms Thread 115" [_thread_new, id=8056, stack(0x0000000000000000,0x0000000000000000)]
  0x0000016920e70800 JavaThread "jar transforms Thread 116" [_thread_new, id=6328, stack(0x0000000000000000,0x0000000000000000)]
  0x0000016920e75800 JavaThread "jar transforms Thread 117" [_thread_new, id=1800, stack(0x0000000000000000,0x0000000000000000)]
  0x0000016920e73000 JavaThread "jar transforms Thread 118" [_thread_new, id=10520, stack(0x0000000000000000,0x0000000000000000)]
  0x0000016920e73800 JavaThread "jar transforms Thread 119" [_thread_new, id=10868, stack(0x0000000000000000,0x0000000000000000)]
  0x0000016920e6f800 JavaThread "jar transforms Thread 120" [_thread_new, id=11512, stack(0x0000000000000000,0x0000000000000000)]
  0x0000016920e78800 JavaThread "jar transforms Thread 121" [_thread_new, id=8244, stack(0x0000000000000000,0x0000000000000000)]
  0x0000016920e79800 JavaThread "jar transforms Thread 122" [_thread_new, id=8548, stack(0x0000000000000000,0x0000000000000000)]
  0x0000016920e7a000 JavaThread "jar transforms Thread 123" [_thread_new, id=9784, stack(0x0000000000000000,0x0000000000000000)]
  0x0000016920e7b000 JavaThread "jar transforms Thread 124" [_thread_new, id=7196, stack(0x0000000000000000,0x0000000000000000)]
  0x0000016920e76000 JavaThread "jar transforms Thread 125" [_thread_new, id=9732, stack(0x0000000000000000,0x0000000000000000)]
  0x0000016920e78000 JavaThread "jar transforms Thread 126" [_thread_new, id=11088, stack(0x0000000000000000,0x0000000000000000)]
  0x0000016920e77000 JavaThread "jar transforms Thread 127" [_thread_new, id=1100, stack(0x0000000000000000,0x0000000000000000)]
  0x0000016921168000 JavaThread "jar transforms Thread 128" [_thread_new, id=432, stack(0x0000000000000000,0x0000000000000000)]
  0x0000016921169000 JavaThread "jar transforms Thread 129" [_thread_new, id=6680, stack(0x0000000000000000,0x0000000000000000)]
  0x0000016921169800 JavaThread "jar transforms Thread 130" [_thread_new, id=8276, stack(0x0000000000000000,0x0000000000000000)]
  0x0000016921164000 JavaThread "jar transforms Thread 131" [_thread_new, id=5972, stack(0x0000000000000000,0x0000000000000000)]
  0x0000016921165800 JavaThread "jar transforms Thread 132" [_thread_new, id=8264, stack(0x0000000000000000,0x0000000000000000)]
  0x00000169244c1000 JavaThread "jar transforms Thread 133" [_thread_new, id=8684, stack(0x0000000000000000,0x0000000000000000)]
  0x00000169244bc000 JavaThread "jar transforms Thread 134" [_thread_new, id=11668, stack(0x0000000000000000,0x0000000000000000)]
  0x00000169244bb800 JavaThread "jar transforms Thread 135" [_thread_new, id=1412, stack(0x0000000000000000,0x0000000000000000)]
  0x00000169244bd000 JavaThread "jar transforms Thread 136" [_thread_new, id=1136, stack(0x0000000000000000,0x0000000000000000)]
  0x00000169244bf800 JavaThread "jar transforms Thread 137" [_thread_new, id=10992, stack(0x0000000000000000,0x0000000000000000)]
  0x00000169244c0000 JavaThread "jar transforms Thread 138" [_thread_new, id=12540, stack(0x0000000000000000,0x0000000000000000)]
  0x00000169244c2000 JavaThread "jar transforms Thread 139" [_thread_new, id=2108, stack(0x0000000000000000,0x0000000000000000)]
  0x00000169244c2800 JavaThread "jar transforms Thread 140" [_thread_new, id=10280, stack(0x0000000000000000,0x0000000000000000)]
  0x00000169244c3800 JavaThread "jar transforms Thread 141" [_thread_new, id=10720, stack(0x0000000000000000,0x0000000000000000)]
  0x00000169244bd800 JavaThread "jar transforms Thread 142" [_thread_new, id=6880, stack(0x0000000000000000,0x0000000000000000)]
  0x00000169244c4800 JavaThread "jar transforms Thread 143" [_thread_new, id=8284, stack(0x0000000000000000,0x0000000000000000)]
  0x00000169244be800 JavaThread "jar transforms Thread 144" [_thread_new, id=9848, stack(0x0000000000000000,0x0000000000000000)]
  0x00000169244c6000 JavaThread "jar transforms Thread 145" [_thread_new, id=4476, stack(0x0000000000000000,0x0000000000000000)]
  0x00000169244c9000 JavaThread "jar transforms Thread 146" [_thread_new, id=10500, stack(0x0000000000000000,0x0000000000000000)]
  0x00000169244c5000 JavaThread "jar transforms Thread 147" [_thread_new, id=4052, stack(0x0000000000000000,0x0000000000000000)]
  0x00000169244c7800 JavaThread "jar transforms Thread 148" [_thread_new, id=1456, stack(0x0000000000000000,0x0000000000000000)]
  0x00000169244c8800 JavaThread "jar transforms Thread 149" [_thread_new, id=11496, stack(0x0000000000000000,0x0000000000000000)]
  0x00000169244ca000 JavaThread "jar transforms Thread 150" [_thread_new, id=1120, stack(0x0000000000000000,0x0000000000000000)]
  0x00000169244c6800 JavaThread "jar transforms Thread 151" [_thread_new, id=10296, stack(0x0000000000000000,0x0000000000000000)]
  0x0000016929232000 JavaThread "jar transforms Thread 152" [_thread_new, id=8776, stack(0x0000000000000000,0x0000000000000000)]
  0x0000016929233000 JavaThread "jar transforms Thread 153" [_thread_new, id=5936, stack(0x0000000000000000,0x0000000000000000)]
  0x000001692922d000 JavaThread "jar transforms Thread 154" [_thread_new, id=1620, stack(0x0000000000000000,0x0000000000000000)]
  0x000001692922f000 JavaThread "jar transforms Thread 155" [_thread_new, id=7352, stack(0x0000000000000000,0x0000000000000000)]
  0x0000016929234000 JavaThread "jar transforms Thread 156" [_thread_new, id=5512, stack(0x0000000000000000,0x0000000000000000)]
  0x0000016929231800 JavaThread "jar transforms Thread 157" [_thread_new, id=2536, stack(0x0000000000000000,0x0000000000000000)]
  0x000001692922e000 JavaThread "jar transforms Thread 158" [_thread_new, id=12036, stack(0x0000000000000000,0x0000000000000000)]
  0x0000016929230800 JavaThread "jar transforms Thread 159" [_thread_new, id=5620, stack(0x0000000000000000,0x0000000000000000)]
  0x0000016929234800 JavaThread "jar transforms Thread 160" [_thread_new, id=7652, stack(0x0000000000000000,0x0000000000000000)]
  0x0000016929235800 JavaThread "jar transforms Thread 161" [_thread_new, id=12332, stack(0x0000000000000000,0x0000000000000000)]
  0x000001692922f800 JavaThread "jar transforms Thread 162" [_thread_new, id=6608, stack(0x0000000000000000,0x0000000000000000)]
  0x0000016929238800 JavaThread "jar transforms Thread 163" [_thread_new, id=3336, stack(0x0000000000000000,0x0000000000000000)]
  0x0000016929239800 JavaThread "jar transforms Thread 164" [_thread_new, id=13220, stack(0x0000000000000000,0x0000000000000000)]
  0x0000016929237000 JavaThread "jar transforms Thread 165" [_thread_new, id=13152, stack(0x0000000000000000,0x0000000000000000)]
  0x000001692923a800 JavaThread "jar transforms Thread 166" [_thread_new, id=4232, stack(0x0000000000000000,0x0000000000000000)]
  0x000001692923b000 JavaThread "jar transforms Thread 167" [_thread_new, id=8240, stack(0x0000000000000000,0x0000000000000000)]
  0x000001692923c000 JavaThread "jar transforms Thread 168" [_thread_new, id=12652, stack(0x0000000000000000,0x0000000000000000)]
  0x0000016929236000 JavaThread "jar transforms Thread 169" [_thread_new, id=13256, stack(0x0000000000000000,0x0000000000000000)]
  0x0000016929238000 JavaThread "jar transforms Thread 170" [_thread_new, id=3484, stack(0x0000000000000000,0x0000000000000000)]
  0x00000169268e9800 JavaThread "jar transforms Thread 171" [_thread_new, id=12384, stack(0x0000000000000000,0x0000000000000000)]
  0x00000169268ea000 JavaThread "jar transforms Thread 172" [_thread_new, id=7516, stack(0x0000000000000000,0x0000000000000000)]
  0x00000169268e8800 JavaThread "jar transforms Thread 173" [_thread_new, id=5032, stack(0x0000000000000000,0x0000000000000000)]
  0x00000169268e7800 JavaThread "jar transforms Thread 174" [_thread_new, id=4768, stack(0x0000000000000000,0x0000000000000000)]
  0x00000169268eb000 JavaThread "jar transforms Thread 175" [_thread_new, id=9344, stack(0x0000000000000000,0x0000000000000000)]
  0x00000169268ec000 JavaThread "jar transforms Thread 176" [_thread_new, id=2972, stack(0x0000000000000000,0x0000000000000000)]
  0x00000169268e6000 JavaThread "jar transforms Thread 177" [_thread_new, id=8588, stack(0x0000000000000000,0x0000000000000000)]
  0x00000169268ec800 JavaThread "jar transforms Thread 178" [_thread_new, id=12140, stack(0x0000000000000000,0x0000000000000000)]
  0x00000169268e7000 JavaThread "jar transforms Thread 179" [_thread_new, id=11876, stack(0x0000000000000000,0x0000000000000000)]
  0x00000169268ed800 JavaThread "jar transforms Thread 180" [_thread_new, id=11816, stack(0x0000000000000000,0x0000000000000000)]
  0x00000169268f0800 JavaThread "jar transforms Thread 181" [_thread_new, id=12428, stack(0x0000000000000000,0x0000000000000000)]
  0x00000169268f3000 JavaThread "jar transforms Thread 182" [_thread_new, id=9308, stack(0x0000000000000000,0x0000000000000000)]
  0x00000169268ee000 JavaThread "jar transforms Thread 183" [_thread_new, id=12432, stack(0x0000000000000000,0x0000000000000000)]
  0x00000169268f4000 JavaThread "jar transforms Thread 184" [_thread_new, id=11460, stack(0x0000000000000000,0x0000000000000000)]
  0x00000169268f1800 JavaThread "jar transforms Thread 185" [_thread_new, id=9360, stack(0x0000000000000000,0x0000000000000000)]
  0x00000169268f5000 JavaThread "jar transforms Thread 186" [_thread_new, id=11784, stack(0x0000000000000000,0x0000000000000000)]
  0x00000169268ef000 JavaThread "jar transforms Thread 187" [_thread_new, id=13076, stack(0x0000000000000000,0x0000000000000000)]
  0x00000169268f2800 JavaThread "jar transforms Thread 188" [_thread_new, id=11808, stack(0x0000000000000000,0x0000000000000000)]

Other Threads:
  0x000001691e408000 VMThread "VM Thread" [stack: 0x0000001660600000,0x0000001660700000] [id=960]
  0x000001691ef0e000 WatcherThread [stack: 0x0000001661000000,0x0000001661100000] [id=6236]
  0x0000016904113800 GCTaskThread "GC Thread#0" [stack: 0x0000001660100000,0x0000001660200000] [id=13248]
  0x000001691efd5800 GCTaskThread "GC Thread#1" [stack: 0x0000001661200000,0x0000001661300000] [id=10100]
  0x000001691f665800 GCTaskThread "GC Thread#2" [stack: 0x0000001661300000,0x0000001661400000] [id=10424]
  0x000001691fbc6800 GCTaskThread "GC Thread#3" [stack: 0x0000001661f00000,0x0000001662000000] [id=11788]
  0x0000016904146000 ConcurrentGCThread "G1 Main Marker" [stack: 0x0000001660200000,0x0000001660300000] [id=6136]
  0x0000016904147000 ConcurrentGCThread "G1 Conc#0" [stack: 0x0000001660300000,0x0000001660400000] [id=11656]
  0x00000169041d7000 ConcurrentGCThread "G1 Refine#0" [stack: 0x0000001660400000,0x0000001660500000] [id=12452]
  0x00000169041d8000 ConcurrentGCThread "G1 Young RemSet Sampling" [stack: 0x0000001660500000,0x0000001660600000] [id=6960]

Threads with active compile tasks:
C2 CompilerThread1 182958 15757       4       org.gradle.internal.logging.sink.OutputEventTransformer::onOutput (399 bytes)

VM state:not at safepoint (normal execution)

VM Mutex/Monitor currently owned by a thread: None

Heap address: 0x0000000080000000, size: 2048 MB, Compressed Oops mode: 32-bit
Narrow klass base: 0x0000000000000000, Narrow klass shift: 3
Compressed class space size: 1073741824 Address: 0x0000000100000000

Heap:
 garbage-first heap   total 189440K, used 91373K [0x0000000080000000, 0x0000000100000000)
  region size 1024K, 3 young (3072K), 1 survivors (1024K)
 Metaspace       used 108711K, capacity 111452K, committed 111652K, reserved 1146880K
  class space    used 13705K, capacity 14737K, committed 14848K, reserved 1048576K
Heap Regions: E=young(eden), S=young(survivor), O=old, HS=humongous(starts), HC=humongous(continues), CS=collection set, F=free, A=archive, TAMS=top-at-mark-start (previous, next)
|   0|0x0000000080000000, 0x0000000080100000, 0x0000000080100000|100%| O|  |TAMS 0x0000000080100000, 0x0000000080000000| Untracked 
|   1|0x0000000080100000, 0x0000000080200000, 0x0000000080200000|100%| O|  |TAMS 0x0000000080200000, 0x0000000080100000| Untracked 
|   2|0x0000000080200000, 0x0000000080300000, 0x0000000080300000|100%| O|  |TAMS 0x0000000080300000, 0x0000000080200000| Untracked 
|   3|0x0000000080300000, 0x0000000080400000, 0x0000000080400000|100%|HS|  |TAMS 0x0000000080400000, 0x0000000080300000| Complete 
|   4|0x0000000080400000, 0x0000000080500000, 0x0000000080500000|100%|HC|  |TAMS 0x0000000080500000, 0x0000000080400000| Complete 
|   5|0x0000000080500000, 0x0000000080600000, 0x0000000080600000|100%|HC|  |TAMS 0x0000000080600000, 0x0000000080500000| Complete 
|   6|0x0000000080600000, 0x0000000080700000, 0x0000000080700000|100%| O|  |TAMS 0x0000000080700000, 0x0000000080600000| Untracked 
|   7|0x0000000080700000, 0x0000000080800000, 0x0000000080800000|100%| O|  |TAMS 0x0000000080800000, 0x0000000080700000| Untracked 
|   8|0x0000000080800000, 0x0000000080900000, 0x0000000080900000|100%| O|  |TAMS 0x0000000080900000, 0x0000000080800000| Untracked 
|   9|0x0000000080900000, 0x0000000080a00000, 0x0000000080a00000|100%| O|  |TAMS 0x0000000080a00000, 0x0000000080900000| Untracked 
|  10|0x0000000080a00000, 0x0000000080b00000, 0x0000000080b00000|100%| O|  |TAMS 0x0000000080b00000, 0x0000000080a00000| Untracked 
|  11|0x0000000080b00000, 0x0000000080c00000, 0x0000000080c00000|100%| O|  |TAMS 0x0000000080c00000, 0x0000000080b00000| Untracked 
|  12|0x0000000080c00000, 0x0000000080d00000, 0x0000000080d00000|100%| O|  |TAMS 0x0000000080d00000, 0x0000000080c00000| Untracked 
|  13|0x0000000080d00000, 0x0000000080e00000, 0x0000000080e00000|100%| O|  |TAMS 0x0000000080e00000, 0x0000000080d00000| Untracked 
|  14|0x0000000080e00000, 0x0000000080f00000, 0x0000000080f00000|100%| O|  |TAMS 0x0000000080f00000, 0x0000000080e00000| Untracked 
|  15|0x0000000080f00000, 0x0000000081000000, 0x0000000081000000|100%| O|  |TAMS 0x0000000081000000, 0x0000000080f00000| Untracked 
|  16|0x0000000081000000, 0x0000000081100000, 0x0000000081100000|100%| O|  |TAMS 0x0000000081100000, 0x0000000081000000| Untracked 
|  17|0x0000000081100000, 0x0000000081200000, 0x0000000081200000|100%| O|  |TAMS 0x0000000081200000, 0x0000000081100000| Untracked 
|  18|0x0000000081200000, 0x0000000081300000, 0x0000000081300000|100%|HS|  |TAMS 0x0000000081300000, 0x0000000081200000| Complete 
|  19|0x0000000081300000, 0x0000000081400000, 0x0000000081400000|100%|HS|  |TAMS 0x0000000081400000, 0x0000000081300000| Complete 
|  20|0x0000000081400000, 0x0000000081500000, 0x0000000081500000|100%|HC|  |TAMS 0x0000000081500000, 0x0000000081400000| Complete 
|  21|0x0000000081500000, 0x0000000081600000, 0x0000000081600000|100%| O|  |TAMS 0x0000000081600000, 0x0000000081500000| Untracked 
|  22|0x0000000081600000, 0x0000000081700000, 0x0000000081700000|100%| O|  |TAMS 0x0000000081700000, 0x0000000081600000| Untracked 
|  23|0x0000000081700000, 0x0000000081800000, 0x0000000081800000|100%| O|  |TAMS 0x0000000081800000, 0x0000000081700000| Untracked 
|  24|0x0000000081800000, 0x0000000081900000, 0x0000000081900000|100%| O|  |TAMS 0x0000000081900000, 0x0000000081800000| Untracked 
|  25|0x0000000081900000, 0x0000000081a00000, 0x0000000081a00000|100%| O|  |TAMS 0x0000000081a00000, 0x0000000081900000| Untracked 
|  26|0x0000000081a00000, 0x0000000081b00000, 0x0000000081b00000|100%| O|  |TAMS 0x0000000081b00000, 0x0000000081a00000| Untracked 
|  27|0x0000000081b00000, 0x0000000081c00000, 0x0000000081c00000|100%| O|  |TAMS 0x0000000081c00000, 0x0000000081b00000| Untracked 
|  28|0x0000000081c00000, 0x0000000081d00000, 0x0000000081d00000|100%| O|  |TAMS 0x0000000081d00000, 0x0000000081c00000| Untracked 
|  29|0x0000000081d00000, 0x0000000081e00000, 0x0000000081e00000|100%| O|  |TAMS 0x0000000081e00000, 0x0000000081d00000| Untracked 
|  30|0x0000000081e00000, 0x0000000081f00000, 0x0000000081f00000|100%| O|  |TAMS 0x0000000081f00000, 0x0000000081e00000| Untracked 
|  31|0x0000000081f00000, 0x0000000082000000, 0x0000000082000000|100%| O|  |TAMS 0x0000000082000000, 0x0000000081f00000| Untracked 
|  32|0x0000000082000000, 0x0000000082100000, 0x0000000082100000|100%| O|  |TAMS 0x0000000082100000, 0x0000000082000000| Untracked 
|  33|0x0000000082100000, 0x0000000082200000, 0x0000000082200000|100%| O|  |TAMS 0x0000000082200000, 0x0000000082100000| Untracked 
|  34|0x0000000082200000, 0x0000000082300000, 0x0000000082300000|100%| O|  |TAMS 0x0000000082300000, 0x0000000082200000| Untracked 
|  35|0x0000000082300000, 0x0000000082400000, 0x0000000082400000|100%| O|  |TAMS 0x0000000082400000, 0x0000000082300000| Untracked 
|  36|0x0000000082400000, 0x0000000082500000, 0x0000000082500000|100%| O|  |TAMS 0x0000000082500000, 0x0000000082400000| Untracked 
|  37|0x0000000082500000, 0x0000000082600000, 0x0000000082600000|100%| O|  |TAMS 0x0000000082600000, 0x0000000082500000| Untracked 
|  38|0x0000000082600000, 0x0000000082700000, 0x0000000082700000|100%| O|  |TAMS 0x0000000082700000, 0x0000000082600000| Untracked 
|  39|0x0000000082700000, 0x0000000082800000, 0x0000000082800000|100%| O|  |TAMS 0x0000000082800000, 0x0000000082700000| Untracked 
|  40|0x0000000082800000, 0x0000000082900000, 0x0000000082900000|100%| O|  |TAMS 0x0000000082900000, 0x0000000082800000| Untracked 
|  41|0x0000000082900000, 0x0000000082a00000, 0x0000000082a00000|100%| O|  |TAMS 0x0000000082a00000, 0x0000000082900000| Untracked 
|  42|0x0000000082a00000, 0x0000000082b00000, 0x0000000082b00000|100%| O|  |TAMS 0x0000000082b00000, 0x0000000082a00000| Untracked 
|  43|0x0000000082b00000, 0x0000000082c00000, 0x0000000082c00000|100%| O|  |TAMS 0x0000000082c00000, 0x0000000082b00000| Untracked 
|  44|0x0000000082c00000, 0x0000000082d00000, 0x0000000082d00000|100%| O|  |TAMS 0x0000000082d00000, 0x0000000082c00000| Untracked 
|  45|0x0000000082d00000, 0x0000000082e00000, 0x0000000082e00000|100%| O|  |TAMS 0x0000000082e00000, 0x0000000082d00000| Untracked 
|  46|0x0000000082e00000, 0x0000000082f00000, 0x0000000082f00000|100%| O|  |TAMS 0x0000000082f00000, 0x0000000082e00000| Untracked 
|  47|0x0000000082f00000, 0x0000000083000000, 0x0000000083000000|100%| O|  |TAMS 0x0000000083000000, 0x0000000082f00000| Untracked 
|  48|0x0000000083000000, 0x0000000083100000, 0x0000000083100000|100%| O|  |TAMS 0x0000000083100000, 0x0000000083000000| Untracked 
|  49|0x0000000083100000, 0x0000000083200000, 0x0000000083200000|100%| O|  |TAMS 0x0000000083200000, 0x0000000083100000| Untracked 
|  50|0x0000000083200000, 0x0000000083300000, 0x0000000083300000|100%| O|  |TAMS 0x0000000083300000, 0x0000000083200000| Untracked 
|  51|0x0000000083300000, 0x0000000083400000, 0x0000000083400000|100%| O|  |TAMS 0x0000000083400000, 0x0000000083300000| Untracked 
|  52|0x0000000083400000, 0x0000000083500000, 0x0000000083500000|100%| O|  |TAMS 0x0000000083500000, 0x0000000083400000| Untracked 
|  53|0x0000000083500000, 0x0000000083600000, 0x0000000083600000|100%| O|  |TAMS 0x0000000083600000, 0x0000000083500000| Untracked 
|  54|0x0000000083600000, 0x0000000083700000, 0x0000000083700000|100%| O|  |TAMS 0x0000000083700000, 0x0000000083600000| Untracked 
|  55|0x0000000083700000, 0x0000000083800000, 0x0000000083800000|100%| O|  |TAMS 0x0000000083800000, 0x0000000083700000| Untracked 
|  56|0x0000000083800000, 0x0000000083900000, 0x0000000083900000|100%| O|  |TAMS 0x0000000083900000, 0x0000000083800000| Untracked 
|  57|0x0000000083900000, 0x0000000083a00000, 0x0000000083a00000|100%| O|  |TAMS 0x0000000083a00000, 0x0000000083900000| Untracked 
|  58|0x0000000083a00000, 0x0000000083b00000, 0x0000000083b00000|100%| O|  |TAMS 0x0000000083b00000, 0x0000000083a00000| Untracked 
|  59|0x0000000083b00000, 0x0000000083c00000, 0x0000000083c00000|100%| O|  |TAMS 0x0000000083c00000, 0x0000000083b00000| Untracked 
|  60|0x0000000083c00000, 0x0000000083d00000, 0x0000000083d00000|100%| O|  |TAMS 0x0000000083d00000, 0x0000000083c00000| Untracked 
|  61|0x0000000083d00000, 0x0000000083e00000, 0x0000000083e00000|100%| O|  |TAMS 0x0000000083e00000, 0x0000000083d00000| Untracked 
|  62|0x0000000083e00000, 0x0000000083f00000, 0x0000000083f00000|100%| O|  |TAMS 0x0000000083f00000, 0x0000000083e00000| Untracked 
|  63|0x0000000083f00000, 0x0000000084000000, 0x0000000084000000|100%| O|  |TAMS 0x0000000084000000, 0x0000000083f00000| Untracked 
|  64|0x0000000084000000, 0x0000000084100000, 0x0000000084100000|100%| O|  |TAMS 0x0000000084100000, 0x0000000084000000| Untracked 
|  65|0x0000000084100000, 0x0000000084200000, 0x0000000084200000|100%| O|  |TAMS 0x0000000084200000, 0x0000000084100000| Untracked 
|  66|0x0000000084200000, 0x0000000084300000, 0x0000000084300000|100%| O|  |TAMS 0x00000000842cb600, 0x0000000084200000| Untracked 
|  67|0x0000000084300000, 0x0000000084400000, 0x0000000084400000|100%| O|  |TAMS 0x0000000084400000, 0x0000000084300000| Untracked 
|  68|0x0000000084400000, 0x0000000084500000, 0x0000000084500000|100%| O|  |TAMS 0x0000000084500000, 0x0000000084400000| Untracked 
|  69|0x0000000084500000, 0x0000000084600000, 0x0000000084600000|100%| O|  |TAMS 0x0000000084600000, 0x0000000084500000| Untracked 
|  70|0x0000000084600000, 0x0000000084700000, 0x0000000084700000|100%| O|  |TAMS 0x0000000084600000, 0x0000000084600000| Untracked 
|  71|0x0000000084700000, 0x0000000084800000, 0x0000000084800000|100%| O|  |TAMS 0x0000000084800000, 0x0000000084700000| Untracked 
|  72|0x0000000084800000, 0x0000000084800000, 0x0000000084900000|  0%| F|  |TAMS 0x0000000084800000, 0x0000000084800000| Untracked 
|  73|0x0000000084900000, 0x000000008498ea00, 0x0000000084a00000| 55%| O|  |TAMS 0x0000000084900000, 0x0000000084900000| Untracked 
|  74|0x0000000084a00000, 0x0000000084a00000, 0x0000000084b00000|  0%| F|  |TAMS 0x0000000084a00000, 0x0000000084a00000| Untracked 
|  75|0x0000000084b00000, 0x0000000084c00000, 0x0000000084c00000|100%| O|  |TAMS 0x0000000084c00000, 0x0000000084b00000| Untracked 
|  76|0x0000000084c00000, 0x0000000084d00000, 0x0000000084d00000|100%| O|  |TAMS 0x0000000084d00000, 0x0000000084c00000| Untracked 
|  77|0x0000000084d00000, 0x0000000084e00000, 0x0000000084e00000|100%| O|  |TAMS 0x0000000084e00000, 0x0000000084d00000| Untracked 
|  78|0x0000000084e00000, 0x0000000084f00000, 0x0000000084f00000|100%| O|  |TAMS 0x0000000084f00000, 0x0000000084e00000| Untracked 
|  79|0x0000000084f00000, 0x0000000085000000, 0x0000000085000000|100%| O|  |TAMS 0x0000000085000000, 0x0000000084f00000| Untracked 
|  80|0x0000000085000000, 0x0000000085100000, 0x0000000085100000|100%| O|  |TAMS 0x0000000085100000, 0x0000000085000000| Untracked 
|  81|0x0000000085100000, 0x0000000085200000, 0x0000000085200000|100%| O|  |TAMS 0x0000000085200000, 0x0000000085100000| Untracked 
|  82|0x0000000085200000, 0x0000000085300000, 0x0000000085300000|100%| O|  |TAMS 0x0000000085300000, 0x0000000085200000| Untracked 
|  83|0x0000000085300000, 0x0000000085400000, 0x0000000085400000|100%| O|  |TAMS 0x0000000085400000, 0x0000000085300000| Untracked 
|  84|0x0000000085400000, 0x0000000085500000, 0x0000000085500000|100%| O|  |TAMS 0x0000000085500000, 0x0000000085400000| Untracked 
|  85|0x0000000085500000, 0x0000000085600000, 0x0000000085600000|100%| O|  |TAMS 0x0000000085600000, 0x0000000085500000| Untracked 
|  86|0x0000000085600000, 0x0000000085600000, 0x0000000085700000|  0%| F|  |TAMS 0x0000000085600000, 0x0000000085600000| Untracked 
|  87|0x0000000085700000, 0x0000000085700000, 0x0000000085800000|  0%| F|  |TAMS 0x0000000085700000, 0x0000000085700000| Untracked 
|  88|0x0000000085800000, 0x0000000085800000, 0x0000000085900000|  0%| F|  |TAMS 0x0000000085800000, 0x0000000085800000| Untracked 
|  89|0x0000000085900000, 0x0000000085a00000, 0x0000000085a00000|100%|HS|  |TAMS 0x0000000085a00000, 0x0000000085900000| Complete 
|  90|0x0000000085a00000, 0x0000000085b00000, 0x0000000085b00000|100%|HC|  |TAMS 0x0000000085b00000, 0x0000000085a00000| Complete 
|  91|0x0000000085b00000, 0x0000000085b00000, 0x0000000085c00000|  0%| F|  |TAMS 0x0000000085b00000, 0x0000000085b00000| Untracked 
|  92|0x0000000085c00000, 0x0000000085d00000, 0x0000000085d00000|100%| O|  |TAMS 0x0000000085d00000, 0x0000000085c00000| Untracked 
|  93|0x0000000085d00000, 0x0000000085d00000, 0x0000000085e00000|  0%| F|  |TAMS 0x0000000085d00000, 0x0000000085d00000| Untracked 
|  94|0x0000000085e00000, 0x0000000085e00000, 0x0000000085f00000|  0%| F|  |TAMS 0x0000000085e00000, 0x0000000085e00000| Untracked 
|  95|0x0000000085f00000, 0x0000000085f00000, 0x0000000086000000|  0%| F|  |TAMS 0x0000000085f00000, 0x0000000085f00000| Untracked 
|  96|0x0000000086000000, 0x0000000086000000, 0x0000000086100000|  0%| F|  |TAMS 0x0000000086000000, 0x0000000086000000| Untracked 
|  97|0x0000000086100000, 0x0000000086100000, 0x0000000086200000|  0%| F|  |TAMS 0x0000000086100000, 0x0000000086100000| Untracked 
|  98|0x0000000086200000, 0x0000000086300000, 0x0000000086300000|100%| O|  |TAMS 0x0000000086200000, 0x0000000086200000| Untracked 
|  99|0x0000000086300000, 0x0000000086300000, 0x0000000086400000|  0%| F|  |TAMS 0x0000000086300000, 0x0000000086300000| Untracked 
| 100|0x0000000086400000, 0x0000000086400000, 0x0000000086500000|  0%| F|  |TAMS 0x0000000086400000, 0x0000000086400000| Untracked 
| 101|0x0000000086500000, 0x0000000086500000, 0x0000000086600000|  0%| F|  |TAMS 0x0000000086500000, 0x0000000086500000| Untracked 
| 102|0x0000000086600000, 0x0000000086600000, 0x0000000086700000|  0%| F|  |TAMS 0x0000000086600000, 0x0000000086600000| Untracked 
| 103|0x0000000086700000, 0x0000000086700000, 0x0000000086800000|  0%| F|  |TAMS 0x0000000086700000, 0x0000000086700000| Untracked 
| 104|0x0000000086800000, 0x0000000086800000, 0x0000000086900000|  0%| F|  |TAMS 0x0000000086800000, 0x0000000086800000| Untracked 
| 105|0x0000000086900000, 0x0000000086900000, 0x0000000086a00000|  0%| F|  |TAMS 0x0000000086900000, 0x0000000086900000| Untracked 
| 106|0x0000000086a00000, 0x0000000086a00000, 0x0000000086b00000|  0%| F|  |TAMS 0x0000000086a00000, 0x0000000086a00000| Untracked 
| 107|0x0000000086b00000, 0x0000000086b00000, 0x0000000086c00000|  0%| F|  |TAMS 0x0000000086b00000, 0x0000000086b00000| Untracked 
| 108|0x0000000086c00000, 0x0000000086c00000, 0x0000000086d00000|  0%| F|  |TAMS 0x0000000086c00000, 0x0000000086c00000| Untracked 
| 109|0x0000000086d00000, 0x0000000086d00000, 0x0000000086e00000|  0%| F|  |TAMS 0x0000000086d00000, 0x0000000086d00000| Untracked 
| 110|0x0000000086e00000, 0x0000000086e00000, 0x0000000086f00000|  0%| F|  |TAMS 0x0000000086e00000, 0x0000000086e00000| Untracked 
| 111|0x0000000086f00000, 0x0000000086f00000, 0x0000000087000000|  0%| F|  |TAMS 0x0000000086f00000, 0x0000000086f00000| Untracked 
| 112|0x0000000087000000, 0x0000000087000000, 0x0000000087100000|  0%| F|  |TAMS 0x0000000087000000, 0x0000000087000000| Untracked 
| 113|0x0000000087100000, 0x0000000087100000, 0x0000000087200000|  0%| F|  |TAMS 0x0000000087100000, 0x0000000087100000| Untracked 
| 114|0x0000000087200000, 0x0000000087200000, 0x0000000087300000|  0%| F|  |TAMS 0x0000000087200000, 0x0000000087200000| Untracked 
| 115|0x0000000087300000, 0x0000000087300000, 0x0000000087400000|  0%| F|  |TAMS 0x0000000087300000, 0x0000000087300000| Untracked 
| 116|0x0000000087400000, 0x0000000087400000, 0x0000000087500000|  0%| F|  |TAMS 0x0000000087400000, 0x0000000087400000| Untracked 
| 117|0x0000000087500000, 0x0000000087500000, 0x0000000087600000|  0%| F|  |TAMS 0x0000000087500000, 0x0000000087500000| Untracked 
| 118|0x0000000087600000, 0x0000000087600000, 0x0000000087700000|  0%| F|  |TAMS 0x0000000087600000, 0x0000000087600000| Untracked 
| 119|0x0000000087700000, 0x0000000087700000, 0x0000000087800000|  0%| F|  |TAMS 0x0000000087700000, 0x0000000087700000| Untracked 
| 120|0x0000000087800000, 0x0000000087800000, 0x0000000087900000|  0%| F|  |TAMS 0x0000000087800000, 0x0000000087800000| Untracked 
| 121|0x0000000087900000, 0x0000000087900000, 0x0000000087a00000|  0%| F|  |TAMS 0x0000000087900000, 0x0000000087900000| Untracked 
| 122|0x0000000087a00000, 0x0000000087a00000, 0x0000000087b00000|  0%| F|  |TAMS 0x0000000087a00000, 0x0000000087a00000| Untracked 
| 123|0x0000000087b00000, 0x0000000087b00000, 0x0000000087c00000|  0%| F|  |TAMS 0x0000000087b00000, 0x0000000087b00000| Untracked 
| 124|0x0000000087c00000, 0x0000000087c00000, 0x0000000087d00000|  0%| F|  |TAMS 0x0000000087c00000, 0x0000000087c00000| Untracked 
| 125|0x0000000087d00000, 0x0000000087d00000, 0x0000000087e00000|  0%| F|  |TAMS 0x0000000087d00000, 0x0000000087d00000| Untracked 
| 126|0x0000000087e00000, 0x0000000087e00000, 0x0000000087f00000|  0%| F|  |TAMS 0x0000000087e00000, 0x0000000087e00000| Untracked 
| 127|0x0000000087f00000, 0x0000000087f00000, 0x0000000088000000|  0%| F|  |TAMS 0x0000000087f00000, 0x0000000087f00000| Untracked 
| 128|0x0000000088000000, 0x0000000088000000, 0x0000000088100000|  0%| F|  |TAMS 0x0000000088000000, 0x0000000088000000| Untracked 
| 129|0x0000000088100000, 0x0000000088100000, 0x0000000088200000|  0%| F|  |TAMS 0x0000000088100000, 0x0000000088100000| Untracked 
| 130|0x0000000088200000, 0x0000000088200000, 0x0000000088300000|  0%| F|  |TAMS 0x0000000088200000, 0x0000000088200000| Untracked 
| 131|0x0000000088300000, 0x0000000088300000, 0x0000000088400000|  0%| F|  |TAMS 0x0000000088300000, 0x0000000088300000| Untracked 
| 132|0x0000000088400000, 0x0000000088400000, 0x0000000088500000|  0%| F|  |TAMS 0x0000000088400000, 0x0000000088400000| Untracked 
| 133|0x0000000088500000, 0x0000000088500000, 0x0000000088600000|  0%| F|  |TAMS 0x0000000088500000, 0x0000000088500000| Untracked 
| 134|0x0000000088600000, 0x0000000088600000, 0x0000000088700000|  0%| F|  |TAMS 0x0000000088600000, 0x0000000088600000| Untracked 
| 135|0x0000000088700000, 0x0000000088700000, 0x0000000088800000|  0%| F|  |TAMS 0x0000000088700000, 0x0000000088700000| Untracked 
| 136|0x0000000088800000, 0x0000000088800000, 0x0000000088900000|  0%| F|  |TAMS 0x0000000088800000, 0x0000000088800000| Untracked 
| 137|0x0000000088900000, 0x0000000088900000, 0x0000000088a00000|  0%| F|  |TAMS 0x0000000088900000, 0x0000000088900000| Untracked 
| 138|0x0000000088a00000, 0x0000000088a00000, 0x0000000088b00000|  0%| F|  |TAMS 0x0000000088a00000, 0x0000000088a00000| Untracked 
| 139|0x0000000088b00000, 0x0000000088b00000, 0x0000000088c00000|  0%| F|  |TAMS 0x0000000088b00000, 0x0000000088b00000| Untracked 
| 140|0x0000000088c00000, 0x0000000088c00000, 0x0000000088d00000|  0%| F|  |TAMS 0x0000000088c00000, 0x0000000088c00000| Untracked 
| 141|0x0000000088d00000, 0x0000000088d00000, 0x0000000088e00000|  0%| F|  |TAMS 0x0000000088d00000, 0x0000000088d00000| Untracked 
| 142|0x0000000088e00000, 0x0000000088e00000, 0x0000000088f00000|  0%| F|  |TAMS 0x0000000088e00000, 0x0000000088e00000| Untracked 
| 143|0x0000000088f00000, 0x0000000088f00000, 0x0000000089000000|  0%| F|  |TAMS 0x0000000088f00000, 0x0000000088f00000| Untracked 
| 144|0x0000000089000000, 0x0000000089000000, 0x0000000089100000|  0%| F|  |TAMS 0x0000000089000000, 0x0000000089000000| Untracked 
| 145|0x0000000089100000, 0x0000000089100000, 0x0000000089200000|  0%| F|  |TAMS 0x0000000089100000, 0x0000000089100000| Untracked 
| 146|0x0000000089200000, 0x0000000089200000, 0x0000000089300000|  0%| F|  |TAMS 0x0000000089200000, 0x0000000089200000| Untracked 
| 147|0x0000000089300000, 0x0000000089300000, 0x0000000089400000|  0%| F|  |TAMS 0x0000000089300000, 0x0000000089300000| Untracked 
| 148|0x0000000089400000, 0x0000000089400000, 0x0000000089500000|  0%| F|  |TAMS 0x0000000089400000, 0x0000000089400000| Untracked 
| 149|0x0000000089500000, 0x0000000089500000, 0x0000000089600000|  0%| F|  |TAMS 0x0000000089500000, 0x0000000089500000| Untracked 
| 150|0x0000000089600000, 0x0000000089600000, 0x0000000089700000|  0%| F|  |TAMS 0x0000000089600000, 0x0000000089600000| Untracked 
| 151|0x0000000089700000, 0x0000000089700000, 0x0000000089800000|  0%| F|  |TAMS 0x0000000089700000, 0x0000000089700000| Untracked 
| 152|0x0000000089800000, 0x0000000089800000, 0x0000000089900000|  0%| F|  |TAMS 0x0000000089800000, 0x0000000089800000| Untracked 
| 153|0x0000000089900000, 0x0000000089900000, 0x0000000089a00000|  0%| F|  |TAMS 0x0000000089900000, 0x0000000089900000| Untracked 
| 154|0x0000000089a00000, 0x0000000089a00000, 0x0000000089b00000|  0%| F|  |TAMS 0x0000000089a00000, 0x0000000089a00000| Untracked 
| 155|0x0000000089b00000, 0x0000000089b00000, 0x0000000089c00000|  0%| F|  |TAMS 0x0000000089b00000, 0x0000000089b00000| Untracked 
| 156|0x0000000089c00000, 0x0000000089c00000, 0x0000000089d00000|  0%| F|  |TAMS 0x0000000089c00000, 0x0000000089c00000| Untracked 
| 157|0x0000000089d00000, 0x0000000089d00000, 0x0000000089e00000|  0%| F|  |TAMS 0x0000000089d00000, 0x0000000089d00000| Untracked 
| 158|0x0000000089e00000, 0x0000000089e00000, 0x0000000089f00000|  0%| F|  |TAMS 0x0000000089e00000, 0x0000000089e00000| Untracked 
| 159|0x0000000089f00000, 0x0000000089f00000, 0x000000008a000000|  0%| F|  |TAMS 0x0000000089f00000, 0x0000000089f00000| Untracked 
| 160|0x000000008a000000, 0x000000008a000000, 0x000000008a100000|  0%| F|  |TAMS 0x000000008a000000, 0x000000008a000000| Untracked 
| 161|0x000000008a100000, 0x000000008a100000, 0x000000008a200000|  0%| F|  |TAMS 0x000000008a100000, 0x000000008a100000| Untracked 
| 162|0x000000008a200000, 0x000000008a200000, 0x000000008a300000|  0%| F|  |TAMS 0x000000008a200000, 0x000000008a200000| Untracked 
| 163|0x000000008a300000, 0x000000008a300000, 0x000000008a400000|  0%| F|  |TAMS 0x000000008a300000, 0x000000008a300000| Untracked 
| 164|0x000000008a400000, 0x000000008a400000, 0x000000008a500000|  0%| F|  |TAMS 0x000000008a400000, 0x000000008a400000| Untracked 
| 165|0x000000008a500000, 0x000000008a500000, 0x000000008a600000|  0%| F|  |TAMS 0x000000008a500000, 0x000000008a500000| Untracked 
| 166|0x000000008a600000, 0x000000008a600000, 0x000000008a700000|  0%| F|  |TAMS 0x000000008a600000, 0x000000008a600000| Untracked 
| 167|0x000000008a700000, 0x000000008a700000, 0x000000008a800000|  0%| F|  |TAMS 0x000000008a700000, 0x000000008a700000| Untracked 
| 168|0x000000008a800000, 0x000000008a800000, 0x000000008a900000|  0%| F|  |TAMS 0x000000008a800000, 0x000000008a800000| Untracked 
| 169|0x000000008a900000, 0x000000008a900000, 0x000000008aa00000|  0%| F|  |TAMS 0x000000008a900000, 0x000000008a900000| Untracked 
| 170|0x000000008aa00000, 0x000000008aa00000, 0x000000008ab00000|  0%| F|  |TAMS 0x000000008aa00000, 0x000000008aa00000| Untracked 
| 171|0x000000008ab00000, 0x000000008ab00000, 0x000000008ac00000|  0%| F|  |TAMS 0x000000008ab00000, 0x000000008ab00000| Untracked 
| 172|0x000000008ac00000, 0x000000008ac00000, 0x000000008ad00000|  0%| F|  |TAMS 0x000000008ac00000, 0x000000008ac00000| Untracked 
| 173|0x000000008ad00000, 0x000000008ad00000, 0x000000008ae00000|  0%| F|  |TAMS 0x000000008ad00000, 0x000000008ad00000| Untracked 
| 174|0x000000008ae00000, 0x000000008ae00000, 0x000000008af00000|  0%| F|  |TAMS 0x000000008ae00000, 0x000000008ae00000| Untracked 
| 175|0x000000008af00000, 0x000000008af00000, 0x000000008b000000|  0%| F|  |TAMS 0x000000008af00000, 0x000000008af00000| Untracked 
| 176|0x000000008b000000, 0x000000008b000000, 0x000000008b100000|  0%| F|  |TAMS 0x000000008b000000, 0x000000008b000000| Untracked 
| 177|0x000000008b100000, 0x000000008b1acc90, 0x000000008b200000| 67%| S|CS|TAMS 0x000000008b100000, 0x000000008b100000| Complete 
| 178|0x000000008b200000, 0x000000008b200000, 0x000000008b300000|  0%| F|  |TAMS 0x000000008b200000, 0x000000008b200000| Untracked 
| 179|0x000000008b300000, 0x000000008b300000, 0x000000008b400000|  0%| F|  |TAMS 0x000000008b300000, 0x000000008b300000| Untracked 
| 180|0x000000008b400000, 0x000000008b400000, 0x000000008b500000|  0%| F|  |TAMS 0x000000008b400000, 0x000000008b400000| Untracked 
| 181|0x000000008b500000, 0x000000008b500000, 0x000000008b600000|  0%| F|  |TAMS 0x000000008b500000, 0x000000008b500000| Untracked 
| 182|0x000000008b600000, 0x000000008b600000, 0x000000008b700000|  0%| F|  |TAMS 0x000000008b600000, 0x000000008b600000| Untracked 
| 183|0x000000008b700000, 0x000000008b783960, 0x000000008b800000| 51%| E|  |TAMS 0x000000008b700000, 0x000000008b700000| Complete 
| 184|0x000000008b800000, 0x000000008b900000, 0x000000008b900000|100%| E|CS|TAMS 0x000000008b800000, 0x000000008b800000| Complete 

Card table byte_map: [0x0000016917610000,0x0000016917a10000] _byte_map_base: 0x0000016917210000

Marking Bits (Prev, Next): (CMBitMap*) 0x000001690413cf40, (CMBitMap*) 0x000001690413cf08
 Prev Bits: [0x0000016919e10000, 0x000001691be10000)
 Next Bits: [0x0000016917e10000, 0x0000016919e10000)

Polling page: 0x0000016902840000

Metaspace:

Usage:
  Non-class:     94.45 MB capacity,    92.78 MB ( 98%) used,     1.35 MB (  1%) free+waste,   331.19 KB ( <1%) overhead. 
      Class:     14.39 MB capacity,    13.38 MB ( 93%) used,   883.77 KB (  6%) free+waste,   147.50 KB (  1%) overhead. 
       Both:    108.84 MB capacity,   106.16 MB ( 98%) used,     2.21 MB (  2%) free+waste,   478.69 KB ( <1%) overhead. 

Virtual space:
  Non-class space:       96.00 MB reserved,      94.54 MB ( 98%) committed 
      Class space:        1.00 GB reserved,      14.50 MB (  1%) committed 
             Both:        1.09 GB reserved,     109.04 MB ( 10%) committed 

Chunk freelists:
   Non-Class:  25.00 KB
       Class:  15.00 KB
        Both:  40.00 KB

MaxMetaspaceSize: 17179869184.00 GB
CompressedClassSpaceSize: 1.00 GB

CodeHeap 'non-profiled nmethods': size=120064Kb used=10546Kb max_used=10546Kb free=109517Kb
 bounds [0x000001690f6b0000, 0x0000016910100000, 0x0000016916bf0000]
CodeHeap 'profiled nmethods': size=120000Kb used=37455Kb max_used=37455Kb free=82544Kb
 bounds [0x0000016908180000, 0x000001690a620000, 0x000001690f6b0000]
CodeHeap 'non-nmethods': size=5696Kb used=2367Kb max_used=2410Kb free=3328Kb
 bounds [0x0000016907bf0000, 0x0000016907e60000, 0x0000016908180000]
 total_blobs=16799 nmethods=15854 adapters=852
 compilation: enabled
              stopped_count=0, restarted_count=0
 full_count=0

Compilation events (20 events):
Event: 182.776 Thread 0x000001691e433000 15935       3       org.gradle.internal.snapshot.VfsRelativePath::lengthOfCommonPrefix (173 bytes)
Event: 182.778 Thread 0x000001691e433000 nmethod 15935 0x000001690a60b190 code [0x000001690a60b5c0, 0x000001690a60d788]
Event: 182.781 Thread 0x000001691e433000 15936       3       org.gradle.cache.internal.DefaultCacheFactory$ReferenceTrackingCache::getBaseDir (13 bytes)
Event: 182.782 Thread 0x000001691e433000 nmethod 15936 0x000001690a60e410 code [0x000001690a60e5e0, 0x000001690a60e7c8]
Event: 182.794 Thread 0x000001691e433000 15938       3       java.lang.StringBuilder::append (8 bytes)
Event: 182.794 Thread 0x000001691e433000 nmethod 15938 0x000001690a60e890 code [0x000001690a60ea40, 0x000001690a60eb88]
Event: 182.805 Thread 0x000001691e433000 15942       3       java.lang.ThreadGroup::checkAccess (14 bytes)
Event: 182.805 Thread 0x000001691e433000 nmethod 15942 0x000001690a60ec10 code [0x000001690a60ede0, 0x000001690a60f048]
Event: 182.806 Thread 0x000001691e433000 15943       3       java.lang.Thread::setPriority (56 bytes)
Event: 182.807 Thread 0x000001691e433000 nmethod 15943 0x000001690a60f110 code [0x000001690a60f320, 0x000001690a60f828]
Event: 182.809 Thread 0x000001691e433000 15945       3       java.lang.Thread::<init> (249 bytes)
Event: 182.811 Thread 0x000001691e433000 nmethod 15945 0x000001690a60fa10 code [0x000001690a60fdc0, 0x000001690a611a08]
Event: 182.813 Thread 0x000001691e433000 15946       3       java.security.AccessControlContext::calculateFields (89 bytes)
Event: 182.814 Thread 0x000001691e433000 nmethod 15946 0x000001690a612290 code [0x000001690a612480, 0x000001690a6128b8]
Event: 182.817 Thread 0x000001691e433000 15947       3       java.lang.Thread::<init> (12 bytes)
Event: 182.817 Thread 0x000001691e433000 nmethod 15947 0x000001690a612a10 code [0x000001690a612bc0, 0x000001690a612d08]
Event: 182.818 Thread 0x000001691e42f800 nmethod 15755 0x00000169100edb90 code [0x00000169100ee120, 0x00000169100f5c30]
Event: 182.818 Thread 0x000001691e42f800 15939       4       org.gradle.internal.snapshot.VfsRelativePath::hasPrefix (114 bytes)
Event: 182.819 Thread 0x000001691e433000 15948   !   3       java.lang.ThreadGroup::add (110 bytes)
Event: 182.820 Thread 0x000001691e433000 nmethod 15948 0x000001690a612e10 code [0x000001690a613040, 0x000001690a6138f8]

GC Heap History (20 events):
Event: 34.773 GC heap before
{Heap before GC invocations=25 (full 0):
 garbage-first heap   total 189440K, used 142936K [0x0000000080000000, 0x0000000100000000)
  region size 1024K, 58 young (59392K), 8 survivors (8192K)
 Metaspace       used 83145K, capacity 85341K, committed 85540K, reserved 1124352K
  class space    used 10718K, capacity 11489K, committed 11520K, reserved 1048576K
}
Event: 34.786 GC heap after
{Heap after GC invocations=26 (full 0):
 garbage-first heap   total 189440K, used 95327K [0x0000000080000000, 0x0000000100000000)
  region size 1024K, 4 young (4096K), 4 survivors (4096K)
 Metaspace       used 83145K, capacity 85341K, committed 85540K, reserved 1124352K
  class space    used 10718K, capacity 11489K, committed 11520K, reserved 1048576K
}
Event: 35.627 GC heap before
{Heap before GC invocations=26 (full 0):
 garbage-first heap   total 189440K, used 132191K [0x0000000080000000, 0x0000000100000000)
  region size 1024K, 42 young (43008K), 4 survivors (4096K)
 Metaspace       used 89679K, capacity 91844K, committed 92068K, reserved 1128448K
  class space    used 11534K, capacity 12315K, committed 12416K, reserved 1048576K
}
Event: 35.646 GC heap after
{Heap after GC invocations=27 (full 0):
 garbage-first heap   total 189440K, used 98508K [0x0000000080000000, 0x0000000100000000)
  region size 1024K, 7 young (7168K), 7 survivors (7168K)
 Metaspace       used 89679K, capacity 91844K, committed 92068K, reserved 1128448K
  class space    used 11534K, capacity 12315K, committed 12416K, reserved 1048576K
}
Event: 38.341 GC heap before
{Heap before GC invocations=28 (full 0):
 garbage-first heap   total 189440K, used 140095K [0x0000000080000000, 0x0000000100000000)
  region size 1024K, 55 young (56320K), 7 survivors (7168K)
 Metaspace       used 91948K, capacity 94155K, committed 94372K, reserved 1130496K
  class space    used 11741K, capacity 12545K, committed 12672K, reserved 1048576K
}
Event: 38.362 GC heap after
{Heap after GC invocations=29 (full 0):
 garbage-first heap   total 189440K, used 101447K [0x0000000080000000, 0x0000000100000000)
  region size 1024K, 7 young (7168K), 7 survivors (7168K)
 Metaspace       used 91948K, capacity 94155K, committed 94372K, reserved 1130496K
  class space    used 11741K, capacity 12545K, committed 12672K, reserved 1048576K
}
Event: 38.593 GC heap before
{Heap before GC invocations=29 (full 0):
 garbage-first heap   total 189440K, used 103495K [0x0000000080000000, 0x0000000100000000)
  region size 1024K, 9 young (9216K), 7 survivors (7168K)
 Metaspace       used 92059K, capacity 94284K, committed 94628K, reserved 1132544K
  class space    used 11742K, capacity 12545K, committed 12672K, reserved 1048576K
}
Event: 38.603 GC heap after
{Heap after GC invocations=30 (full 0):
 garbage-first heap   total 189440K, used 98285K [0x0000000080000000, 0x0000000100000000)
  region size 1024K, 1 young (1024K), 1 survivors (1024K)
 Metaspace       used 92059K, capacity 94284K, committed 94628K, reserved 1132544K
  class space    used 11742K, capacity 12545K, committed 12672K, reserved 1048576K
}
Event: 40.180 GC heap before
{Heap before GC invocations=30 (full 0):
 garbage-first heap   total 189440K, used 145389K [0x0000000080000000, 0x0000000100000000)
  region size 1024K, 48 young (49152K), 1 survivors (1024K)
 Metaspace       used 96636K, capacity 99014K, committed 99108K, reserved 1134592K
  class space    used 12382K, capacity 13261K, committed 13312K, reserved 1048576K
}
Event: 40.189 GC heap after
{Heap after GC invocations=31 (full 0):
 garbage-first heap   total 189440K, used 100483K [0x0000000080000000, 0x0000000100000000)
  region size 1024K, 4 young (4096K), 4 survivors (4096K)
 Metaspace       used 96636K, capacity 99014K, committed 99108K, reserved 1134592K
  class space    used 12382K, capacity 13261K, committed 13312K, reserved 1048576K
}
Event: 41.947 GC heap before
{Heap before GC invocations=32 (full 0):
 garbage-first heap   total 189440K, used 148611K [0x0000000080000000, 0x0000000100000000)
  region size 1024K, 51 young (52224K), 4 survivors (4096K)
 Metaspace       used 102294K, capacity 104901K, committed 105124K, reserved 1140736K
  class space    used 13140K, capacity 14123K, committed 14208K, reserved 1048576K
}
Event: 41.959 GC heap after
{Heap after GC invocations=33 (full 0):
 garbage-first heap   total 189440K, used 101263K [0x0000000080000000, 0x0000000100000000)
  region size 1024K, 4 young (4096K), 4 survivors (4096K)
 Metaspace       used 102294K, capacity 104901K, committed 105124K, reserved 1140736K
  class space    used 13140K, capacity 14123K, committed 14208K, reserved 1048576K
}
Event: 42.076 GC heap before
{Heap before GC invocations=33 (full 0):
 garbage-first heap   total 189440K, used 106383K [0x0000000080000000, 0x0000000100000000)
  region size 1024K, 9 young (9216K), 4 survivors (4096K)
 Metaspace       used 102357K, capacity 104966K, committed 105124K, reserved 1140736K
  class space    used 13141K, capacity 14123K, committed 14208K, reserved 1048576K
}
Event: 42.083 GC heap after
{Heap after GC invocations=34 (full 0):
 garbage-first heap   total 189440K, used 96536K [0x0000000080000000, 0x0000000100000000)
  region size 1024K, 2 young (2048K), 2 survivors (2048K)
 Metaspace       used 102357K, capacity 104966K, committed 105124K, reserved 1140736K
  class space    used 13141K, capacity 14123K, committed 14208K, reserved 1048576K
}
Event: 43.006 GC heap before
{Heap before GC invocations=34 (full 0):
 garbage-first heap   total 189440K, used 148760K [0x0000000080000000, 0x0000000100000000)
  region size 1024K, 54 young (55296K), 2 survivors (2048K)
 Metaspace       used 103111K, capacity 105760K, committed 105892K, reserved 1140736K
  class space    used 13218K, capacity 14206K, committed 14208K, reserved 1048576K
}
Event: 43.020 GC heap after
{Heap after GC invocations=35 (full 0):
 garbage-first heap   total 189440K, used 101642K [0x0000000080000000, 0x0000000100000000)
  region size 1024K, 7 young (7168K), 7 survivors (7168K)
 Metaspace       used 103111K, capacity 105760K, committed 105892K, reserved 1140736K
  class space    used 13218K, capacity 14206K, committed 14208K, reserved 1048576K
}
Event: 182.394 GC heap before
{Heap before GC invocations=36 (full 0):
 garbage-first heap   total 189440K, used 173322K [0x0000000080000000, 0x0000000100000000)
  region size 1024K, 56 young (57344K), 7 survivors (7168K)
 Metaspace       used 108571K, capacity 111375K, committed 111652K, reserved 1146880K
  class space    used 13705K, capacity 14737K, committed 14848K, reserved 1048576K
}
Event: 182.399 GC heap after
{Heap after GC invocations=37 (full 0):
 garbage-first heap   total 189440K, used 97787K [0x0000000080000000, 0x0000000100000000)
  region size 1024K, 2 young (2048K), 2 survivors (2048K)
 Metaspace       used 108571K, capacity 111375K, committed 111652K, reserved 1146880K
  class space    used 13705K, capacity 14737K, committed 14848K, reserved 1048576K
}
Event: 182.767 GC heap before
{Heap before GC invocations=37 (full 0):
 garbage-first heap   total 189440K, used 103931K [0x0000000080000000, 0x0000000100000000)
  region size 1024K, 9 young (9216K), 2 survivors (2048K)
 Metaspace       used 108702K, capacity 111452K, committed 111652K, reserved 1146880K
  class space    used 13705K, capacity 14737K, committed 14848K, reserved 1048576K
}
Event: 182.772 GC heap after
{Heap after GC invocations=38 (full 0):
 garbage-first heap   total 189440K, used 90349K [0x0000000080000000, 0x0000000100000000)
  region size 1024K, 1 young (1024K), 1 survivors (1024K)
 Metaspace       used 108702K, capacity 111452K, committed 111652K, reserved 1146880K
  class space    used 13705K, capacity 14737K, committed 14848K, reserved 1048576K
}

Deoptimization events (20 events):
Event: 182.365 Thread 0x0000016924f64000 Uncommon trap: trap_request=0xffffff4d fr.pc=0x000001690ff93900 relative=0x0000000000000780
Event: 182.365 Thread 0x0000016924f64000 Uncommon trap: reason=unstable_if action=reinterpret pc=0x000001690ff93900 method=com.google.common.collect.MapMakerInternalMap$Segment.getEntry(Ljava/lang/Object;I)Lcom/google/common/collect/MapMakerInternalMap$InternalEntry; @ 4 c2
Event: 182.365 Thread 0x0000016924f64000 DEOPT PACKING pc=0x000001690ff93900 sp=0x00000016611fac10
Event: 182.365 Thread 0x0000016924f64000 DEOPT UNPACKING pc=0x0000016907c178af sp=0x00000016611fa9f0 mode 2
Event: 182.372 Thread 0x0000016924f64000 Uncommon trap: trap_request=0xffffff4d fr.pc=0x000001690ff9262c relative=0x000000000000050c
Event: 182.372 Thread 0x0000016924f64000 Uncommon trap: reason=unstable_if action=reinterpret pc=0x000001690ff9262c method=com.google.common.collect.MapMakerInternalMap$Segment.getEntry(Ljava/lang/Object;I)Lcom/google/common/collect/MapMakerInternalMap$InternalEntry; @ 4 c2
Event: 182.372 Thread 0x0000016924f64000 DEOPT PACKING pc=0x000001690ff9262c sp=0x00000016611fab90
Event: 182.372 Thread 0x0000016924f64000 DEOPT UNPACKING pc=0x0000016907c178af sp=0x00000016611fa9e8 mode 2
Event: 182.382 Thread 0x0000016924f64000 Uncommon trap: trap_request=0xffffffde fr.pc=0x000001690fcde0bc relative=0x00000000000013bc
Event: 182.382 Thread 0x0000016924f64000 Uncommon trap: reason=class_check action=maybe_recompile pc=0x000001690fcde0bc method=org.gradle.cache.internal.LockOnDemandCrossProcessCacheAccess.incrementLockCount()V @ 97 c2
Event: 182.382 Thread 0x0000016924f64000 DEOPT PACKING pc=0x000001690fcde0bc sp=0x00000016611f7950
Event: 182.382 Thread 0x0000016924f64000 DEOPT UNPACKING pc=0x0000016907c178af sp=0x00000016611f7960 mode 2
Event: 182.774 Thread 0x0000016924f64000 Uncommon trap: trap_request=0xffffffde fr.pc=0x000001690fcd25e8 relative=0x0000000000000648
Event: 182.774 Thread 0x0000016924f64000 Uncommon trap: reason=class_check action=maybe_recompile pc=0x000001690fcd25e8 method=org.gradle.internal.snapshot.SnapshotHierarchy.getSnapshot(Ljava/lang/String;)Ljava/util/Optional; @ 2 c2
Event: 182.774 Thread 0x0000016924f64000 DEOPT PACKING pc=0x000001690fcd25e8 sp=0x00000016611fa690
Event: 182.774 Thread 0x0000016924f64000 DEOPT UNPACKING pc=0x0000016907c178af sp=0x00000016611fa648 mode 2
Event: 182.774 Thread 0x0000016924f64000 Uncommon trap: trap_request=0xffffffde fr.pc=0x000001690fcd25e8 relative=0x0000000000000648
Event: 182.774 Thread 0x0000016924f64000 Uncommon trap: reason=class_check action=maybe_recompile pc=0x000001690fcd25e8 method=org.gradle.internal.snapshot.SnapshotHierarchy.getSnapshot(Ljava/lang/String;)Ljava/util/Optional; @ 2 c2
Event: 182.774 Thread 0x0000016924f64000 DEOPT PACKING pc=0x000001690fcd25e8 sp=0x00000016611fa530
Event: 182.774 Thread 0x0000016924f64000 DEOPT UNPACKING pc=0x0000016907c178af sp=0x00000016611fa4e8 mode 2

Classes redefined (0 events):
No events

Internal exceptions (20 events):
Event: 42.661 Thread 0x0000016924f64000 Exception <a 'sun/nio/fs/WindowsException'{0x0000000089bac7c0}> (0x0000000089bac7c0) thrown at [./src/hotspot/share/prims/jni.cpp, line 615]
Event: 42.663 Thread 0x0000016924f64000 Exception <a 'sun/nio/fs/WindowsException'{0x0000000089bb3d38}> (0x0000000089bb3d38) thrown at [./src/hotspot/share/prims/jni.cpp, line 615]
Event: 42.664 Thread 0x0000016924f64000 Exception <a 'sun/nio/fs/WindowsException'{0x0000000089bbbc28}> (0x0000000089bbbc28) thrown at [./src/hotspot/share/prims/jni.cpp, line 615]
Event: 42.666 Thread 0x0000016924f64000 Exception <a 'sun/nio/fs/WindowsException'{0x0000000089886318}> (0x0000000089886318) thrown at [./src/hotspot/share/prims/jni.cpp, line 615]
Event: 42.667 Thread 0x0000016924f64000 Exception <a 'sun/nio/fs/WindowsException'{0x000000008988d798}> (0x000000008988d798) thrown at [./src/hotspot/share/prims/jni.cpp, line 615]
Event: 42.669 Thread 0x0000016924f64000 Exception <a 'sun/nio/fs/WindowsException'{0x00000000898945e0}> (0x00000000898945e0) thrown at [./src/hotspot/share/prims/jni.cpp, line 615]
Event: 42.671 Thread 0x0000016924f64000 Exception <a 'sun/nio/fs/WindowsException'{0x000000008989afa8}> (0x000000008989afa8) thrown at [./src/hotspot/share/prims/jni.cpp, line 615]
Event: 42.672 Thread 0x0000016924f64000 Exception <a 'sun/nio/fs/WindowsException'{0x00000000898a1be0}> (0x00000000898a1be0) thrown at [./src/hotspot/share/prims/jni.cpp, line 615]
Event: 42.674 Thread 0x0000016924f64000 Exception <a 'sun/nio/fs/WindowsException'{0x00000000898b1388}> (0x00000000898b1388) thrown at [./src/hotspot/share/prims/jni.cpp, line 615]
Event: 42.676 Thread 0x0000016924f64000 Exception <a 'sun/nio/fs/WindowsException'{0x00000000898bb0c0}> (0x00000000898bb0c0) thrown at [./src/hotspot/share/prims/jni.cpp, line 615]
Event: 42.722 Thread 0x0000016925184800 Exception <a 'java/lang/NoSuchMethodError'{0x00000000894e6960}: <clinit>> (0x00000000894e6960) thrown at [./src/hotspot/share/prims/jni.cpp, line 1362]
Event: 42.845 Thread 0x0000016925187800 Exception <a 'sun/nio/fs/WindowsException'{0x00000000891a1910}> (0x00000000891a1910) thrown at [./src/hotspot/share/prims/jni.cpp, line 615]
Event: 43.031 Thread 0x0000016924f61800 Implicit null exception at 0x000001690f878caf to 0x000001690f878da0
Event: 43.033 Thread 0x0000016924f66000 Exception <a 'java/lang/NoSuchMethodError'{0x000000008b8a5f50}: 'long java.lang.invoke.DirectMethodHandle$Holder.invokeStatic(java.lang.Object, java.lang.Object, java.lang.Object)'> (0x000000008b8a5f50) thrown at [./src/hotspot/share/interpreter/linkResolver.cpp, line 773]
Event: 43.649 Thread 0x0000016924f66000 Exception <a 'sun/nio/fs/WindowsException'{0x000000008a7acec0}> (0x000000008a7acec0) thrown at [./src/hotspot/share/prims/jni.cpp, line 615]
Event: 44.522 Thread 0x00000169202f5000 Exception <a 'java/lang/NoSuchMethodError'{0x00000000899a4cd8}: 'java.lang.Object java.lang.invoke.DirectMethodHandle$Holder.invokeSpecial(java.lang.Object, java.lang.Object, java.lang.Object, int, int, java.lang.Object, java.lang.Object)'> (0x00000000899a4cd8) thrown at [./src/hotspot/share/interpreter/linkResolver.cpp, line 773]
Event: 44.523 Thread 0x00000169202f5000 Exception <a 'java/lang/NoSuchMethodError'{0x00000000899ae7d0}: 'java.lang.Object java.lang.invoke.DirectMethodHandle$Holder.invokeStatic(java.lang.Object, java.lang.Object, java.lang.Object, int, int, java.lang.Object)'> (0x00000000899ae7d0) thrown at [./src/hotspot/share/interpreter/linkResolver.cpp, line 773]
Event: 44.524 Thread 0x00000169202f5000 Exception <a 'java/lang/NoSuchMethodError'{0x00000000899b2750}: 'java.lang.Object java.lang.invoke.DirectMethodHandle$Holder.invokeSpecial(java.lang.Object, java.lang.Object, java.lang.Object, java.lang.Object, int, int, java.lang.Object)'> (0x00000000899b2750) thrown at [./src/hotspot/share/interpreter/linkResolver.cpp, line 773]
Event: 44.524 Thread 0x00000169202f5000 Exception <a 'java/lang/NoSuchMethodError'{0x00000000899b5eb0}: 'java.lang.Object java.lang.invoke.Invokers$Holder.linkToTargetMethod(java.lang.Object, java.lang.Object, int, int, java.lang.Object, java.lang.Object)'> (0x00000000899b5eb0) thrown at [./src/hotspot/share/interpreter/linkResolver.cpp, line 773]
Event: 44.527 Thread 0x00000169202f5000 Implicit null exception at 0x000001690fd0932f to 0x000001690fd0937c

Events (20 events):
Event: 182.804 Thread 0x0000016929236000 Thread added: 0x0000016929236000
Event: 182.804 Thread 0x0000016929238000 Thread added: 0x0000016929238000
Event: 182.805 Thread 0x00000169268e9800 Thread added: 0x00000169268e9800
Event: 182.805 Thread 0x00000169268ea000 Thread added: 0x00000169268ea000
Event: 182.805 Thread 0x00000169268e8800 Thread added: 0x00000169268e8800
Event: 182.806 Thread 0x00000169268e7800 Thread added: 0x00000169268e7800
Event: 182.806 Thread 0x00000169268eb000 Thread added: 0x00000169268eb000
Event: 182.807 Thread 0x00000169268ec000 Thread added: 0x00000169268ec000
Event: 182.808 Thread 0x00000169268e6000 Thread added: 0x00000169268e6000
Event: 182.809 Thread 0x00000169268ec800 Thread added: 0x00000169268ec800
Event: 182.811 Thread 0x00000169268e7000 Thread added: 0x00000169268e7000
Event: 182.812 Thread 0x00000169268ed800 Thread added: 0x00000169268ed800
Event: 182.816 Thread 0x00000169268f0800 Thread added: 0x00000169268f0800
Event: 182.817 Thread 0x00000169268f3000 Thread added: 0x00000169268f3000
Event: 182.818 Thread 0x00000169268ee000 Thread added: 0x00000169268ee000
Event: 182.818 Thread 0x00000169268f4000 Thread added: 0x00000169268f4000
Event: 182.818 Thread 0x00000169268f1800 Thread added: 0x00000169268f1800
Event: 182.819 Thread 0x00000169268f5000 Thread added: 0x00000169268f5000
Event: 182.819 Thread 0x00000169268ef000 Thread added: 0x00000169268ef000
Event: 182.819 Thread 0x00000169268f2800 Thread added: 0x00000169268f2800


Dynamic libraries:
0x00007ff763630000 - 0x00007ff76363a000 	C:\Program Files\Android\Android Studio\jre\bin\java.exe
0x00007fff4ecb0000 - 0x00007fff4eea5000 	C:\WINDOWS\SYSTEM32\ntdll.dll
0x00007fff4e4f0000 - 0x00007fff4e5ae000 	C:\WINDOWS\System32\KERNEL32.DLL
0x00007fff4c8a0000 - 0x00007fff4cb68000 	C:\WINDOWS\System32\KERNELBASE.dll
0x00007fff4cb70000 - 0x00007fff4cc70000 	C:\WINDOWS\System32\ucrtbase.dll
0x00007fff49190000 - 0x00007fff491a7000 	C:\Program Files\Android\Android Studio\jre\bin\VCRUNTIME140.dll
0x00007fff47010000 - 0x00007fff47029000 	C:\Program Files\Android\Android Studio\jre\bin\jli.dll
0x00007fff4e330000 - 0x00007fff4e4d1000 	C:\WINDOWS\System32\USER32.dll
0x00007fff4cc70000 - 0x00007fff4cc92000 	C:\WINDOWS\System32\win32u.dll
0x00007fff4dcc0000 - 0x00007fff4dceb000 	C:\WINDOWS\System32\GDI32.dll
0x00007fff4c5d0000 - 0x00007fff4c6dd000 	C:\WINDOWS\System32\gdi32full.dll
0x00007fff413a0000 - 0x00007fff4163a000 	C:\WINDOWS\WinSxS\amd64_microsoft.windows.common-controls_6595b64144ccf1df_6.0.19041.1110_none_60b5254171f9507e\COMCTL32.dll
0x00007fff4c6e0000 - 0x00007fff4c77d000 	C:\WINDOWS\System32\msvcp_win.dll
0x00007fff4e670000 - 0x00007fff4e70e000 	C:\WINDOWS\System32\msvcrt.dll
0x00007fff4e7f0000 - 0x00007fff4e820000 	C:\WINDOWS\System32\IMM32.DLL
0x00007fff26f40000 - 0x00007fff26fdd000 	C:\Program Files\Android\Android Studio\jre\bin\msvcp140.dll
0x00007ffefdbf0000 - 0x00007ffefe6bf000 	C:\Program Files\Android\Android Studio\jre\bin\server\jvm.dll
0x00007fff4e5b0000 - 0x00007fff4e65e000 	C:\WINDOWS\System32\ADVAPI32.dll
0x00007fff4dcf0000 - 0x00007fff4dd8c000 	C:\WINDOWS\System32\sechost.dll
0x00007fff4d210000 - 0x00007fff4d335000 	C:\WINDOWS\System32\RPCRT4.dll
0x00007fff4d200000 - 0x00007fff4d208000 	C:\WINDOWS\System32\PSAPI.DLL
0x00007fff34600000 - 0x00007fff34609000 	C:\WINDOWS\SYSTEM32\WSOCK32.dll
0x00007fff41860000 - 0x00007fff41887000 	C:\WINDOWS\SYSTEM32\WINMM.dll
0x00007fff4ec00000 - 0x00007fff4ec6b000 	C:\WINDOWS\System32\WS2_32.dll
0x00007fff45400000 - 0x00007fff4540a000 	C:\WINDOWS\SYSTEM32\VERSION.dll
0x00007fff4a3f0000 - 0x00007fff4a402000 	C:\WINDOWS\SYSTEM32\kernel.appcore.dll
0x00007fff359f0000 - 0x00007fff35a01000 	C:\Program Files\Android\Android Studio\jre\bin\verify.dll
0x00007fff33980000 - 0x00007fff33b64000 	C:\WINDOWS\SYSTEM32\DBGHELP.DLL
0x00007fff33e10000 - 0x00007fff33e3c000 	C:\WINDOWS\SYSTEM32\dbgcore.DLL
0x00007fff4c810000 - 0x00007fff4c892000 	C:\WINDOWS\System32\bcryptPrimitives.dll
0x00007fff2b800000 - 0x00007fff2b829000 	C:\Program Files\Android\Android Studio\jre\bin\java.dll
0x00007fff491d0000 - 0x00007fff491db000 	C:\Program Files\Android\Android Studio\jre\bin\jimage.dll
0x00007fff34790000 - 0x00007fff347a8000 	C:\Program Files\Android\Android Studio\jre\bin\zip.dll
0x00007fff4d4a0000 - 0x00007fff4dbe4000 	C:\WINDOWS\System32\SHELL32.dll
0x00007fff4a490000 - 0x00007fff4ac25000 	C:\WINDOWS\SYSTEM32\windows.storage.dll
0x00007fff4ddf0000 - 0x00007fff4e145000 	C:\WINDOWS\System32\combase.dll
0x00007fff4be10000 - 0x00007fff4be3e000 	C:\WINDOWS\SYSTEM32\Wldp.dll
0x00007fff4e9d0000 - 0x00007fff4ea7d000 	C:\WINDOWS\System32\SHCORE.dll
0x00007fff4eba0000 - 0x00007fff4ebf5000 	C:\WINDOWS\System32\shlwapi.dll
0x00007fff4c300000 - 0x00007fff4c31f000 	C:\WINDOWS\SYSTEM32\profapi.dll
0x00007fff340d0000 - 0x00007fff340ea000 	C:\Program Files\Android\Android Studio\jre\bin\net.dll
0x00007fff39e50000 - 0x00007fff39f5c000 	C:\WINDOWS\SYSTEM32\WINHTTP.dll
0x00007fff4bb70000 - 0x00007fff4bbda000 	C:\WINDOWS\system32\mswsock.dll
0x00007fff33960000 - 0x00007fff33974000 	C:\Program Files\Android\Android Studio\jre\bin\nio.dll
0x00007fff33900000 - 0x00007fff33927000 	C:\Users\chieudepzaj\.gradle\native\fdc75f09e3144964f2cf3f50f0aa648679c211496f362492102eb8c894070792\windows-amd64\native-platform.dll
0x00007fff107f0000 - 0x00007fff10986000 	C:\Users\chieudepzaj\.gradle\native\12488b8bf47d2d4c9fbf2f6322a914ad602e24e48041cd04a747c6da556b65c4\windows-amd64\native-platform-file-events.dll
0x00007fff478f0000 - 0x00007fff478fa000 	C:\Program Files\Android\Android Studio\jre\bin\management.dll
0x00007fff47800000 - 0x00007fff4780c000 	C:\Program Files\Android\Android Studio\jre\bin\management_ext.dll
0x00007fff4bd60000 - 0x00007fff4bd78000 	C:\WINDOWS\SYSTEM32\CRYPTSP.dll
0x00007fff4b480000 - 0x00007fff4b4b4000 	C:\WINDOWS\system32\rsaenh.dll
0x00007fff4c7e0000 - 0x00007fff4c807000 	C:\WINDOWS\System32\bcrypt.dll
0x00007fff4c2c0000 - 0x00007fff4c2ee000 	C:\WINDOWS\SYSTEM32\USERENV.dll
0x00007fff4bd80000 - 0x00007fff4bd8c000 	C:\WINDOWS\SYSTEM32\CRYPTBASE.dll
0x00007fff4b810000 - 0x00007fff4b84b000 	C:\WINDOWS\SYSTEM32\IPHLPAPI.DLL
0x00007fff4e660000 - 0x00007fff4e668000 	C:\WINDOWS\System32\NSI.dll
0x00007fff45f30000 - 0x00007fff45f47000 	C:\WINDOWS\SYSTEM32\dhcpcsvc6.DLL
0x00007fff45f10000 - 0x00007fff45f2d000 	C:\WINDOWS\SYSTEM32\dhcpcsvc.DLL
0x00007fff4b860000 - 0x00007fff4b92b000 	C:\WINDOWS\SYSTEM32\DNSAPI.dll
0x00007fff45f50000 - 0x00007fff45f5b000 	C:\WINDOWS\SYSTEM32\WINNSI.DLL

dbghelp: loaded successfully - version: 4.0.5 - missing functions: none
symbol engine: initialized successfully - sym options: 0x614 - pdb path: .;C:\Program Files\Android\Android Studio\jre\bin;C:\WINDOWS\SYSTEM32;C:\WINDOWS\WinSxS\amd64_microsoft.windows.common-controls_6595b64144ccf1df_6.0.19041.1110_none_60b5254171f9507e;C:\Program Files\Android\Android Studio\jre\bin\server;C:\Users\chieudepzaj\.gradle\native\fdc75f09e3144964f2cf3f50f0aa648679c211496f362492102eb8c894070792\windows-amd64;C:\Users\chieudepzaj\.gradle\native\12488b8bf47d2d4c9fbf2f6322a914ad602e24e48041cd04a747c6da556b65c4\windows-amd64

VM Arguments:
jvm_args: --add-opens=java.base/java.util=ALL-UNNAMED --add-opens=java.base/java.lang=ALL-UNNAMED --add-opens=java.base/java.lang.invoke=ALL-UNNAMED --add-opens=java.prefs/java.util.prefs=ALL-UNNAMED -Xmx2048m -Dfile.encoding=windows-1252 -Duser.country=US -Duser.language=en -Duser.variant 
java_command: org.gradle.launcher.daemon.bootstrap.GradleDaemon 6.8
java_class_path (initial): C:\Users\chieudepzaj\.gradle\wrapper\dists\gradle-6.8-bin\1jblhjyydfkclfzx1agp92nyl\gradle-6.8\lib\gradle-launcher-6.8.jar
Launcher Type: SUN_STANDARD

[Global flags]
     intx CICompilerCount                          = 3                                         {product} {ergonomic}
     uint ConcGCThreads                            = 1                                         {product} {ergonomic}
     uint G1ConcRefinementThreads                  = 4                                         {product} {ergonomic}
   size_t G1HeapRegionSize                         = 1048576                                   {product} {ergonomic}
    uintx GCDrainStackTargetSize                   = 64                                        {product} {ergonomic}
   size_t InitialHeapSize                          = 134217728                                 {product} {ergonomic}
   size_t MarkStackSize                            = 4194304                                   {product} {ergonomic}
   size_t MaxHeapSize                              = 2147483648                                {product} {command line}
   size_t MaxNewSize                               = 1287651328                                {product} {ergonomic}
   size_t MinHeapDeltaBytes                        = 1048576                                   {product} {ergonomic}
    uintx NonNMethodCodeHeapSize                   = 5830732                                {pd product} {ergonomic}
    uintx NonProfiledCodeHeapSize                  = 122913754                              {pd product} {ergonomic}
    uintx ProfiledCodeHeapSize                     = 122913754                              {pd product} {ergonomic}
    uintx ReservedCodeCacheSize                    = 251658240                              {pd product} {ergonomic}
     bool SegmentedCodeCache                       = true                                      {product} {ergonomic}
     bool UseCompressedClassPointers               = true                                 {lp64_product} {ergonomic}
     bool UseCompressedOops                        = true                                 {lp64_product} {ergonomic}
     bool UseG1GC                                  = true                                      {product} {ergonomic}
     bool UseLargePagesIndividualAllocation        = false                                  {pd product} {ergonomic}

Logging:
Log output configuration:
 #0: stdout all=warning uptime,level,tags
 #1: stderr all=off uptime,level,tags

Environment Variables:
PATH=C:\Python39\Scripts\;C:\Python39\;C:\Program Files (x86)\Common Files\Oracle\Java\javapath;C:\windows\system32;C:\windows\;C:\Program Files\dotnet\;C:\Program Files (x86)\NVIDIA Corporation\PhysX\Common;C:\ProgramData\chocolatey\bin;C:\WINDOWS\system32;C:\WINDOWS;C:\WINDOWS\System32\Wbem;C:\WINDOWS\System32\WindowsPowerShell\v1.0\;C:\WINDOWS\System32\OpenSSH\;C:\Program Files\Git\cmd;C:\Program Files\nodejs;C:\Program Files\heroku\bin;C:\Users\chieudepzaj\AppData\Local\Programs\Microsoft VS Code\bin;C:\Users\chieudepzaj\AppData\Local\Microsoft\WindowsApps;C:\flutter\bin;
USERNAME=chieudepzaj
OS=Windows_NT
PROCESSOR_IDENTIFIER=Intel64 Family 6 Model 158 Stepping 9, GenuineIntel



---------------  S Y S T E M  ---------------

OS: Windows 10 , 64 bit Build 19041 (10.0.19041.1466)
OS uptime: 0 days 12:52 hours

CPU:total 4 (initial active 4) (4 cores per cpu, 1 threads per core) family 6 model 158 stepping 9 microcode 0xb4, cmov, cx8, fxsr, mmx, sse, sse2, sse3, ssse3, sse4.1, sse4.2, popcnt, avx, avx2, aes, clmul, erms, 3dnowpref, lzcnt, tsc, tscinvbit, bmi1, bmi2, adx, fma

Memory: 4k page, system-wide physical 8075M (1388M free)
TotalPageFile size 12171M (AvailPageFile size 3489M)
current process WorkingSet (physical memory assigned to process): 484M, peak: 506M
current process commit charge ("private bytes"): 514M, peak: 536M

vm_info: OpenJDK 64-Bit Server VM (11.0.10+0-b96-7249189) for windows-amd64 JRE (11.0.10+0-b96-7249189), built on Mar 31 2021 21:44:00 by "builder" with MS VC++ 14.0 (VS2015)

END.
