#
# A fatal error has been detected by the Java Runtime Environment:
#
#  EXCEPTION_ACCESS_VIOLATION (0xc0000005) at pc=0x00007ffefdc5a613, pid=1896, tid=11688
#
# JRE version: OpenJDK Runtime Environment (11.0.10) (build 11.0.10+0-b96-7249189)
# Java VM: OpenJDK 64-Bit Server VM (11.0.10+0-b96-7249189, mixed mode, tiered, compressed oops, g1 gc, windows-amd64)
# Problematic frame:
# V  [jvm.dll+0x6a613]
#
# No core dump will be written. Minidumps are not enabled by default on client versions of Windows
#
# If you would like to submit a bug report, please visit:
#   https://bugreport.java.com/bugreport/crash.jsp
#

---------------  S U M M A R Y ------------

Command Line: --add-opens=java.base/java.util=ALL-UNNAMED --add-opens=java.base/java.lang=ALL-UNNAMED --add-opens=java.base/java.lang.invoke=ALL-UNNAMED --add-opens=java.prefs/java.util.prefs=ALL-UNNAMED -Xmx2048m -Dfile.encoding=windows-1252 -Duser.country=US -Duser.language=en -Duser.variant org.gradle.launcher.daemon.bootstrap.GradleDaemon 6.8

Host: Intel(R) Core(TM) i5-7300HQ CPU @ 2.50GHz, 4 cores, 7G,  Windows 10 , 64 bit Build 19041 (10.0.19041.1466)
Time: Tue Jan 18 09:44:22 2022 SE Asia Standard Time elapsed time: 47.933113 seconds (0d 0h 0m 47s)

---------------  T H R E A D  ---------------

Current thread (0x000001d4e7fdd800):  JavaThread "C2 CompilerThread0" daemon [_thread_in_native, id=11688, stack(0x000000973ad00000,0x000000973ae00000)]


Current CompileTask:
C2:  47933 13850       4       org.gradle.internal.operations.DefaultBuildOperationAncestryTracker::findClosestExistingAncestor (44 bytes)

Stack: [0x000000973ad00000,0x000000973ae00000],  sp=0x000000973adfc160,  free space=1008k
Native frames: (J=compiled Java code, j=interpreted, Vv=VM code, C=native code)
V  [jvm.dll+0x6a613]
V  [jvm.dll+0x5f3f42]
V  [jvm.dll+0x5f269f]
V  [jvm.dll+0x1fb953]
V  [jvm.dll+0x1fa7f4]
V  [jvm.dll+0x18354c]
V  [jvm.dll+0x208ee7]
V  [jvm.dll+0x207731]
V  [jvm.dll+0x6eb1cf]
V  [jvm.dll+0x6e3d45]
V  [jvm.dll+0x5ebe96]
C  [ucrtbase.dll+0x21bb2]
C  [KERNEL32.DLL+0x17034]
C  [ntdll.dll+0x52651]


siginfo: EXCEPTION_ACCESS_VIOLATION (0xc0000005), reading address 0xffffffffffffffff


Register to memory mapping:

RIP=0x00007ffefdc5a613 jvm.dll
RAX=0x00007ffefddc3bb0 jvm.dll
RBX=0x0000000000000003 is an unknown value
RCX=0x00007ffefe359af8 jvm.dll
RDX=0x000000973adfc4d0 is pointing into the stack for thread: 0x000001d4e7fdd800
RSP=0x000000973adfc160 is pointing into the stack for thread: 0x000001d4e7fdd800
RBP=0x000001d4eb9757a8 points into unknown readable memory: 0x00007ffefe3893d0 | d0 93 38 fe fe 7f 00 00
RSI=0x000000973adff268 is pointing into the stack for thread: 0x000001d4e7fdd800
RDI=0x0000000000000002 is an unknown value
R8 =0x000001d4eb9757a8 points into unknown readable memory: 0x00007ffefe3893d0 | d0 93 38 fe fe 7f 00 00
R9 =0x0000000000000002 is an unknown value
R10=0x00007ffefe35aea8 jvm.dll
R11=0x000000973adfc170 is pointing into the stack for thread: 0x000001d4e7fdd800
R12=0x000000973adff268 is pointing into the stack for thread: 0x000001d4e7fdd800
R13=0x00000000000002bc is an unknown value
R14=0x000000973adfc4d0 is pointing into the stack for thread: 0x000001d4e7fdd800
R15=0x000001d4eb9757a8 points into unknown readable memory: 0x00007ffefe3893d0 | d0 93 38 fe fe 7f 00 00


Registers:
RAX=0x00007ffefddc3bb0, RBX=0x0000000000000003, RCX=0x00007ffefe359af8, RDX=0x000000973adfc4d0
RSP=0x000000973adfc160, RBP=0x000001d4eb9757a8, RSI=0x000000973adff268, RDI=0x0000000000000002
R8 =0x000001d4eb9757a8, R9 =0x0000000000000002, R10=0x00007ffefe35aea8, R11=0x000000973adfc170
R12=0x000000973adff268, R13=0x00000000000002bc, R14=0x000000973adfc4d0, R15=0x000001d4eb9757a8
RIP=0x00007ffefdc5a613, EFLAGS=0x0000000000010297

Top of Stack: (sp=0x000000973adfc160)
0x000000973adfc160:   0000002800000001 0000000000000000
0x000000973adfc170:   0000000000000000 000000973adfe9c0
0x000000973adfc180:   000000973adfe9c0 00007ffefe1e3f42
0x000000973adfc190:   0000000000000003 000000973adfc290
0x000000973adfc1a0:   000001d4ed7eadb0 0000000000000000
0x000000973adfc1b0:   000001d4f23c0210 000001d4f23c2170
0x000000973adfc1c0:   0000000800000003 000001b800000001
0x000000973adfc1d0:   000000973adfc430 000002bc00000012
0x000000973adfc1e0:   00000025ffffffff 000001d4ee147610
0x000000973adfc1f0:   00000000000000f3 000001d4ed7eadb0
0x000000973adfc200:   000002aa000002bc 0000000000000000
0x000000973adfc210:   000001d4ee147db0 000000973adfe9c0
0x000000973adfc220:   0000000000000000 0000009700000000
0x000000973adfc230:   000001d4ed7eadc0 0000000000000025
0x000000973adfc240:   000001d4e772c0b0 000001d4ee1479e0
0x000000973adfc250:   00007ffefe33f4b8 000000973adff2c0 

Instructions: (pc=0x00007ffefdc5a613)
0x00007ffefdc5a513:   f0 4c 8b 11 41 ff 52 68 49 8b 4d 58 41 b9 02 00
0x00007ffefdc5a523:   00 00 4d 8b c5 48 8b d3 8b e8 4c 8b 11 41 ff 52
0x00007ffefdc5a533:   70 49 8b 4d 58 8b f0 48 8b 11 ff 52 78 49 8b 4d
0x00007ffefdc5a543:   58 41 b9 02 00 00 00 4d 8b c5 48 8b d3 8b f8 4c
0x00007ffefdc5a553:   8b 11 41 ff 92 80 00 00 00 49 8b 4d 58 8b d8 48
0x00007ffefdc5a563:   8b 11 ff 92 88 00 00 00 89 44 24 30 44 8b ce 89
0x00007ffefdc5a573:   5c 24 28 44 8b c5 41 8b d6 89 7c 24 20 49 8b cf
0x00007ffefdc5a583:   e8 98 15 00 00 48 8b 5c 24 60 48 8b 6c 24 68 48
0x00007ffefdc5a593:   8b 74 24 70 48 8b 7c 24 78 48 83 c4 40 41 5f 41
0x00007ffefdc5a5a3:   5e 41 5d c3 cc cc cc cc cc cc cc cc cc 48 89 5c
0x00007ffefdc5a5b3:   24 08 48 89 6c 24 10 48 89 74 24 18 48 89 7c 24
0x00007ffefdc5a5c3:   20 41 56 48 83 ec 20 48 8b 42 68 48 8b e9 48 89
0x00007ffefdc5a5d3:   42 60 4d 8b f0 48 8b 49 50 48 8b f2 48 8b 01 ff
0x00007ffefdc5a5e3:   50 08 48 8b 4d 50 41 b9 01 00 00 00 4c 8b c5 49
0x00007ffefdc5a5f3:   8b d6 8d 78 01 48 8b 01 ff 50 20 48 8b 4d 58 44
0x00007ffefdc5a603:   8b cf 83 f8 08 4c 8b c5 49 8b d6 48 8b 01 7d 11
0x00007ffefdc5a613:   ff 50 20 83 f8 08 7c 21 48 8b 46 68 c6 00 41 eb
0x00007ffefdc5a623:   14 ff 50 20 83 f8 08 48 8b 46 68 7d 05 c6 00 44
0x00007ffefdc5a633:   eb 03 c6 00 45 48 ff 46 68 48 8b 46 68 44 8b cf
0x00007ffefdc5a643:   4c 8b c5 49 8b d6 c6 00 33 48 ff 46 68 48 8b 4d
0x00007ffefdc5a653:   58 48 8b 5d 50 48 8b 01 ff 50 20 4c 8b 13 41 b9
0x00007ffefdc5a663:   01 00 00 00 8b f8 4c 8b c5 49 8b d6 48 8b cb 83
0x00007ffefdc5a673:   e7 07 41 ff 52 20 48 8b 4e 68 0c f8 48 8b 5c 24
0x00007ffefdc5a683:   30 48 8b 6c 24 38 c0 e0 03 40 0a c7 48 8b 7c 24
0x00007ffefdc5a693:   48 88 01 48 ff 46 68 48 8b 74 24 40 48 83 c4 20
0x00007ffefdc5a6a3:   41 5e c3 cc cc cc cc cc cc cc cc cc cc 48 89 5c
0x00007ffefdc5a6b3:   24 08 48 89 74 24 10 57 48 83 ec 50 48 8b 42 68
0x00007ffefdc5a6c3:   48 8b f9 48 89 42 60 49 8b f0 48 8b 49 50 48 8b
0x00007ffefdc5a6d3:   da 48 8b 01 ff 50 08 48 8b d3 48 8d 4c 24 20 e8
0x00007ffefdc5a6e3:   d9 f7 05 00 48 8b 15 42 26 98 00 48 b9 00 00 00
0x00007ffefdc5a6f3:   04 03 00 00 00 48 8b c2 41 b9 01 00 00 00 48 c1
0x00007ffefdc5a703:   e8 20 4c 8b c7 f6 d0 24 01 88 44 24 38 48 8b c2 


Stack slot to memory mapping:
stack at sp + 0 slots: 0x0000002800000001 is an unknown value
stack at sp + 1 slots: 0x0 is NULL
stack at sp + 2 slots: 0x0 is NULL
stack at sp + 3 slots: 0x000000973adfe9c0 is pointing into the stack for thread: 0x000001d4e7fdd800
stack at sp + 4 slots: 0x000000973adfe9c0 is pointing into the stack for thread: 0x000001d4e7fdd800
stack at sp + 5 slots: 0x00007ffefe1e3f42 jvm.dll
stack at sp + 6 slots: 0x0000000000000003 is an unknown value
stack at sp + 7 slots: 0x000000973adfc290 is pointing into the stack for thread: 0x000001d4e7fdd800


---------------  P R O C E S S  ---------------

Threads class SMR info:
_java_thread_list=0x000001d4eb59dfb0, length=134, elements={
0x000001d4cd3ab800, 0x000001d4e7770000, 0x000001d4e776d000, 0x000001d4e7fd7000,
0x000001d4e7fd9000, 0x000001d4e7fda000, 0x000001d4e7fdd800, 0x000001d4e7fed000,
0x000001d4e7ff8800, 0x000001d4e8147000, 0x000001d4ea026800, 0x000001d4e9a4b800,
0x000001d4e8dd8000, 0x000001d4e9b06800, 0x000001d4ea817000, 0x000001d4ea905800,
0x000001d4ea908000, 0x000001d4ea907800, 0x000001d4eb5a1800, 0x000001d4eb5a8800,
0x000001d4eb5a2800, 0x000001d4eb5ae000, 0x000001d4eb5af000, 0x000001d4eb5af800,
0x000001d4eb5b0800, 0x000001d4ebf7d000, 0x000001d4ebf80800, 0x000001d4ebf7e000,
0x000001d4ebf7a800, 0x000001d4ebf7c000, 0x000001d4ebf7e800, 0x000001d4ebf7f800,
0x000001d4ebf81000, 0x000001d4ebf7b800, 0x000001d4ebf87000, 0x000001d4ebf85000,
0x000001d4ebf87800, 0x000001d4ebf84800, 0x000001d4ebf86000, 0x000001d4ebf82000,
0x000001d4ebf83800, 0x000001d4ebf88800, 0x000001d4ebf82800, 0x000001d4ebf89000,
0x000001d4ee9b0000, 0x000001d4ee9b1800, 0x000001d4ee9af000, 0x000001d4ee9b3000,
0x000001d4ee9b4000, 0x000001d4ee9b0800, 0x000001d4ee9b2800, 0x000001d4ee9ae800,
0x000001d4ee9b9800, 0x000001d4ee9b5000, 0x000001d4ee9b7800, 0x000001d4ee9ba800,
0x000001d4ee9bb800, 0x000001d4ee9b8000, 0x000001d4ee9b5800, 0x000001d4ee9bc000,
0x000001d4ee9b9000, 0x000001d4ee9b6800, 0x000001d4ee9bd000, 0x000001d4eb801800,
0x000001d4eb803000, 0x000001d4eb800000, 0x000001d4eb804000, 0x000001d4eb804800,
0x000001d4eb800800, 0x000001d4eb802800, 0x000001d4eb7ff000, 0x000001d4eb806800,
0x000001d4eb807000, 0x000001d4eb809000, 0x000001d4eb80b800, 0x000001d4eb808000,
0x000001d4eb809800, 0x000001d4eb80a800, 0x000001d4eb805800, 0x000001d4eb80c000,
0x000001d4eb80d000, 0x000001d4eb80d800, 0x000001d4eda4e800, 0x000001d4eda4f000,
0x000001d4eda4c800, 0x000001d4eda50000, 0x000001d4eda51800, 0x000001d4eda4d800,
0x000001d4eda56800, 0x000001d4eda51000, 0x000001d4eda57800, 0x000001d4eda55800,
0x000001d4eda58000, 0x000001d4eda52800, 0x000001d4eda59000, 0x000001d4eda53800,
0x000001d4eda55000, 0x000001d4eda5a000, 0x000001d4eda54000, 0x000001d4eda5a800,
0x000001d4eda5b800, 0x000001d4eb32f000, 0x000001d4eb335000, 0x000001d4eb331800,
0x000001d4eb334000, 0x000001d4eb332800, 0x000001d4eb333800, 0x000001d4eb335800,
0x000001d4eb331000, 0x000001d4eb330000, 0x000001d4eb337800, 0x000001d4eb336800,
0x000001d4eb339000, 0x000001d4eb33b800, 0x000001d4eb338000, 0x000001d4eee50000,
0x000001d4eee4c000, 0x000001d4eee4e800, 0x000001d4eee52000, 0x000001d4eee4f800,
0x000001d4eee51000, 0x000001d4eee4b800, 0x000001d4eee52800, 0x000001d4eee4d000,
0x000001d4eee57800, 0x000001d4eee54800, 0x000001d4eee57000, 0x000001d4eee58800,
0x000001d4eee59000, 0x000001d4eee53800, 0x000001d4eee55000, 0x000001d4eee5a000,
0x000001d4eee56000, 0x000001d4ea909000
}

Java Threads: ( => current thread )
  0x000001d4cd3ab800 JavaThread "main" [_thread_blocked, id=1872, stack(0x000000973a100000,0x000000973a200000)]
  0x000001d4e7770000 JavaThread "Reference Handler" daemon [_thread_blocked, id=1296, stack(0x000000973a800000,0x000000973a900000)]
  0x000001d4e776d000 JavaThread "Finalizer" daemon [_thread_blocked, id=8500, stack(0x000000973a900000,0x000000973aa00000)]
  0x000001d4e7fd7000 JavaThread "Signal Dispatcher" daemon [_thread_blocked, id=6032, stack(0x000000973aa00000,0x000000973ab00000)]
  0x000001d4e7fd9000 JavaThread "Attach Listener" daemon [_thread_blocked, id=13136, stack(0x000000973ab00000,0x000000973ac00000)]
  0x000001d4e7fda000 JavaThread "Service Thread" daemon [_thread_blocked, id=2260, stack(0x000000973ac00000,0x000000973ad00000)]
=>0x000001d4e7fdd800 JavaThread "C2 CompilerThread0" daemon [_thread_in_native, id=11688, stack(0x000000973ad00000,0x000000973ae00000)]
  0x000001d4e7fed000 JavaThread "C1 CompilerThread0" daemon [_thread_blocked, id=12620, stack(0x000000973ae00000,0x000000973af00000)]
  0x000001d4e7ff8800 JavaThread "Sweeper thread" daemon [_thread_blocked, id=7840, stack(0x000000973af00000,0x000000973b000000)]
  0x000001d4e8147000 JavaThread "Common-Cleaner" daemon [_thread_blocked, id=9284, stack(0x000000973b000000,0x000000973b100000)]
  0x000001d4ea026800 JavaThread "Daemon health stats" [_thread_blocked, id=11716, stack(0x000000973b500000,0x000000973b600000)]
  0x000001d4e9a4b800 JavaThread "Incoming local TCP Connector on port 58708" [_thread_in_native, id=13308, stack(0x000000973b700000,0x000000973b800000)]
  0x000001d4e8dd8000 JavaThread "Daemon periodic checks" [_thread_blocked, id=7732, stack(0x000000973b800000,0x000000973b900000)]
  0x000001d4e9b06800 JavaThread "Daemon" [_thread_blocked, id=11272, stack(0x000000973b900000,0x000000973ba00000)]
  0x000001d4ea817000 JavaThread "Daemon worker" [_thread_in_vm, id=11432, stack(0x000000973bc00000,0x000000973bd00000)]
  0x000001d4ea905800 JavaThread "Cache worker for file hash cache (C:\Users\chieudepzaj\.gradle\caches\6.8\fileHashes)" [_thread_blocked, id=8456, stack(0x000000973c100000,0x000000973c200000)]
  0x000001d4ea908000 JavaThread "File lock request listener" [_thread_in_native, id=1088, stack(0x000000973c200000,0x000000973c300000)]
  0x000001d4ea907800 JavaThread "Cache worker for journal cache (C:\Users\chieudepzaj\.gradle\caches\journal-1)" [_thread_blocked, id=7380, stack(0x000000973c300000,0x000000973c400000)]
  0x000001d4eb5a1800 JavaThread "Cache worker for execution history cache (C:\Users\chieudepzaj\.gradle\caches\6.8\executionHistory)" [_thread_blocked, id=6468, stack(0x000000973c900000,0x000000973ca00000)]
  0x000001d4eb5a8800 JavaThread "jar transforms" [_thread_blocked, id=10452, stack(0x000000973ca00000,0x000000973cb00000)]
  0x000001d4eb5a2800 JavaThread "Cache worker for file content cache (C:\Users\chieudepzaj\.gradle\caches\6.8\fileContent)" [_thread_blocked, id=424, stack(0x000000973cb00000,0x000000973cc00000)]
  0x000001d4eb5ae000 JavaThread "jar transforms Thread 2" [_thread_blocked, id=12368, stack(0x000000973d100000,0x000000973d200000)]
  0x000001d4eb5af000 JavaThread "jar transforms Thread 3" [_thread_blocked, id=10672, stack(0x000000973d200000,0x000000973d300000)]
  0x000001d4eb5af800 JavaThread "jar transforms Thread 4" [_thread_blocked, id=12096, stack(0x000000973d300000,0x000000973d400000)]
  0x000001d4eb5b0800 JavaThread "jar transforms Thread 5" [_thread_blocked, id=4504, stack(0x000000973d400000,0x000000973d500000)]
  0x000001d4ebf7d000 JavaThread "jar transforms Thread 6" [_thread_blocked, id=2960, stack(0x000000973d500000,0x000000973d600000)]
  0x000001d4ebf80800 JavaThread "jar transforms Thread 7" [_thread_blocked, id=1728, stack(0x000000973d600000,0x000000973d700000)]
  0x000001d4ebf7e000 JavaThread "jar transforms Thread 8" [_thread_blocked, id=11848, stack(0x000000973d700000,0x000000973d800000)]
  0x000001d4ebf7a800 JavaThread "jar transforms Thread 9" [_thread_blocked, id=2696, stack(0x000000973d800000,0x000000973d900000)]
  0x000001d4ebf7c000 JavaThread "jar transforms Thread 10" [_thread_blocked, id=13280, stack(0x000000973d900000,0x000000973da00000)]
  0x000001d4ebf7e800 JavaThread "jar transforms Thread 11" [_thread_blocked, id=2112, stack(0x000000973da00000,0x000000973db00000)]
  0x000001d4ebf7f800 JavaThread "jar transforms Thread 12" [_thread_blocked, id=4216, stack(0x000000973db00000,0x000000973dc00000)]
  0x000001d4ebf81000 JavaThread "jar transforms Thread 13" [_thread_blocked, id=10704, stack(0x000000973dc00000,0x000000973dd00000)]
  0x000001d4ebf7b800 JavaThread "jar transforms Thread 14" [_thread_blocked, id=9976, stack(0x000000973dd00000,0x000000973de00000)]
  0x000001d4ebf87000 JavaThread "jar transforms Thread 15" [_thread_blocked, id=12828, stack(0x000000973de00000,0x000000973df00000)]
  0x000001d4ebf85000 JavaThread "jar transforms Thread 16" [_thread_blocked, id=868, stack(0x000000973df00000,0x000000973e000000)]
  0x000001d4ebf87800 JavaThread "jar transforms Thread 17" [_thread_blocked, id=4784, stack(0x000000973e000000,0x000000973e100000)]
  0x000001d4ebf84800 JavaThread "jar transforms Thread 18" [_thread_blocked, id=12268, stack(0x000000973e100000,0x000000973e200000)]
  0x000001d4ebf86000 JavaThread "jar transforms Thread 19" [_thread_blocked, id=7164, stack(0x000000973e200000,0x000000973e300000)]
  0x000001d4ebf82000 JavaThread "jar transforms Thread 20" [_thread_blocked, id=9648, stack(0x000000973e300000,0x000000973e400000)]
  0x000001d4ebf83800 JavaThread "jar transforms Thread 21" [_thread_blocked, id=4316, stack(0x000000973e400000,0x000000973e500000)]
  0x000001d4ebf88800 JavaThread "jar transforms Thread 22" [_thread_blocked, id=1824, stack(0x000000973e500000,0x000000973e600000)]
  0x000001d4ebf82800 JavaThread "jar transforms Thread 23" [_thread_blocked, id=12976, stack(0x000000973e600000,0x000000973e700000)]
  0x000001d4ebf89000 JavaThread "jar transforms Thread 24" [_thread_blocked, id=11376, stack(0x000000973e700000,0x000000973e800000)]
  0x000001d4ee9b0000 JavaThread "jar transforms Thread 25" [_thread_blocked, id=6156, stack(0x000000973e800000,0x000000973e900000)]
  0x000001d4ee9b1800 JavaThread "jar transforms Thread 26" [_thread_blocked, id=1928, stack(0x000000973e900000,0x000000973ea00000)]
  0x000001d4ee9af000 JavaThread "jar transforms Thread 27" [_thread_blocked, id=8200, stack(0x000000973ea00000,0x000000973eb00000)]
  0x000001d4ee9b3000 JavaThread "jar transforms Thread 28" [_thread_blocked, id=10492, stack(0x000000973eb00000,0x000000973ec00000)]
  0x000001d4ee9b4000 JavaThread "jar transforms Thread 29" [_thread_blocked, id=8432, stack(0x000000973ec00000,0x000000973ed00000)]
  0x000001d4ee9b0800 JavaThread "jar transforms Thread 30" [_thread_blocked, id=11952, stack(0x000000973ed00000,0x000000973ee00000)]
  0x000001d4ee9b2800 JavaThread "jar transforms Thread 31" [_thread_blocked, id=12952, stack(0x000000973ee00000,0x000000973ef00000)]
  0x000001d4ee9ae800 JavaThread "jar transforms Thread 32" [_thread_blocked, id=7240, stack(0x000000973ef00000,0x000000973f000000)]
  0x000001d4ee9b9800 JavaThread "jar transforms Thread 33" [_thread_blocked, id=12824, stack(0x000000973f000000,0x000000973f100000)]
  0x000001d4ee9b5000 JavaThread "jar transforms Thread 34" [_thread_blocked, id=7628, stack(0x000000973f100000,0x000000973f200000)]
  0x000001d4ee9b7800 JavaThread "jar transforms Thread 35" [_thread_blocked, id=8460, stack(0x000000973f200000,0x000000973f300000)]
  0x000001d4ee9ba800 JavaThread "jar transforms Thread 36" [_thread_blocked, id=1436, stack(0x000000973f300000,0x000000973f400000)]
  0x000001d4ee9bb800 JavaThread "jar transforms Thread 37" [_thread_blocked, id=7604, stack(0x000000973f400000,0x000000973f500000)]
  0x000001d4ee9b8000 JavaThread "jar transforms Thread 38" [_thread_blocked, id=8568, stack(0x000000973f500000,0x000000973f600000)]
  0x000001d4ee9b5800 JavaThread "jar transforms Thread 39" [_thread_blocked, id=12392, stack(0x000000973f600000,0x000000973f700000)]
  0x000001d4ee9bc000 JavaThread "jar transforms Thread 40" [_thread_blocked, id=4372, stack(0x000000973f700000,0x000000973f800000)]
  0x000001d4ee9b9000 JavaThread "jar transforms Thread 41" [_thread_blocked, id=2812, stack(0x000000973f800000,0x000000973f900000)]
  0x000001d4ee9b6800 JavaThread "jar transforms Thread 42" [_thread_blocked, id=11548, stack(0x000000973f900000,0x000000973fa00000)]
  0x000001d4ee9bd000 JavaThread "jar transforms Thread 43" [_thread_blocked, id=12164, stack(0x000000973fa00000,0x000000973fb00000)]
  0x000001d4eb801800 JavaThread "jar transforms Thread 44" [_thread_blocked, id=2888, stack(0x000000973fb00000,0x000000973fc00000)]
  0x000001d4eb803000 JavaThread "jar transforms Thread 45" [_thread_blocked, id=10024, stack(0x000000973fc00000,0x000000973fd00000)]
  0x000001d4eb800000 JavaThread "jar transforms Thread 46" [_thread_blocked, id=3644, stack(0x000000973fd00000,0x000000973fe00000)]
  0x000001d4eb804000 JavaThread "jar transforms Thread 47" [_thread_blocked, id=9232, stack(0x000000973fe00000,0x000000973ff00000)]
  0x000001d4eb804800 JavaThread "jar transforms Thread 48" [_thread_blocked, id=13024, stack(0x000000973ff00000,0x0000009740000000)]
  0x000001d4eb800800 JavaThread "jar transforms Thread 49" [_thread_blocked, id=8840, stack(0x0000009740000000,0x0000009740100000)]
  0x000001d4eb802800 JavaThread "jar transforms Thread 50" [_thread_blocked, id=7608, stack(0x0000009740100000,0x0000009740200000)]
  0x000001d4eb7ff000 JavaThread "jar transforms Thread 51" [_thread_blocked, id=2172, stack(0x0000009740200000,0x0000009740300000)]
  0x000001d4eb806800 JavaThread "jar transforms Thread 52" [_thread_blocked, id=11724, stack(0x0000009740300000,0x0000009740400000)]
  0x000001d4eb807000 JavaThread "jar transforms Thread 53" [_thread_blocked, id=10676, stack(0x0000009740400000,0x0000009740500000)]
  0x000001d4eb809000 JavaThread "jar transforms Thread 54" [_thread_blocked, id=9864, stack(0x0000009740500000,0x0000009740600000)]
  0x000001d4eb80b800 JavaThread "jar transforms Thread 55" [_thread_blocked, id=13092, stack(0x0000009740600000,0x0000009740700000)]
  0x000001d4eb808000 JavaThread "jar transforms Thread 56" [_thread_blocked, id=10344, stack(0x0000009740700000,0x0000009740800000)]
  0x000001d4eb809800 JavaThread "jar transforms Thread 57" [_thread_blocked, id=9456, stack(0x0000009740800000,0x0000009740900000)]
  0x000001d4eb80a800 JavaThread "jar transforms Thread 58" [_thread_blocked, id=11612, stack(0x0000009740900000,0x0000009740a00000)]
  0x000001d4eb805800 JavaThread "jar transforms Thread 59" [_thread_blocked, id=10976, stack(0x0000009740a00000,0x0000009740b00000)]
  0x000001d4eb80c000 JavaThread "jar transforms Thread 60" [_thread_blocked, id=10228, stack(0x0000009740b00000,0x0000009740c00000)]
  0x000001d4eb80d000 JavaThread "jar transforms Thread 61" [_thread_blocked, id=8484, stack(0x0000009740c00000,0x0000009740d00000)]
  0x000001d4eb80d800 JavaThread "jar transforms Thread 62" [_thread_blocked, id=11828, stack(0x0000009740d00000,0x0000009740e00000)]
  0x000001d4eda4e800 JavaThread "jar transforms Thread 63" [_thread_blocked, id=5908, stack(0x0000009740e00000,0x0000009740f00000)]
  0x000001d4eda4f000 JavaThread "jar transforms Thread 64" [_thread_blocked, id=13088, stack(0x0000009740f00000,0x0000009741000000)]
  0x000001d4eda4c800 JavaThread "jar transforms Thread 65" [_thread_blocked, id=1356, stack(0x0000009741000000,0x0000009741100000)]
  0x000001d4eda50000 JavaThread "jar transforms Thread 66" [_thread_blocked, id=1552, stack(0x0000009741100000,0x0000009741200000)]
  0x000001d4eda51800 JavaThread "jar transforms Thread 67" [_thread_blocked, id=5792, stack(0x0000009741200000,0x0000009741300000)]
  0x000001d4eda4d800 JavaThread "jar transforms Thread 68" [_thread_blocked, id=11556, stack(0x0000009741300000,0x0000009741400000)]
  0x000001d4eda56800 JavaThread "jar transforms Thread 69" [_thread_blocked, id=10012, stack(0x0000009741400000,0x0000009741500000)]
  0x000001d4eda51000 JavaThread "jar transforms Thread 70" [_thread_blocked, id=2820, stack(0x0000009741500000,0x0000009741600000)]
  0x000001d4eda57800 JavaThread "jar transforms Thread 71" [_thread_blocked, id=3212, stack(0x0000009741600000,0x0000009741700000)]
  0x000001d4eda55800 JavaThread "jar transforms Thread 72" [_thread_blocked, id=12656, stack(0x0000009741700000,0x0000009741800000)]
  0x000001d4eda58000 JavaThread "jar transforms Thread 73" [_thread_blocked, id=2256, stack(0x0000009741800000,0x0000009741900000)]
  0x000001d4eda52800 JavaThread "jar transforms Thread 74" [_thread_blocked, id=6856, stack(0x0000009741900000,0x0000009741a00000)]
  0x000001d4eda59000 JavaThread "jar transforms Thread 75" [_thread_blocked, id=10824, stack(0x0000009741a00000,0x0000009741b00000)]
  0x000001d4eda53800 JavaThread "jar transforms Thread 76" [_thread_blocked, id=6956, stack(0x0000009741b00000,0x0000009741c00000)]
  0x000001d4eda55000 JavaThread "jar transforms Thread 77" [_thread_blocked, id=13260, stack(0x0000009741c00000,0x0000009741d00000)]
  0x000001d4eda5a000 JavaThread "jar transforms Thread 78" [_thread_blocked, id=10884, stack(0x0000009741d00000,0x0000009741e00000)]
  0x000001d4eda54000 JavaThread "jar transforms Thread 79" [_thread_blocked, id=3648, stack(0x0000009741e00000,0x0000009741f00000)]
  0x000001d4eda5a800 JavaThread "jar transforms Thread 80" [_thread_blocked, id=8292, stack(0x0000009741f00000,0x0000009742000000)]
  0x000001d4eda5b800 JavaThread "jar transforms Thread 81" [_thread_blocked, id=596, stack(0x0000009742000000,0x0000009742100000)]
  0x000001d4eb32f000 JavaThread "jar transforms Thread 82" [_thread_blocked, id=1576, stack(0x0000009742100000,0x0000009742200000)]
  0x000001d4eb335000 JavaThread "jar transforms Thread 83" [_thread_blocked, id=4744, stack(0x0000009742200000,0x0000009742300000)]
  0x000001d4eb331800 JavaThread "jar transforms Thread 84" [_thread_blocked, id=6952, stack(0x0000009742300000,0x0000009742400000)]
  0x000001d4eb334000 JavaThread "jar transforms Thread 85" [_thread_blocked, id=10404, stack(0x0000009742400000,0x0000009742500000)]
  0x000001d4eb332800 JavaThread "jar transforms Thread 86" [_thread_blocked, id=12524, stack(0x0000009742500000,0x0000009742600000)]
  0x000001d4eb333800 JavaThread "jar transforms Thread 87" [_thread_blocked, id=10944, stack(0x0000009742600000,0x0000009742700000)]
  0x000001d4eb335800 JavaThread "jar transforms Thread 88" [_thread_blocked, id=9520, stack(0x0000009742700000,0x0000009742800000)]
  0x000001d4eb331000 JavaThread "jar transforms Thread 89" [_thread_blocked, id=5476, stack(0x0000009742800000,0x0000009742900000)]
  0x000001d4eb330000 JavaThread "jar transforms Thread 90" [_thread_blocked, id=10440, stack(0x0000009742900000,0x0000009742a00000)]
  0x000001d4eb337800 JavaThread "jar transforms Thread 91" [_thread_blocked, id=2240, stack(0x0000009742a00000,0x0000009742b00000)]
  0x000001d4eb336800 JavaThread "jar transforms Thread 92" [_thread_blocked, id=12400, stack(0x0000009742b00000,0x0000009742c00000)]
  0x000001d4eb339000 JavaThread "jar transforms Thread 93" [_thread_blocked, id=10636, stack(0x0000009742c00000,0x0000009742d00000)]
  0x000001d4eb33b800 JavaThread "jar transforms Thread 94" [_thread_blocked, id=10956, stack(0x0000009742d00000,0x0000009742e00000)]
  0x000001d4eb338000 JavaThread "Memory manager" [_thread_blocked, id=11980, stack(0x0000009742e00000,0x0000009742f00000)]
  0x000001d4eee50000 JavaThread "Cache worker for Java compile cache (C:\Users\chieudepzaj\.gradle\caches\6.8\javaCompile)" [_thread_blocked, id=8352, stack(0x0000009743300000,0x0000009743400000)]
  0x000001d4eee4c000 JavaThread "ForkJoinPool.commonPool-worker-3" daemon [_thread_blocked, id=9728, stack(0x0000009743500000,0x0000009743600000)]
  0x000001d4eee4e800 JavaThread "ForkJoinPool.commonPool-worker-5" daemon [_thread_blocked, id=6060, stack(0x0000009743600000,0x0000009743700000)]
  0x000001d4eee52000 JavaThread "ForkJoinPool.commonPool-worker-7" daemon [_thread_blocked, id=13180, stack(0x0000009743b00000,0x0000009743c00000)]
  0x000001d4eee4f800 JavaThread "Handler for socket connection from /127.0.0.1:58708 to /127.0.0.1:58730" [_thread_in_native, id=7676, stack(0x000000973ba00000,0x000000973bb00000)]
  0x000001d4eee51000 JavaThread "Cancel handler" [_thread_blocked, id=9920, stack(0x000000973bb00000,0x000000973bc00000)]
  0x000001d4eee4b800 JavaThread "Asynchronous log dispatcher for DefaultDaemonConnection: socket connection from /127.0.0.1:58708 to /127.0.0.1:58730" [_thread_blocked, id=5892, stack(0x000000973bd00000,0x000000973be00000)]
  0x000001d4eee52800 JavaThread "Stdin handler" [_thread_blocked, id=9368, stack(0x000000973be00000,0x000000973bf00000)]
  0x000001d4eee4d000 JavaThread "Daemon client event forwarder" [_thread_blocked, id=10428, stack(0x000000973bf00000,0x000000973c000000)]
  0x000001d4eee57800 JavaThread "Cache worker for file hash cache (C:\Users\chieudepzaj\Videos\App_quanlydoan\ShopeeFood\.gradle\6.8\fileHashes)" [_thread_blocked, id=7124, stack(0x000000973c400000,0x000000973c500000)]
  0x000001d4eee54800 JavaThread "Cache worker for checksums cache (C:\Users\chieudepzaj\Videos\App_quanlydoan\ShopeeFood\.gradle\checksums)" [_thread_blocked, id=12028, stack(0x000000973c500000,0x000000973c600000)]
  0x000001d4eee57000 JavaThread "Cache worker for cache directory md-supplier (C:\Users\chieudepzaj\.gradle\caches\6.8\md-supplier)" [_thread_blocked, id=7896, stack(0x000000973c600000,0x000000973c700000)]
  0x000001d4eee58800 JavaThread "Cache worker for cache directory md-rule (C:\Users\chieudepzaj\.gradle\caches\6.8\md-rule)" [_thread_blocked, id=10136, stack(0x000000973c700000,0x000000973c800000)]
  0x000001d4eee59000 JavaThread "Cache worker for Build Output Cleanup Cache (C:\Users\chieudepzaj\Videos\App_quanlydoan\ShopeeFood\.gradle\buildOutputCleanup)" [_thread_blocked, id=4496, stack(0x000000973c800000,0x000000973c900000)]
  0x000001d4eee53800 JavaThread "C2 CompilerThread1" daemon [_thread_in_native, id=5404, stack(0x000000973cc00000,0x000000973cd00000)]
  0x000001d4eee55000 JavaThread "Build operations" [_thread_blocked, id=11996, stack(0x000000973cd00000,0x000000973ce00000)]
  0x000001d4eee5a000 JavaThread "Build operations Thread 2" [_thread_blocked, id=1736, stack(0x000000973ce00000,0x000000973cf00000)]
  0x000001d4eee56000 JavaThread "Build operations Thread 3" [_thread_blocked, id=9972, stack(0x000000973cf00000,0x000000973d000000)]
  0x000001d4ea909000 JavaThread "Build operations Thread 4" [_thread_blocked, id=11128, stack(0x000000973d000000,0x000000973d100000)]

Other Threads:
  0x000001d4e7f86800 VMThread "VM Thread" [stack: 0x000000973a700000,0x000000973a800000] [id=10180]
  0x000001d4e817b800 WatcherThread [stack: 0x000000973b100000,0x000000973b200000] [id=12616]
  0x000001d4cd3c4800 GCTaskThread "GC Thread#0" [stack: 0x000000973a200000,0x000000973a300000] [id=13300]
  0x000001d4e879f000 GCTaskThread "GC Thread#1" [stack: 0x000000973b300000,0x000000973b400000] [id=6344]
  0x000001d4e88ed800 GCTaskThread "GC Thread#2" [stack: 0x000000973b400000,0x000000973b500000] [id=2940]
  0x000001d4ea862000 GCTaskThread "GC Thread#3" [stack: 0x000000973c000000,0x000000973c100000] [id=216]
  0x000001d4cd3f5800 ConcurrentGCThread "G1 Main Marker" [stack: 0x000000973a300000,0x000000973a400000] [id=6356]
  0x000001d4cd3f6800 ConcurrentGCThread "G1 Conc#0" [stack: 0x000000973a400000,0x000000973a500000] [id=8368]
  0x000001d4e75b0800 ConcurrentGCThread "G1 Refine#0" [stack: 0x000000973a500000,0x000000973a600000] [id=10852]
  0x000001d4e75b1800 ConcurrentGCThread "G1 Young RemSet Sampling" [stack: 0x000000973a600000,0x000000973a700000] [id=4480]

Threads with active compile tasks:
C2 CompilerThread0  47999 13850       4       org.gradle.internal.operations.DefaultBuildOperationAncestryTracker::findClosestExistingAncestor (44 bytes)
C2 CompilerThread1  47999 13854   !   4       org.gradle.internal.instantiation.generator.AsmBackedClassGenerator$InvokeConstructorStrategy::newInstance (66 bytes)

VM state:not at safepoint (normal execution)

VM Mutex/Monitor currently owned by a thread: None

Heap address: 0x0000000080000000, size: 2048 MB, Compressed Oops mode: 32-bit
Narrow klass base: 0x0000000000000000, Narrow klass shift: 3
Compressed class space size: 1073741824 Address: 0x0000000100000000

Heap:
 garbage-first heap   total 189440K, used 147666K [0x0000000080000000, 0x0000000100000000)
  region size 1024K, 46 young (47104K), 4 survivors (4096K)
 Metaspace       used 104511K, capacity 107155K, committed 107428K, reserved 1142784K
  class space    used 13359K, capacity 14345K, committed 14464K, reserved 1048576K
Heap Regions: E=young(eden), S=young(survivor), O=old, HS=humongous(starts), HC=humongous(continues), CS=collection set, F=free, A=archive, TAMS=top-at-mark-start (previous, next)
|   0|0x0000000080000000, 0x0000000080100000, 0x0000000080100000|100%| O|  |TAMS 0x0000000080100000, 0x0000000080000000| Untracked 
|   1|0x0000000080100000, 0x0000000080200000, 0x0000000080200000|100%| O|  |TAMS 0x0000000080200000, 0x0000000080100000| Complete 
|   2|0x0000000080200000, 0x0000000080300000, 0x0000000080300000|100%| O|  |TAMS 0x0000000080300000, 0x0000000080200000| Untracked 
|   3|0x0000000080300000, 0x0000000080400000, 0x0000000080400000|100%|HS|  |TAMS 0x0000000080400000, 0x0000000080300000| Complete 
|   4|0x0000000080400000, 0x0000000080500000, 0x0000000080500000|100%|HC|  |TAMS 0x0000000080500000, 0x0000000080400000| Complete 
|   5|0x0000000080500000, 0x0000000080600000, 0x0000000080600000|100%|HC|  |TAMS 0x0000000080600000, 0x0000000080500000| Complete 
|   6|0x0000000080600000, 0x0000000080700000, 0x0000000080700000|100%| O|  |TAMS 0x0000000080700000, 0x0000000080600000| Untracked 
|   7|0x0000000080700000, 0x0000000080800000, 0x0000000080800000|100%| O|  |TAMS 0x0000000080800000, 0x0000000080700000| Untracked 
|   8|0x0000000080800000, 0x0000000080900000, 0x0000000080900000|100%| O|  |TAMS 0x0000000080900000, 0x0000000080800000| Untracked 
|   9|0x0000000080900000, 0x0000000080a00000, 0x0000000080a00000|100%| O|  |TAMS 0x0000000080a00000, 0x0000000080900000| Untracked 
|  10|0x0000000080a00000, 0x0000000080b00000, 0x0000000080b00000|100%| O|  |TAMS 0x0000000080b00000, 0x0000000080a00000| Untracked 
|  11|0x0000000080b00000, 0x0000000080c00000, 0x0000000080c00000|100%| O|  |TAMS 0x0000000080c00000, 0x0000000080b00000| Untracked 
|  12|0x0000000080c00000, 0x0000000080d00000, 0x0000000080d00000|100%| O|  |TAMS 0x0000000080d00000, 0x0000000080c00000| Untracked 
|  13|0x0000000080d00000, 0x0000000080e00000, 0x0000000080e00000|100%| O|  |TAMS 0x0000000080e00000, 0x0000000080d00000| Untracked 
|  14|0x0000000080e00000, 0x0000000080f00000, 0x0000000080f00000|100%| O|  |TAMS 0x0000000080f00000, 0x0000000080e00000| Untracked 
|  15|0x0000000080f00000, 0x0000000081000000, 0x0000000081000000|100%| O|  |TAMS 0x0000000081000000, 0x0000000080f00000| Untracked 
|  16|0x0000000081000000, 0x0000000081100000, 0x0000000081100000|100%|HS|  |TAMS 0x0000000081100000, 0x0000000081000000| Complete 
|  17|0x0000000081100000, 0x0000000081200000, 0x0000000081200000|100%| O|  |TAMS 0x0000000081200000, 0x0000000081100000| Untracked 
|  18|0x0000000081200000, 0x0000000081300000, 0x0000000081300000|100%| O|  |TAMS 0x0000000081300000, 0x0000000081200000| Untracked 
|  19|0x0000000081300000, 0x0000000081400000, 0x0000000081400000|100%| O|  |TAMS 0x0000000081400000, 0x0000000081300000| Untracked 
|  20|0x0000000081400000, 0x0000000081500000, 0x0000000081500000|100%| O|  |TAMS 0x0000000081500000, 0x0000000081400000| Untracked 
|  21|0x0000000081500000, 0x0000000081600000, 0x0000000081600000|100%| O|  |TAMS 0x0000000081600000, 0x0000000081500000| Complete 
|  22|0x0000000081600000, 0x0000000081700000, 0x0000000081700000|100%| O|  |TAMS 0x0000000081700000, 0x0000000081600000| Complete 
|  23|0x0000000081700000, 0x0000000081800000, 0x0000000081800000|100%|HS|  |TAMS 0x0000000081800000, 0x0000000081700000| Complete 
|  24|0x0000000081800000, 0x0000000081900000, 0x0000000081900000|100%|HC|  |TAMS 0x0000000081900000, 0x0000000081800000| Complete 
|  25|0x0000000081900000, 0x0000000081a00000, 0x0000000081a00000|100%| O|  |TAMS 0x0000000081a00000, 0x0000000081900000| Untracked 
|  26|0x0000000081a00000, 0x0000000081b00000, 0x0000000081b00000|100%| O|  |TAMS 0x0000000081b00000, 0x0000000081a00000| Untracked 
|  27|0x0000000081b00000, 0x0000000081c00000, 0x0000000081c00000|100%| O|  |TAMS 0x0000000081c00000, 0x0000000081b00000| Untracked 
|  28|0x0000000081c00000, 0x0000000081d00000, 0x0000000081d00000|100%| O|  |TAMS 0x0000000081d00000, 0x0000000081c00000| Complete 
|  29|0x0000000081d00000, 0x0000000081e00000, 0x0000000081e00000|100%| O|  |TAMS 0x0000000081e00000, 0x0000000081d00000| Untracked 
|  30|0x0000000081e00000, 0x0000000081f00000, 0x0000000081f00000|100%| O|  |TAMS 0x0000000081f00000, 0x0000000081e00000| Untracked 
|  31|0x0000000081f00000, 0x0000000082000000, 0x0000000082000000|100%| O|  |TAMS 0x0000000082000000, 0x0000000081f00000| Untracked 
|  32|0x0000000082000000, 0x0000000082100000, 0x0000000082100000|100%| O|  |TAMS 0x0000000082100000, 0x0000000082000000| Untracked 
|  33|0x0000000082100000, 0x0000000082200000, 0x0000000082200000|100%| O|  |TAMS 0x0000000082200000, 0x0000000082100000| Complete 
|  34|0x0000000082200000, 0x0000000082300000, 0x0000000082300000|100%| O|  |TAMS 0x0000000082300000, 0x0000000082200000| Untracked 
|  35|0x0000000082300000, 0x0000000082400000, 0x0000000082400000|100%| O|  |TAMS 0x0000000082400000, 0x0000000082300000| Untracked 
|  36|0x0000000082400000, 0x0000000082500000, 0x0000000082500000|100%| O|  |TAMS 0x0000000082500000, 0x0000000082400000| Untracked 
|  37|0x0000000082500000, 0x0000000082600000, 0x0000000082600000|100%| O|  |TAMS 0x0000000082600000, 0x0000000082500000| Untracked 
|  38|0x0000000082600000, 0x0000000082700000, 0x0000000082700000|100%| O|  |TAMS 0x0000000082700000, 0x0000000082600000| Untracked 
|  39|0x0000000082700000, 0x0000000082800000, 0x0000000082800000|100%| O|  |TAMS 0x0000000082800000, 0x0000000082700000| Untracked 
|  40|0x0000000082800000, 0x0000000082900000, 0x0000000082900000|100%| O|  |TAMS 0x0000000082900000, 0x0000000082800000| Untracked 
|  41|0x0000000082900000, 0x0000000082a00000, 0x0000000082a00000|100%| O|  |TAMS 0x0000000082a00000, 0x0000000082900000| Complete 
|  42|0x0000000082a00000, 0x0000000082b00000, 0x0000000082b00000|100%| O|  |TAMS 0x0000000082b00000, 0x0000000082a00000| Untracked 
|  43|0x0000000082b00000, 0x0000000082c00000, 0x0000000082c00000|100%| O|  |TAMS 0x0000000082c00000, 0x0000000082b00000| Untracked 
|  44|0x0000000082c00000, 0x0000000082d00000, 0x0000000082d00000|100%| O|  |TAMS 0x0000000082d00000, 0x0000000082c00000| Untracked 
|  45|0x0000000082d00000, 0x0000000082e00000, 0x0000000082e00000|100%| O|  |TAMS 0x0000000082e00000, 0x0000000082d00000| Untracked 
|  46|0x0000000082e00000, 0x0000000082f00000, 0x0000000082f00000|100%| O|  |TAMS 0x0000000082f00000, 0x0000000082e00000| Untracked 
|  47|0x0000000082f00000, 0x0000000083000000, 0x0000000083000000|100%| O|  |TAMS 0x0000000083000000, 0x0000000082f00000| Untracked 
|  48|0x0000000083000000, 0x0000000083100000, 0x0000000083100000|100%| O|  |TAMS 0x0000000083100000, 0x0000000083000000| Complete 
|  49|0x0000000083100000, 0x0000000083200000, 0x0000000083200000|100%| O|  |TAMS 0x0000000083200000, 0x0000000083100000| Untracked 
|  50|0x0000000083200000, 0x0000000083300000, 0x0000000083300000|100%| O|  |TAMS 0x0000000083300000, 0x0000000083200000| Untracked 
|  51|0x0000000083300000, 0x0000000083400000, 0x0000000083400000|100%| O|  |TAMS 0x0000000083400000, 0x0000000083300000| Untracked 
|  52|0x0000000083400000, 0x0000000083500000, 0x0000000083500000|100%| O|  |TAMS 0x0000000083500000, 0x0000000083400000| Untracked 
|  53|0x0000000083500000, 0x0000000083600000, 0x0000000083600000|100%| O|  |TAMS 0x0000000083600000, 0x0000000083500000| Untracked 
|  54|0x0000000083600000, 0x0000000083600000, 0x0000000083700000|  0%| F|  |TAMS 0x0000000083600000, 0x0000000083600000| Untracked 
|  55|0x0000000083700000, 0x0000000083700000, 0x0000000083800000|  0%| F|  |TAMS 0x0000000083700000, 0x0000000083700000| Untracked 
|  56|0x0000000083800000, 0x0000000083900000, 0x0000000083900000|100%| O|  |TAMS 0x0000000083900000, 0x0000000083800000| Untracked 
|  57|0x0000000083900000, 0x0000000083a00000, 0x0000000083a00000|100%| O|  |TAMS 0x0000000083a00000, 0x0000000083900000| Untracked 
|  58|0x0000000083a00000, 0x0000000083b00000, 0x0000000083b00000|100%| O|  |TAMS 0x0000000083b00000, 0x0000000083a00000| Untracked 
|  59|0x0000000083b00000, 0x0000000083c00000, 0x0000000083c00000|100%| O|  |TAMS 0x0000000083c00000, 0x0000000083b00000| Untracked 
|  60|0x0000000083c00000, 0x0000000083d00000, 0x0000000083d00000|100%| O|  |TAMS 0x0000000083d00000, 0x0000000083c00000| Complete 
|  61|0x0000000083d00000, 0x0000000083e00000, 0x0000000083e00000|100%| O|  |TAMS 0x0000000083e00000, 0x0000000083d00000| Complete 
|  62|0x0000000083e00000, 0x0000000083f00000, 0x0000000083f00000|100%| O|  |TAMS 0x0000000083f00000, 0x0000000083e00000| Complete 
|  63|0x0000000083f00000, 0x0000000084000000, 0x0000000084000000|100%| O|  |TAMS 0x0000000084000000, 0x0000000083f00000| Untracked 
|  64|0x0000000084000000, 0x0000000084100000, 0x0000000084100000|100%| O|  |TAMS 0x0000000084100000, 0x0000000084000000| Untracked 
|  65|0x0000000084100000, 0x0000000084200000, 0x0000000084200000|100%| O|  |TAMS 0x0000000084200000, 0x0000000084100000| Complete 
|  66|0x0000000084200000, 0x0000000084300000, 0x0000000084300000|100%| O|  |TAMS 0x0000000084300000, 0x0000000084200000| Untracked 
|  67|0x0000000084300000, 0x0000000084400000, 0x0000000084400000|100%| O|  |TAMS 0x0000000084400000, 0x0000000084300000| Complete 
|  68|0x0000000084400000, 0x0000000084500000, 0x0000000084500000|100%| O|  |TAMS 0x0000000084500000, 0x0000000084400000| Untracked 
|  69|0x0000000084500000, 0x0000000084600000, 0x0000000084600000|100%| O|  |TAMS 0x0000000084600000, 0x0000000084500000| Complete 
|  70|0x0000000084600000, 0x0000000084700000, 0x0000000084700000|100%| O|  |TAMS 0x0000000084700000, 0x0000000084600000| Complete 
|  71|0x0000000084700000, 0x0000000084800000, 0x0000000084800000|100%| O|  |TAMS 0x0000000084800000, 0x0000000084700000| Untracked 
|  72|0x0000000084800000, 0x0000000084900000, 0x0000000084900000|100%| O|  |TAMS 0x0000000084900000, 0x0000000084800000| Complete 
|  73|0x0000000084900000, 0x0000000084a00000, 0x0000000084a00000|100%| O|  |TAMS 0x0000000084a00000, 0x0000000084900000| Complete 
|  74|0x0000000084a00000, 0x0000000084b00000, 0x0000000084b00000|100%| O|  |TAMS 0x0000000084b00000, 0x0000000084a00000| Complete 
|  75|0x0000000084b00000, 0x0000000084c00000, 0x0000000084c00000|100%| O|  |TAMS 0x0000000084c00000, 0x0000000084b00000| Complete 
|  76|0x0000000084c00000, 0x0000000084d00000, 0x0000000084d00000|100%| O|  |TAMS 0x0000000084d00000, 0x0000000084c00000| Complete 
|  77|0x0000000084d00000, 0x0000000084e00000, 0x0000000084e00000|100%|HS|  |TAMS 0x0000000084d00000, 0x0000000084d00000| Complete 
|  78|0x0000000084e00000, 0x0000000084f00000, 0x0000000084f00000|100%| O|  |TAMS 0x0000000084f00000, 0x0000000084e00000| Complete 
|  79|0x0000000084f00000, 0x0000000085000000, 0x0000000085000000|100%| O|  |TAMS 0x0000000085000000, 0x0000000084f00000| Complete 
|  80|0x0000000085000000, 0x0000000085100000, 0x0000000085100000|100%| O|  |TAMS 0x0000000085100000, 0x0000000085000000| Complete 
|  81|0x0000000085100000, 0x0000000085200000, 0x0000000085200000|100%| O|  |TAMS 0x0000000085200000, 0x0000000085100000| Complete 
|  82|0x0000000085200000, 0x0000000085200000, 0x0000000085300000|  0%| F|  |TAMS 0x0000000085200000, 0x0000000085200000| Untracked 
|  83|0x0000000085300000, 0x0000000085400000, 0x0000000085400000|100%| O|  |TAMS 0x0000000085400000, 0x0000000085300000| Untracked 
|  84|0x0000000085400000, 0x0000000085500000, 0x0000000085500000|100%| O|  |TAMS 0x0000000085500000, 0x0000000085400000| Untracked 
|  85|0x0000000085500000, 0x0000000085534a00, 0x0000000085600000| 20%| O|  |TAMS 0x0000000085534a00, 0x0000000085500000| Untracked 
|  86|0x0000000085600000, 0x0000000085700000, 0x0000000085700000|100%|HS|  |TAMS 0x0000000085600000, 0x0000000085600000| Complete 
|  87|0x0000000085700000, 0x0000000085800000, 0x0000000085800000|100%|HC|  |TAMS 0x0000000085700000, 0x0000000085700000| Complete 
|  88|0x0000000085800000, 0x0000000085900000, 0x0000000085900000|100%|HS|  |TAMS 0x0000000085800000, 0x0000000085800000| Complete 
|  89|0x0000000085900000, 0x0000000085a00000, 0x0000000085a00000|100%|HC|  |TAMS 0x0000000085900000, 0x0000000085900000| Complete 
|  90|0x0000000085a00000, 0x0000000085b00000, 0x0000000085b00000|100%|HS|  |TAMS 0x0000000085a00000, 0x0000000085a00000| Complete 
|  91|0x0000000085b00000, 0x0000000085c00000, 0x0000000085c00000|100%|HC|  |TAMS 0x0000000085b00000, 0x0000000085b00000| Complete 
|  92|0x0000000085c00000, 0x0000000085d00000, 0x0000000085d00000|100%|HS|  |TAMS 0x0000000085c00000, 0x0000000085c00000| Complete 
|  93|0x0000000085d00000, 0x0000000085e00000, 0x0000000085e00000|100%|HC|  |TAMS 0x0000000085d00000, 0x0000000085d00000| Complete 
|  94|0x0000000085e00000, 0x0000000085f00000, 0x0000000085f00000|100%|HS|  |TAMS 0x0000000085e00000, 0x0000000085e00000| Complete 
|  95|0x0000000085f00000, 0x0000000086000000, 0x0000000086000000|100%|HC|  |TAMS 0x0000000085f00000, 0x0000000085f00000| Complete 
|  96|0x0000000086000000, 0x0000000086100000, 0x0000000086100000|100%|HS|  |TAMS 0x0000000086000000, 0x0000000086000000| Complete 
|  97|0x0000000086100000, 0x0000000086200000, 0x0000000086200000|100%|HC|  |TAMS 0x0000000086100000, 0x0000000086100000| Complete 
|  98|0x0000000086200000, 0x0000000086300000, 0x0000000086300000|100%|HS|  |TAMS 0x0000000086200000, 0x0000000086200000| Complete 
|  99|0x0000000086300000, 0x0000000086400000, 0x0000000086400000|100%|HC|  |TAMS 0x0000000086300000, 0x0000000086300000| Complete 
| 100|0x0000000086400000, 0x0000000086500000, 0x0000000086500000|100%|HS|  |TAMS 0x0000000086400000, 0x0000000086400000| Complete 
| 101|0x0000000086500000, 0x0000000086600000, 0x0000000086600000|100%|HC|  |TAMS 0x0000000086500000, 0x0000000086500000| Complete 
| 102|0x0000000086600000, 0x0000000086700000, 0x0000000086700000|100%|HS|  |TAMS 0x0000000086600000, 0x0000000086600000| Complete 
| 103|0x0000000086700000, 0x0000000086800000, 0x0000000086800000|100%|HC|  |TAMS 0x0000000086700000, 0x0000000086700000| Complete 
| 104|0x0000000086800000, 0x0000000086800000, 0x0000000086900000|  0%| F|  |TAMS 0x0000000086800000, 0x0000000086800000| Untracked 
| 105|0x0000000086900000, 0x0000000086900000, 0x0000000086a00000|  0%| F|  |TAMS 0x0000000086900000, 0x0000000086900000| Untracked 
| 106|0x0000000086a00000, 0x0000000086a00000, 0x0000000086b00000|  0%| F|  |TAMS 0x0000000086a00000, 0x0000000086a00000| Untracked 
| 107|0x0000000086b00000, 0x0000000086b00000, 0x0000000086c00000|  0%| F|  |TAMS 0x0000000086b00000, 0x0000000086b00000| Untracked 
| 108|0x0000000086c00000, 0x0000000086c00000, 0x0000000086d00000|  0%| F|  |TAMS 0x0000000086c00000, 0x0000000086c00000| Untracked 
| 109|0x0000000086d00000, 0x0000000086d00000, 0x0000000086e00000|  0%| F|  |TAMS 0x0000000086d00000, 0x0000000086d00000| Untracked 
| 110|0x0000000086e00000, 0x0000000086e00000, 0x0000000086f00000|  0%| F|  |TAMS 0x0000000086e00000, 0x0000000086e00000| Untracked 
| 111|0x0000000086f00000, 0x0000000086f00000, 0x0000000087000000|  0%| F|  |TAMS 0x0000000086f00000, 0x0000000086f00000| Untracked 
| 112|0x0000000087000000, 0x0000000087000000, 0x0000000087100000|  0%| F|  |TAMS 0x0000000087000000, 0x0000000087000000| Untracked 
| 113|0x0000000087100000, 0x0000000087100000, 0x0000000087200000|  0%| F|  |TAMS 0x0000000087100000, 0x0000000087100000| Untracked 
| 114|0x0000000087200000, 0x0000000087200000, 0x0000000087300000|  0%| F|  |TAMS 0x0000000087200000, 0x0000000087200000| Untracked 
| 115|0x0000000087300000, 0x0000000087300000, 0x0000000087400000|  0%| F|  |TAMS 0x0000000087300000, 0x0000000087300000| Untracked 
| 116|0x0000000087400000, 0x0000000087400000, 0x0000000087500000|  0%| F|  |TAMS 0x0000000087400000, 0x0000000087400000| Untracked 
| 117|0x0000000087500000, 0x0000000087500000, 0x0000000087600000|  0%| F|  |TAMS 0x0000000087500000, 0x0000000087500000| Untracked 
| 118|0x0000000087600000, 0x0000000087600000, 0x0000000087700000|  0%| F|  |TAMS 0x0000000087600000, 0x0000000087600000| Untracked 
| 119|0x0000000087700000, 0x0000000087700000, 0x0000000087800000|  0%| F|  |TAMS 0x0000000087700000, 0x0000000087700000| Untracked 
| 120|0x0000000087800000, 0x0000000087800000, 0x0000000087900000|  0%| F|  |TAMS 0x0000000087800000, 0x0000000087800000| Untracked 
| 121|0x0000000087900000, 0x0000000087900000, 0x0000000087a00000|  0%| F|  |TAMS 0x0000000087900000, 0x0000000087900000| Untracked 
| 122|0x0000000087a00000, 0x0000000087a00000, 0x0000000087b00000|  0%| F|  |TAMS 0x0000000087a00000, 0x0000000087a00000| Untracked 
| 123|0x0000000087b00000, 0x0000000087b00000, 0x0000000087c00000|  0%| F|  |TAMS 0x0000000087b00000, 0x0000000087b00000| Untracked 
| 124|0x0000000087c00000, 0x0000000087c00000, 0x0000000087d00000|  0%| F|  |TAMS 0x0000000087c00000, 0x0000000087c00000| Untracked 
| 125|0x0000000087d00000, 0x0000000087d00000, 0x0000000087e00000|  0%| F|  |TAMS 0x0000000087d00000, 0x0000000087d00000| Untracked 
| 126|0x0000000087e00000, 0x0000000087e00000, 0x0000000087f00000|  0%| F|  |TAMS 0x0000000087e00000, 0x0000000087e00000| Untracked 
| 127|0x0000000087f00000, 0x0000000087f00000, 0x0000000088000000|  0%| F|  |TAMS 0x0000000087f00000, 0x0000000087f00000| Untracked 
| 128|0x0000000088000000, 0x0000000088000000, 0x0000000088100000|  0%| F|  |TAMS 0x0000000088000000, 0x0000000088000000| Untracked 
| 129|0x0000000088100000, 0x0000000088100000, 0x0000000088200000|  0%| F|  |TAMS 0x0000000088100000, 0x0000000088100000| Untracked 
| 130|0x0000000088200000, 0x0000000088200000, 0x0000000088300000|  0%| F|  |TAMS 0x0000000088200000, 0x0000000088200000| Untracked 
| 131|0x0000000088300000, 0x0000000088300000, 0x0000000088400000|  0%| F|  |TAMS 0x0000000088300000, 0x0000000088300000| Untracked 
| 132|0x0000000088400000, 0x0000000088400000, 0x0000000088500000|  0%| F|  |TAMS 0x0000000088400000, 0x0000000088400000| Untracked 
| 133|0x0000000088500000, 0x0000000088500000, 0x0000000088600000|  0%| F|  |TAMS 0x0000000088500000, 0x0000000088500000| Untracked 
| 134|0x0000000088600000, 0x0000000088600000, 0x0000000088700000|  0%| F|  |TAMS 0x0000000088600000, 0x0000000088600000| Untracked 
| 135|0x0000000088700000, 0x0000000088700000, 0x0000000088800000|  0%| F|  |TAMS 0x0000000088700000, 0x0000000088700000| Untracked 
| 136|0x0000000088800000, 0x0000000088800000, 0x0000000088900000|  0%| F|  |TAMS 0x0000000088800000, 0x0000000088800000| Untracked 
| 137|0x0000000088900000, 0x0000000088a00000, 0x0000000088a00000|100%| S|CS|TAMS 0x0000000088900000, 0x0000000088900000| Complete 
| 138|0x0000000088a00000, 0x0000000088b00000, 0x0000000088b00000|100%| S|CS|TAMS 0x0000000088a00000, 0x0000000088a00000| Complete 
| 139|0x0000000088b00000, 0x0000000088c00000, 0x0000000088c00000|100%| S|CS|TAMS 0x0000000088b00000, 0x0000000088b00000| Complete 
| 140|0x0000000088c00000, 0x0000000088d00000, 0x0000000088d00000|100%| S|CS|TAMS 0x0000000088c00000, 0x0000000088c00000| Complete 
| 141|0x0000000088d00000, 0x0000000088d00000, 0x0000000088e00000|  0%| F|  |TAMS 0x0000000088d00000, 0x0000000088d00000| Untracked 
| 142|0x0000000088e00000, 0x0000000088e00000, 0x0000000088f00000|  0%| F|  |TAMS 0x0000000088e00000, 0x0000000088e00000| Untracked 
| 143|0x0000000088f00000, 0x0000000088fe1478, 0x0000000089000000| 87%| E|  |TAMS 0x0000000088f00000, 0x0000000088f00000| Complete 
| 144|0x0000000089000000, 0x0000000089100000, 0x0000000089100000|100%| E|CS|TAMS 0x0000000089000000, 0x0000000089000000| Complete 
| 145|0x0000000089100000, 0x0000000089200000, 0x0000000089200000|100%| E|CS|TAMS 0x0000000089100000, 0x0000000089100000| Complete 
| 146|0x0000000089200000, 0x0000000089300000, 0x0000000089300000|100%| E|CS|TAMS 0x0000000089200000, 0x0000000089200000| Complete 
| 147|0x0000000089300000, 0x0000000089400000, 0x0000000089400000|100%| E|CS|TAMS 0x0000000089300000, 0x0000000089300000| Complete 
| 148|0x0000000089400000, 0x0000000089500000, 0x0000000089500000|100%| E|CS|TAMS 0x0000000089400000, 0x0000000089400000| Complete 
| 149|0x0000000089500000, 0x0000000089600000, 0x0000000089600000|100%| E|CS|TAMS 0x0000000089500000, 0x0000000089500000| Complete 
| 150|0x0000000089600000, 0x0000000089700000, 0x0000000089700000|100%| E|CS|TAMS 0x0000000089600000, 0x0000000089600000| Complete 
| 151|0x0000000089700000, 0x0000000089800000, 0x0000000089800000|100%| E|CS|TAMS 0x0000000089700000, 0x0000000089700000| Complete 
| 152|0x0000000089800000, 0x0000000089900000, 0x0000000089900000|100%| E|CS|TAMS 0x0000000089800000, 0x0000000089800000| Complete 
| 153|0x0000000089900000, 0x0000000089a00000, 0x0000000089a00000|100%| E|CS|TAMS 0x0000000089900000, 0x0000000089900000| Complete 
| 154|0x0000000089a00000, 0x0000000089b00000, 0x0000000089b00000|100%| E|CS|TAMS 0x0000000089a00000, 0x0000000089a00000| Complete 
| 155|0x0000000089b00000, 0x0000000089c00000, 0x0000000089c00000|100%| E|CS|TAMS 0x0000000089b00000, 0x0000000089b00000| Complete 
| 156|0x0000000089c00000, 0x0000000089d00000, 0x0000000089d00000|100%| E|CS|TAMS 0x0000000089c00000, 0x0000000089c00000| Complete 
| 157|0x0000000089d00000, 0x0000000089e00000, 0x0000000089e00000|100%| E|CS|TAMS 0x0000000089d00000, 0x0000000089d00000| Complete 
| 158|0x0000000089e00000, 0x0000000089f00000, 0x0000000089f00000|100%| E|CS|TAMS 0x0000000089e00000, 0x0000000089e00000| Complete 
| 159|0x0000000089f00000, 0x000000008a000000, 0x000000008a000000|100%| E|CS|TAMS 0x0000000089f00000, 0x0000000089f00000| Complete 
| 160|0x000000008a000000, 0x000000008a100000, 0x000000008a100000|100%| E|CS|TAMS 0x000000008a000000, 0x000000008a000000| Complete 
| 161|0x000000008a100000, 0x000000008a200000, 0x000000008a200000|100%| E|CS|TAMS 0x000000008a100000, 0x000000008a100000| Complete 
| 162|0x000000008a200000, 0x000000008a300000, 0x000000008a300000|100%| E|CS|TAMS 0x000000008a200000, 0x000000008a200000| Complete 
| 163|0x000000008a300000, 0x000000008a400000, 0x000000008a400000|100%| E|CS|TAMS 0x000000008a300000, 0x000000008a300000| Complete 
| 164|0x000000008a400000, 0x000000008a500000, 0x000000008a500000|100%| E|CS|TAMS 0x000000008a400000, 0x000000008a400000| Complete 
| 165|0x000000008a500000, 0x000000008a600000, 0x000000008a600000|100%| E|CS|TAMS 0x000000008a500000, 0x000000008a500000| Complete 
| 166|0x000000008a600000, 0x000000008a700000, 0x000000008a700000|100%| E|CS|TAMS 0x000000008a600000, 0x000000008a600000| Complete 
| 167|0x000000008a700000, 0x000000008a800000, 0x000000008a800000|100%| E|CS|TAMS 0x000000008a700000, 0x000000008a700000| Complete 
| 168|0x000000008a800000, 0x000000008a900000, 0x000000008a900000|100%| E|  |TAMS 0x000000008a800000, 0x000000008a800000| Complete 
| 169|0x000000008a900000, 0x000000008aa00000, 0x000000008aa00000|100%| E|CS|TAMS 0x000000008a900000, 0x000000008a900000| Complete 
| 170|0x000000008aa00000, 0x000000008ab00000, 0x000000008ab00000|100%| E|CS|TAMS 0x000000008aa00000, 0x000000008aa00000| Complete 
| 171|0x000000008ab00000, 0x000000008ac00000, 0x000000008ac00000|100%| E|CS|TAMS 0x000000008ab00000, 0x000000008ab00000| Complete 
| 172|0x000000008ac00000, 0x000000008ad00000, 0x000000008ad00000|100%| E|CS|TAMS 0x000000008ac00000, 0x000000008ac00000| Complete 
| 173|0x000000008ad00000, 0x000000008ae00000, 0x000000008ae00000|100%| E|CS|TAMS 0x000000008ad00000, 0x000000008ad00000| Complete 
| 174|0x000000008ae00000, 0x000000008af00000, 0x000000008af00000|100%| E|CS|TAMS 0x000000008ae00000, 0x000000008ae00000| Complete 
| 175|0x000000008af00000, 0x000000008b000000, 0x000000008b000000|100%| E|CS|TAMS 0x000000008af00000, 0x000000008af00000| Complete 
| 176|0x000000008b000000, 0x000000008b100000, 0x000000008b100000|100%| E|CS|TAMS 0x000000008b000000, 0x000000008b000000| Complete 
| 177|0x000000008b100000, 0x000000008b200000, 0x000000008b200000|100%| E|CS|TAMS 0x000000008b100000, 0x000000008b100000| Complete 
| 178|0x000000008b200000, 0x000000008b300000, 0x000000008b300000|100%| E|CS|TAMS 0x000000008b200000, 0x000000008b200000| Complete 
| 179|0x000000008b300000, 0x000000008b400000, 0x000000008b400000|100%| E|CS|TAMS 0x000000008b300000, 0x000000008b300000| Complete 
| 180|0x000000008b400000, 0x000000008b500000, 0x000000008b500000|100%| E|CS|TAMS 0x000000008b400000, 0x000000008b400000| Complete 
| 181|0x000000008b500000, 0x000000008b600000, 0x000000008b600000|100%| E|CS|TAMS 0x000000008b500000, 0x000000008b500000| Complete 
| 182|0x000000008b600000, 0x000000008b700000, 0x000000008b700000|100%| E|CS|TAMS 0x000000008b600000, 0x000000008b600000| Complete 
| 183|0x000000008b700000, 0x000000008b800000, 0x000000008b800000|100%| E|CS|TAMS 0x000000008b700000, 0x000000008b700000| Complete 
| 184|0x000000008b800000, 0x000000008b900000, 0x000000008b900000|100%| E|CS|TAMS 0x000000008b800000, 0x000000008b800000| Complete 

Card table byte_map: [0x000001d4e08f0000,0x000001d4e0cf0000] _byte_map_base: 0x000001d4e04f0000

Marking Bits (Prev, Next): (CMBitMap*) 0x000001d4cd3ec740, (CMBitMap*) 0x000001d4cd3ec708
 Prev Bits: [0x000001d4e30f0000, 0x000001d4e50f0000)
 Next Bits: [0x000001d4e10f0000, 0x000001d4e30f0000)

Polling page: 0x000001d4cd490000

Metaspace:

Usage:
  Non-class:     90.63 MB capacity,    89.02 MB ( 98%) used,     1.31 MB (  1%) free+waste,   317.38 KB ( <1%) overhead. 
      Class:     14.01 MB capacity,    13.05 MB ( 93%) used,   843.23 KB (  6%) free+waste,   142.38 KB ( <1%) overhead. 
       Both:    104.64 MB capacity,   102.06 MB ( 98%) used,     2.13 MB (  2%) free+waste,   459.75 KB ( <1%) overhead. 

Virtual space:
  Non-class space:       92.00 MB reserved,      90.79 MB ( 99%) committed 
      Class space:        1.00 GB reserved,      14.13 MB (  1%) committed 
             Both:        1.09 GB reserved,     104.91 MB (  9%) committed 

Chunk freelists:
   Non-Class:  26.00 KB
       Class:  0 bytes
        Both:  26.00 KB

MaxMetaspaceSize: 17179869184.00 GB
CompressedClassSpaceSize: 1.00 GB

CodeHeap 'non-profiled nmethods': size=120064Kb used=8910Kb max_used=8910Kb free=111153Kb
 bounds [0x000001d4d8980000, 0x000001d4d9240000, 0x000001d4dfec0000]
CodeHeap 'profiled nmethods': size=120000Kb used=31368Kb max_used=31368Kb free=88631Kb
 bounds [0x000001d4d1450000, 0x000001d4d3300000, 0x000001d4d8980000]
CodeHeap 'non-nmethods': size=5696Kb used=2328Kb max_used=2367Kb free=3367Kb
 bounds [0x000001d4d0ec0000, 0x000001d4d1130000, 0x000001d4d1450000]
 total_blobs=14797 nmethods=13867 adapters=837
 compilation: enabled
              stopped_count=0, restarted_count=0
 full_count=0

Compilation events (20 events):
Event: 47.905 Thread 0x000001d4e7fdd800 13846       4       org.gradle.api.internal.provider.AbstractProperty$NonFinalizedValue::explicitValue (7 bytes)
Event: 47.905 Thread 0x000001d4e7fed000 nmethod 13847 0x000001d4d32d1610 code [0x000001d4d32d17e0, 0x000001d4d32d19c8]
Event: 47.905 Thread 0x000001d4e7fdd800 nmethod 13846 0x000001d4d9224b10 code [0x000001d4d9224ca0, 0x000001d4d9224d18]
Event: 47.905 Thread 0x000001d4e7fed000 13848       3       com.google.common.base.CharMatcher::indexIn (48 bytes)
Event: 47.906 Thread 0x000001d4e7fed000 nmethod 13848 0x000001d4d32d1a90 code [0x000001d4d32d1cc0, 0x000001d4d32d2388]
Event: 47.906 Thread 0x000001d4e7fed000 13849       1       com.android.build.gradle.options.Option$DefaultImpls::getDefaultValue (2 bytes)
Event: 47.906 Thread 0x000001d4e7fed000 nmethod 13849 0x000001d4d9224d90 code [0x000001d4d9224f40, 0x000001d4d9224fd8]
Event: 47.906 Thread 0x000001d4e7fdd800 13850       4       org.gradle.internal.operations.DefaultBuildOperationAncestryTracker::findClosestExistingAncestor (44 bytes)
Event: 47.907 Thread 0x000001d4e7fed000 13851       3       org.gradle.api.internal.collections.DefaultPendingSource::removeByProvider (50 bytes)
Event: 47.907 Thread 0x000001d4e7fed000 nmethod 13851 0x000001d4d32d2690 code [0x000001d4d32d28e0, 0x000001d4d32d3308]
Event: 47.907 Thread 0x000001d4e7fed000 13852       3       org.gradle.internal.typeconversion.MapNotationConverter::<init> (7 bytes)
Event: 47.907 Thread 0x000001d4e7fed000 nmethod 13852 0x000001d4d32d3510 code [0x000001d4d32d36e0, 0x000001d4d32d3918]
Event: 47.907 Thread 0x000001d4e7fed000 13856       3       org.gradle.api.internal.collections.FilteredCollection$FilteringIterator::findNext (42 bytes)
Event: 47.908 Thread 0x000001d4e7fed000 nmethod 13856 0x000001d4d32d3a10 code [0x000001d4d32d3c00, 0x000001d4d32d3fe8]
Event: 47.928 Thread 0x000001d4e7fed000 13857       3       org.gradle.api.internal.artifacts.dsl.CapabilityNotationParserFactory::<init> (10 bytes)
Event: 47.929 Thread 0x000001d4e7fed000 nmethod 13857 0x000001d4d32d4190 code [0x000001d4d32d4340, 0x000001d4d32d4498]
Event: 47.929 Thread 0x000001d4e7fed000 13858       3       org.gradle.api.internal.artifacts.dsl.CapabilityNotationParserFactory::create (17 bytes)
Event: 47.929 Thread 0x000001d4e7fed000 nmethod 13858 0x000001d4d32d4590 code [0x000001d4d32d4740, 0x000001d4d32d48b8]
Event: 47.929 Thread 0x000001d4e7fed000 13859   !   3       java.lang.Boolean::getBoolean (16 bytes)
Event: 47.929 Thread 0x000001d4e7fed000 nmethod 13859 0x000001d4d32d4990 code [0x000001d4d32d4ba0, 0x000001d4d32d5018]

GC Heap History (20 events):
Event: 11.704 GC heap before
{Heap before GC invocations=14 (full 0):
 garbage-first heap   total 157696K, used 119677K [0x0000000080000000, 0x0000000100000000)
  region size 1024K, 77 young (78848K), 4 survivors (4096K)
 Metaspace       used 65838K, capacity 67397K, committed 67492K, reserved 1107968K
  class space    used 8464K, capacity 9056K, committed 9088K, reserved 1048576K
}
Event: 11.714 GC heap after
{Heap after GC invocations=15 (full 0):
 garbage-first heap   total 157696K, used 49783K [0x0000000080000000, 0x0000000100000000)
  region size 1024K, 9 young (9216K), 9 survivors (9216K)
 Metaspace       used 65838K, capacity 67397K, committed 67492K, reserved 1107968K
  class space    used 8464K, capacity 9056K, committed 9088K, reserved 1048576K
}
Event: 13.497 GC heap before
{Heap before GC invocations=15 (full 0):
 garbage-first heap   total 157696K, used 122487K [0x0000000080000000, 0x0000000100000000)
  region size 1024K, 80 young (81920K), 9 survivors (9216K)
 Metaspace       used 71432K, capacity 73158K, committed 73252K, reserved 1112064K
  class space    used 9317K, capacity 9975K, committed 9984K, reserved 1048576K
}
Event: 13.517 GC heap after
{Heap after GC invocations=16 (full 0):
 garbage-first heap   total 157696K, used 54545K [0x0000000080000000, 0x0000000100000000)
  region size 1024K, 5 young (5120K), 5 survivors (5120K)
 Metaspace       used 71432K, capacity 73158K, committed 73252K, reserved 1112064K
  class space    used 9317K, capacity 9975K, committed 9984K, reserved 1048576K
}
Event: 15.873 GC heap before
{Heap before GC invocations=16 (full 0):
 garbage-first heap   total 157696K, used 124177K [0x0000000080000000, 0x0000000100000000)
  region size 1024K, 74 young (75776K), 5 survivors (5120K)
 Metaspace       used 75015K, capacity 76950K, committed 77092K, reserved 1116160K
  class space    used 9784K, capacity 10488K, committed 10496K, reserved 1048576K
}
Event: 15.891 GC heap after
{Heap after GC invocations=17 (full 0):
 garbage-first heap   total 189440K, used 60416K [0x0000000080000000, 0x0000000100000000)
  region size 1024K, 10 young (10240K), 10 survivors (10240K)
 Metaspace       used 75015K, capacity 76950K, committed 77092K, reserved 1116160K
  class space    used 9784K, capacity 10488K, committed 10496K, reserved 1048576K
}
Event: 18.743 GC heap before
{Heap before GC invocations=17 (full 0):
 garbage-first heap   total 189440K, used 141312K [0x0000000080000000, 0x0000000100000000)
  region size 1024K, 90 young (92160K), 10 survivors (10240K)
 Metaspace       used 76033K, capacity 78083K, committed 78244K, reserved 1118208K
  class space    used 9826K, capacity 10548K, committed 10624K, reserved 1048576K
}
Event: 18.762 GC heap after
{Heap after GC invocations=18 (full 0):
 garbage-first heap   total 189440K, used 66520K [0x0000000080000000, 0x0000000100000000)
  region size 1024K, 12 young (12288K), 12 survivors (12288K)
 Metaspace       used 76033K, capacity 78083K, committed 78244K, reserved 1118208K
  class space    used 9826K, capacity 10548K, committed 10624K, reserved 1048576K
}
Event: 24.471 GC heap before
{Heap before GC invocations=18 (full 0):
 garbage-first heap   total 189440K, used 148440K [0x0000000080000000, 0x0000000100000000)
  region size 1024K, 91 young (93184K), 12 survivors (12288K)
 Metaspace       used 83994K, capacity 86146K, committed 86436K, reserved 1124352K
  class space    used 10842K, capacity 11594K, committed 11648K, reserved 1048576K
}
Event: 24.498 GC heap after
{Heap after GC invocations=19 (full 0):
 garbage-first heap   total 189440K, used 79794K [0x0000000080000000, 0x0000000100000000)
  region size 1024K, 12 young (12288K), 12 survivors (12288K)
 Metaspace       used 83994K, capacity 86146K, committed 86436K, reserved 1124352K
  class space    used 10842K, capacity 11594K, committed 11648K, reserved 1048576K
}
Event: 27.359 GC heap before
{Heap before GC invocations=19 (full 0):
 garbage-first heap   total 189440K, used 147378K [0x0000000080000000, 0x0000000100000000)
  region size 1024K, 79 young (80896K), 12 survivors (12288K)
 Metaspace       used 86178K, capacity 88381K, committed 88484K, reserved 1126400K
  class space    used 11042K, capacity 11834K, committed 11904K, reserved 1048576K
}
Event: 27.385 GC heap after
{Heap after GC invocations=20 (full 0):
 garbage-first heap   total 189440K, used 84384K [0x0000000080000000, 0x0000000100000000)
  region size 1024K, 7 young (7168K), 7 survivors (7168K)
 Metaspace       used 86178K, capacity 88381K, committed 88484K, reserved 1126400K
  class space    used 11042K, capacity 11834K, committed 11904K, reserved 1048576K
}
Event: 28.810 GC heap before
{Heap before GC invocations=20 (full 0):
 garbage-first heap   total 189440K, used 148896K [0x0000000080000000, 0x0000000100000000)
  region size 1024K, 71 young (72704K), 7 survivors (7168K)
 Metaspace       used 93456K, capacity 95840K, committed 96036K, reserved 1132544K
  class space    used 12127K, capacity 13004K, committed 13056K, reserved 1048576K
}
Event: 28.831 GC heap after
{Heap after GC invocations=21 (full 0):
 garbage-first heap   total 189440K, used 86865K [0x0000000080000000, 0x0000000100000000)
  region size 1024K, 3 young (3072K), 3 survivors (3072K)
 Metaspace       used 93456K, capacity 95840K, committed 96036K, reserved 1132544K
  class space    used 12127K, capacity 13004K, committed 13056K, reserved 1048576K
}
Event: 32.234 GC heap before
{Heap before GC invocations=21 (full 0):
 garbage-first heap   total 189440K, used 152401K [0x0000000080000000, 0x0000000100000000)
  region size 1024K, 67 young (68608K), 3 survivors (3072K)
 Metaspace       used 97210K, capacity 99754K, committed 100004K, reserved 1136640K
  class space    used 12619K, capacity 13574K, committed 13696K, reserved 1048576K
}
Event: 32.243 GC heap after
{Heap after GC invocations=22 (full 0):
 garbage-first heap   total 189440K, used 87889K [0x0000000080000000, 0x0000000100000000)
  region size 1024K, 4 young (4096K), 4 survivors (4096K)
 Metaspace       used 97210K, capacity 99754K, committed 100004K, reserved 1136640K
  class space    used 12619K, capacity 13574K, committed 13696K, reserved 1048576K
}
Event: 32.351 GC heap before
{Heap before GC invocations=22 (full 0):
 garbage-first heap   total 189440K, used 94033K [0x0000000080000000, 0x0000000100000000)
  region size 1024K, 11 young (11264K), 4 survivors (4096K)
 Metaspace       used 97667K, capacity 100202K, committed 100260K, reserved 1136640K
  class space    used 12684K, capacity 13638K, committed 13696K, reserved 1048576K
}
Event: 32.358 GC heap after
{Heap after GC invocations=23 (full 0):
 garbage-first heap   total 189440K, used 88080K [0x0000000080000000, 0x0000000100000000)
  region size 1024K, 5 young (5120K), 5 survivors (5120K)
 Metaspace       used 97667K, capacity 100202K, committed 100260K, reserved 1136640K
  class space    used 12684K, capacity 13638K, committed 13696K, reserved 1048576K
}
Event: 33.300 GC heap before
{Heap before GC invocations=24 (full 0):
 garbage-first heap   total 189440K, used 126992K [0x0000000080000000, 0x0000000100000000)
  region size 1024K, 44 young (45056K), 5 survivors (5120K)
 Metaspace       used 100676K, capacity 103283K, committed 103460K, reserved 1138688K
  class space    used 13094K, capacity 14077K, committed 14080K, reserved 1048576K
}
Event: 33.317 GC heap after
{Heap after GC invocations=25 (full 0):
 garbage-first heap   total 189440K, used 89298K [0x0000000080000000, 0x0000000100000000)
  region size 1024K, 4 young (4096K), 4 survivors (4096K)
 Metaspace       used 100676K, capacity 103283K, committed 103460K, reserved 1138688K
  class space    used 13094K, capacity 14077K, committed 14080K, reserved 1048576K
}

Deoptimization events (20 events):
Event: 47.698 Thread 0x000001d4ea817000 Uncommon trap: trap_request=0xffffffc6 fr.pc=0x000001d4d9115fe4 relative=0x0000000000000304
Event: 47.698 Thread 0x000001d4ea817000 Uncommon trap: reason=bimorphic_or_optimized_type_check action=maybe_recompile pc=0x000001d4d9115fe4 method=java.util.Comparator.lambda$comparing$77a9974f$1(Ljava/util/function/Function;Ljava/lang/Object;Ljava/lang/Object;)I @ 17 c2
Event: 47.698 Thread 0x000001d4ea817000 DEOPT PACKING pc=0x000001d4d9115fe4 sp=0x000000973bcfb430
Event: 47.698 Thread 0x000001d4ea817000 DEOPT UNPACKING pc=0x000001d4d0ee78af sp=0x000000973bcfb358 mode 2
Event: 47.698 Thread 0x000001d4eee4d000 Uncommon trap: trap_request=0xffffff4d fr.pc=0x000001d4d91f1d38 relative=0x00000000000065b8
Event: 47.698 Thread 0x000001d4eee4d000 Uncommon trap: reason=unstable_if action=reinterpret pc=0x000001d4d91f1d38 method=java.io.ObjectOutputStream.writeOrdinaryObject(Ljava/lang/Object;Ljava/io/ObjectStreamClass;Z)V @ 113 c2
Event: 47.698 Thread 0x000001d4eee4d000 DEOPT PACKING pc=0x000001d4d91f1d38 sp=0x000000973bffde10
Event: 47.698 Thread 0x000001d4eee4d000 DEOPT UNPACKING pc=0x000001d4d0ee78af sp=0x000000973bffde00 mode 2
Event: 47.874 Thread 0x000001d4ea817000 Uncommon trap: trap_request=0xffffffde fr.pc=0x000001d4d919b24c relative=0x000000000000010c
Event: 47.874 Thread 0x000001d4ea817000 Uncommon trap: reason=class_check action=maybe_recompile pc=0x000001d4d919b24c method=java.util.Spliterators$ArraySpliterator.tryAdvance(Ljava/util/function/Consumer;)Z @ 49 c2
Event: 47.874 Thread 0x000001d4ea817000 DEOPT PACKING pc=0x000001d4d919b24c sp=0x000000973bcf9f60
Event: 47.875 Thread 0x000001d4ea817000 DEOPT UNPACKING pc=0x000001d4d0ee78af sp=0x000000973bcf9ee0 mode 2
Event: 47.895 Thread 0x000001d4ea817000 Uncommon trap: trap_request=0xffffff4d fr.pc=0x000001d4d8facab0 relative=0x0000000000000090
Event: 47.895 Thread 0x000001d4ea817000 Uncommon trap: reason=unstable_if action=reinterpret pc=0x000001d4d8facab0 method=java.lang.StringLatin1.lastIndexOf([BI[BII)I @ 32 c2
Event: 47.895 Thread 0x000001d4ea817000 DEOPT PACKING pc=0x000001d4d8facab0 sp=0x000000973bcfa240
Event: 47.895 Thread 0x000001d4ea817000 DEOPT UNPACKING pc=0x000001d4d0ee78af sp=0x000000973bcfa198 mode 2
Event: 47.906 Thread 0x000001d4ea817000 Uncommon trap: trap_request=0xffffffde fr.pc=0x000001d4d919b24c relative=0x000000000000010c
Event: 47.906 Thread 0x000001d4ea817000 Uncommon trap: reason=class_check action=maybe_recompile pc=0x000001d4d919b24c method=java.util.Spliterators$ArraySpliterator.tryAdvance(Ljava/util/function/Consumer;)Z @ 49 c2
Event: 47.906 Thread 0x000001d4ea817000 DEOPT PACKING pc=0x000001d4d919b24c sp=0x000000973bcf8790
Event: 47.906 Thread 0x000001d4ea817000 DEOPT UNPACKING pc=0x000001d4d0ee78af sp=0x000000973bcf8710 mode 2

Classes redefined (0 events):
No events

Internal exceptions (20 events):
Event: 29.872 Thread 0x000001d4eee53800 Exception <a 'sun/nio/fs/WindowsException'{0x000000008aec7780}> (0x000000008aec7780) thrown at [./src/hotspot/share/prims/jni.cpp, line 615]
Event: 29.880 Thread 0x000001d4eee53800 Exception <a 'sun/nio/fs/WindowsException'{0x000000008aed59f8}> (0x000000008aed59f8) thrown at [./src/hotspot/share/prims/jni.cpp, line 615]
Event: 29.897 Thread 0x000001d4eee53800 Exception <a 'sun/nio/fs/WindowsException'{0x000000008aedc988}> (0x000000008aedc988) thrown at [./src/hotspot/share/prims/jni.cpp, line 615]
Event: 29.904 Thread 0x000001d4eee53800 Exception <a 'sun/nio/fs/WindowsException'{0x000000008aee41d0}> (0x000000008aee41d0) thrown at [./src/hotspot/share/prims/jni.cpp, line 615]
Event: 29.906 Thread 0x000001d4eee53800 Exception <a 'sun/nio/fs/WindowsException'{0x000000008aeeab98}> (0x000000008aeeab98) thrown at [./src/hotspot/share/prims/jni.cpp, line 615]
Event: 29.910 Thread 0x000001d4eee53800 Exception <a 'sun/nio/fs/WindowsException'{0x000000008aef1028}> (0x000000008aef1028) thrown at [./src/hotspot/share/prims/jni.cpp, line 615]
Event: 30.017 Thread 0x000001d4eb33d000 Exception <a 'java/lang/NoSuchMethodError'{0x000000008aafe9f0}: <clinit>> (0x000000008aafe9f0) thrown at [./src/hotspot/share/prims/jni.cpp, line 1362]
Event: 30.019 Thread 0x000001d4eb33d000 Exception <a 'java/lang/NoSuchMethodError'{0x000000008a912dc0}: <clinit>> (0x000000008a912dc0) thrown at [./src/hotspot/share/prims/jni.cpp, line 1362]
Event: 30.938 Thread 0x000001d4eee52800 Exception <a 'sun/nio/fs/WindowsException'{0x0000000089bb82c0}> (0x0000000089bb82c0) thrown at [./src/hotspot/share/prims/jni.cpp, line 615]
Event: 31.189 Thread 0x000001d4eee56000 Implicit null exception at 0x000001d4d8b44b2f to 0x000001d4d8b44c20
Event: 31.190 Thread 0x000001d4eee55000 Implicit null exception at 0x000001d4d8b44b2f to 0x000001d4d8b44c20
Event: 31.189 Thread 0x000001d4eee57000 Implicit null exception at 0x000001d4d8b44b2f to 0x000001d4d8b44c20
Event: 32.147 Thread 0x000001d4eee57800 Exception <a 'sun/nio/fs/WindowsException'{0x0000000087cb86b0}> (0x0000000087cb86b0) thrown at [./src/hotspot/share/prims/jni.cpp, line 615]
Event: 32.833 Thread 0x000001d4eb33d000 Exception <a 'java/lang/NoSuchMethodError'{0x0000000089412608}: <clinit>> (0x0000000089412608) thrown at [./src/hotspot/share/prims/jni.cpp, line 1362]
Event: 33.529 Thread 0x000001d4eee4b800 Exception <a 'java/lang/NoSuchMethodError'{0x000000008b796390}: 'java.lang.Object java.lang.invoke.DirectMethodHandle$Holder.invokeVirtual(java.lang.Object, java.lang.Object, int)'> (0x000000008b796390) thrown at [./src/hotspot/share/interpreter/linkResolver.cpp, line 773]
Event: 33.943 Thread 0x000001d4ea817000 Exception <a 'java/lang/NoSuchMethodError'{0x000000008b56ea88}: 'java.lang.Object java.lang.invoke.DirectMethodHandle$Holder.invokeSpecial(java.lang.Object, java.lang.Object, java.lang.Object, int, int, java.lang.Object, java.lang.Object)'> (0x000000008b56ea88) thrown at [./src/hotspot/share/interpreter/linkResolver.cpp, line 773]
Event: 33.944 Thread 0x000001d4ea817000 Exception <a 'java/lang/NoSuchMethodError'{0x000000008b577bf8}: 'java.lang.Object java.lang.invoke.DirectMethodHandle$Holder.invokeStatic(java.lang.Object, java.lang.Object, java.lang.Object, int, int, java.lang.Object)'> (0x000000008b577bf8) thrown at [./src/hotspot/share/interpreter/linkResolver.cpp, line 773]
Event: 33.945 Thread 0x000001d4ea817000 Exception <a 'java/lang/NoSuchMethodError'{0x000000008b587c38}: 'java.lang.Object java.lang.invoke.DirectMethodHandle$Holder.invokeSpecial(java.lang.Object, java.lang.Object, java.lang.Object, java.lang.Object, int, int, java.lang.Object)'> (0x000000008b587c38) thrown at [./src/hotspot/share/interpreter/linkResolver.cpp, line 773]
Event: 33.945 Thread 0x000001d4ea817000 Exception <a 'java/lang/NoSuchMethodError'{0x000000008b58b158}: 'java.lang.Object java.lang.invoke.Invokers$Holder.linkToTargetMethod(java.lang.Object, java.lang.Object, int, int, java.lang.Object, java.lang.Object)'> (0x000000008b58b158) thrown at [./src/hotspot/share/interpreter/linkResolver.cpp, line 773]
Event: 33.948 Thread 0x000001d4ea817000 Implicit null exception at 0x000001d4d906e4af to 0x000001d4d906e4fc

Events (20 events):
Event: 47.362 Thread 0x000001d4eee57000 Thread added: 0x000001d4eee57000
Event: 47.380 Thread 0x000001d4eee58800 Thread added: 0x000001d4eee58800
Event: 47.410 Thread 0x000001d4e7ff8800 flushing nmethod 0x000001d4d89a1710
Event: 47.414 Thread 0x000001d4e7ff8800 flushing nmethod 0x000001d4d1451090
Event: 47.414 Thread 0x000001d4e7ff8800 flushing nmethod 0x000001d4d1451510
Event: 47.414 Thread 0x000001d4e7ff8800 flushing nmethod 0x000001d4d1451890
Event: 47.414 Thread 0x000001d4e7ff8800 flushing nmethod 0x000001d4d1458590
Event: 47.414 Thread 0x000001d4e7ff8800 flushing nmethod 0x000001d4d1464e90
Event: 47.433 Executing VM operation: BulkRevokeBias
Event: 47.438 Executing VM operation: BulkRevokeBias done
Event: 47.472 Thread 0x000001d4eee59000 Thread added: 0x000001d4eee59000
Event: 47.497 Thread 0x000001d4eee53800 Thread added: 0x000001d4eee53800
Event: 47.625 Thread 0x000001d4eee55000 Thread added: 0x000001d4eee55000
Event: 47.625 Thread 0x000001d4eee5a000 Thread added: 0x000001d4eee5a000
Event: 47.625 Thread 0x000001d4eee56000 Thread added: 0x000001d4eee56000
Event: 47.626 Thread 0x000001d4ea909000 Thread added: 0x000001d4ea909000
Event: 47.636 Executing VM operation: RevokeBias
Event: 47.644 Executing VM operation: RevokeBias done
Event: 47.889 Executing VM operation: ICBufferFull
Event: 47.890 Executing VM operation: ICBufferFull done


Dynamic libraries:
0x00007ff763630000 - 0x00007ff76363a000 	C:\Program Files\Android\Android Studio\jre\bin\java.exe
0x00007fff4ecb0000 - 0x00007fff4eea5000 	C:\WINDOWS\SYSTEM32\ntdll.dll
0x00007fff4e4f0000 - 0x00007fff4e5ae000 	C:\WINDOWS\System32\KERNEL32.DLL
0x00007fff4c8a0000 - 0x00007fff4cb68000 	C:\WINDOWS\System32\KERNELBASE.dll
0x00007fff4cb70000 - 0x00007fff4cc70000 	C:\WINDOWS\System32\ucrtbase.dll
0x00007fff49190000 - 0x00007fff491a9000 	C:\Program Files\Android\Android Studio\jre\bin\jli.dll
0x00007fff47470000 - 0x00007fff47487000 	C:\Program Files\Android\Android Studio\jre\bin\VCRUNTIME140.dll
0x00007fff4e330000 - 0x00007fff4e4d1000 	C:\WINDOWS\System32\USER32.dll
0x00007fff4cc70000 - 0x00007fff4cc92000 	C:\WINDOWS\System32\win32u.dll
0x00007fff4dcc0000 - 0x00007fff4dceb000 	C:\WINDOWS\System32\GDI32.dll
0x00007fff413a0000 - 0x00007fff4163a000 	C:\WINDOWS\WinSxS\amd64_microsoft.windows.common-controls_6595b64144ccf1df_6.0.19041.1110_none_60b5254171f9507e\COMCTL32.dll
0x00007fff4c5d0000 - 0x00007fff4c6dd000 	C:\WINDOWS\System32\gdi32full.dll
0x00007fff4e670000 - 0x00007fff4e70e000 	C:\WINDOWS\System32\msvcrt.dll
0x00007fff4c6e0000 - 0x00007fff4c77d000 	C:\WINDOWS\System32\msvcp_win.dll
0x00007fff4e7f0000 - 0x00007fff4e820000 	C:\WINDOWS\System32\IMM32.DLL
0x00007fff27170000 - 0x00007fff2720d000 	C:\Program Files\Android\Android Studio\jre\bin\msvcp140.dll
0x00007ffefdbf0000 - 0x00007ffefe6bf000 	C:\Program Files\Android\Android Studio\jre\bin\server\jvm.dll
0x00007fff4e5b0000 - 0x00007fff4e65e000 	C:\WINDOWS\System32\ADVAPI32.dll
0x00007fff4dcf0000 - 0x00007fff4dd8c000 	C:\WINDOWS\System32\sechost.dll
0x00007fff4d210000 - 0x00007fff4d335000 	C:\WINDOWS\System32\RPCRT4.dll
0x00007fff4d200000 - 0x00007fff4d208000 	C:\WINDOWS\System32\PSAPI.DLL
0x00007fff34600000 - 0x00007fff34609000 	C:\WINDOWS\SYSTEM32\WSOCK32.dll
0x00007fff4ec00000 - 0x00007fff4ec6b000 	C:\WINDOWS\System32\WS2_32.dll
0x00007fff41860000 - 0x00007fff41887000 	C:\WINDOWS\SYSTEM32\WINMM.dll
0x00007fff45400000 - 0x00007fff4540a000 	C:\WINDOWS\SYSTEM32\VERSION.dll
0x00007fff4a3f0000 - 0x00007fff4a402000 	C:\WINDOWS\SYSTEM32\kernel.appcore.dll
0x00007fff359f0000 - 0x00007fff35a01000 	C:\Program Files\Android\Android Studio\jre\bin\verify.dll
0x00007fff33980000 - 0x00007fff33b64000 	C:\WINDOWS\SYSTEM32\DBGHELP.DLL
0x00007fff33e10000 - 0x00007fff33e3c000 	C:\WINDOWS\SYSTEM32\dbgcore.DLL
0x00007fff4c810000 - 0x00007fff4c892000 	C:\WINDOWS\System32\bcryptPrimitives.dll
0x00007fff2b800000 - 0x00007fff2b829000 	C:\Program Files\Android\Android Studio\jre\bin\java.dll
0x00007fff491d0000 - 0x00007fff491db000 	C:\Program Files\Android\Android Studio\jre\bin\jimage.dll
0x00007fff34790000 - 0x00007fff347a8000 	C:\Program Files\Android\Android Studio\jre\bin\zip.dll
0x00007fff4d4a0000 - 0x00007fff4dbe4000 	C:\WINDOWS\System32\SHELL32.dll
0x00007fff4a490000 - 0x00007fff4ac25000 	C:\WINDOWS\SYSTEM32\windows.storage.dll
0x00007fff4ddf0000 - 0x00007fff4e145000 	C:\WINDOWS\System32\combase.dll
0x00007fff4be10000 - 0x00007fff4be3e000 	C:\WINDOWS\SYSTEM32\Wldp.dll
0x00007fff4e9d0000 - 0x00007fff4ea7d000 	C:\WINDOWS\System32\SHCORE.dll
0x00007fff4eba0000 - 0x00007fff4ebf5000 	C:\WINDOWS\System32\shlwapi.dll
0x00007fff4c300000 - 0x00007fff4c31f000 	C:\WINDOWS\SYSTEM32\profapi.dll
0x00007fff340d0000 - 0x00007fff340ea000 	C:\Program Files\Android\Android Studio\jre\bin\net.dll
0x00007fff39e50000 - 0x00007fff39f5c000 	C:\WINDOWS\SYSTEM32\WINHTTP.dll
0x00007fff4bb70000 - 0x00007fff4bbda000 	C:\WINDOWS\system32\mswsock.dll
0x00007fff33960000 - 0x00007fff33974000 	C:\Program Files\Android\Android Studio\jre\bin\nio.dll
0x00007fff33900000 - 0x00007fff33927000 	C:\Users\chieudepzaj\.gradle\native\fdc75f09e3144964f2cf3f50f0aa648679c211496f362492102eb8c894070792\windows-amd64\native-platform.dll
0x00007fff107f0000 - 0x00007fff10986000 	C:\Users\chieudepzaj\.gradle\native\12488b8bf47d2d4c9fbf2f6322a914ad602e24e48041cd04a747c6da556b65c4\windows-amd64\native-platform-file-events.dll
0x00007fff478f0000 - 0x00007fff478fa000 	C:\Program Files\Android\Android Studio\jre\bin\management.dll
0x00007fff47800000 - 0x00007fff4780c000 	C:\Program Files\Android\Android Studio\jre\bin\management_ext.dll
0x00007fff4bd60000 - 0x00007fff4bd78000 	C:\WINDOWS\SYSTEM32\CRYPTSP.dll
0x00007fff4b480000 - 0x00007fff4b4b4000 	C:\WINDOWS\system32\rsaenh.dll
0x00007fff4c7e0000 - 0x00007fff4c807000 	C:\WINDOWS\System32\bcrypt.dll
0x00007fff4c2c0000 - 0x00007fff4c2ee000 	C:\WINDOWS\SYSTEM32\USERENV.dll
0x00007fff4bd80000 - 0x00007fff4bd8c000 	C:\WINDOWS\SYSTEM32\CRYPTBASE.dll
0x00007fff4b810000 - 0x00007fff4b84b000 	C:\WINDOWS\SYSTEM32\IPHLPAPI.DLL
0x00007fff4e660000 - 0x00007fff4e668000 	C:\WINDOWS\System32\NSI.dll
0x00007fff45f30000 - 0x00007fff45f47000 	C:\WINDOWS\SYSTEM32\dhcpcsvc6.DLL
0x00007fff45f10000 - 0x00007fff45f2d000 	C:\WINDOWS\SYSTEM32\dhcpcsvc.DLL
0x00007fff4b860000 - 0x00007fff4b92b000 	C:\WINDOWS\SYSTEM32\DNSAPI.dll
0x00007fff45f50000 - 0x00007fff45f5b000 	C:\WINDOWS\SYSTEM32\WINNSI.DLL

dbghelp: loaded successfully - version: 4.0.5 - missing functions: none
symbol engine: initialized successfully - sym options: 0x614 - pdb path: .;C:\Program Files\Android\Android Studio\jre\bin;C:\WINDOWS\SYSTEM32;C:\WINDOWS\WinSxS\amd64_microsoft.windows.common-controls_6595b64144ccf1df_6.0.19041.1110_none_60b5254171f9507e;C:\Program Files\Android\Android Studio\jre\bin\server;C:\Users\chieudepzaj\.gradle\native\fdc75f09e3144964f2cf3f50f0aa648679c211496f362492102eb8c894070792\windows-amd64;C:\Users\chieudepzaj\.gradle\native\12488b8bf47d2d4c9fbf2f6322a914ad602e24e48041cd04a747c6da556b65c4\windows-amd64

VM Arguments:
jvm_args: --add-opens=java.base/java.util=ALL-UNNAMED --add-opens=java.base/java.lang=ALL-UNNAMED --add-opens=java.base/java.lang.invoke=ALL-UNNAMED --add-opens=java.prefs/java.util.prefs=ALL-UNNAMED -Xmx2048m -Dfile.encoding=windows-1252 -Duser.country=US -Duser.language=en -Duser.variant 
java_command: org.gradle.launcher.daemon.bootstrap.GradleDaemon 6.8
java_class_path (initial): C:\Users\chieudepzaj\.gradle\wrapper\dists\gradle-6.8-bin\1jblhjyydfkclfzx1agp92nyl\gradle-6.8\lib\gradle-launcher-6.8.jar
Launcher Type: SUN_STANDARD

[Global flags]
     intx CICompilerCount                          = 3                                         {product} {ergonomic}
     uint ConcGCThreads                            = 1                                         {product} {ergonomic}
     uint G1ConcRefinementThreads                  = 4                                         {product} {ergonomic}
   size_t G1HeapRegionSize                         = 1048576                                   {product} {ergonomic}
    uintx GCDrainStackTargetSize                   = 64                                        {product} {ergonomic}
   size_t InitialHeapSize                          = 134217728                                 {product} {ergonomic}
   size_t MarkStackSize                            = 4194304                                   {product} {ergonomic}
   size_t MaxHeapSize                              = 2147483648                                {product} {command line}
   size_t MaxNewSize                               = 1287651328                                {product} {ergonomic}
   size_t MinHeapDeltaBytes                        = 1048576                                   {product} {ergonomic}
    uintx NonNMethodCodeHeapSize                   = 5830732                                {pd product} {ergonomic}
    uintx NonProfiledCodeHeapSize                  = 122913754                              {pd product} {ergonomic}
    uintx ProfiledCodeHeapSize                     = 122913754                              {pd product} {ergonomic}
    uintx ReservedCodeCacheSize                    = 251658240                              {pd product} {ergonomic}
     bool SegmentedCodeCache                       = true                                      {product} {ergonomic}
     bool UseCompressedClassPointers               = true                                 {lp64_product} {ergonomic}
     bool UseCompressedOops                        = true                                 {lp64_product} {ergonomic}
     bool UseG1GC                                  = true                                      {product} {ergonomic}
     bool UseLargePagesIndividualAllocation        = false                                  {pd product} {ergonomic}

Logging:
Log output configuration:
 #0: stdout all=warning uptime,level,tags
 #1: stderr all=off uptime,level,tags

Environment Variables:
PATH=C:\Python39\Scripts\;C:\Python39\;C:\Program Files (x86)\Common Files\Oracle\Java\javapath;C:\windows\system32;C:\windows\;C:\Program Files\dotnet\;C:\Program Files (x86)\NVIDIA Corporation\PhysX\Common;C:\ProgramData\chocolatey\bin;C:\WINDOWS\system32;C:\WINDOWS;C:\WINDOWS\System32\Wbem;C:\WINDOWS\System32\WindowsPowerShell\v1.0\;C:\WINDOWS\System32\OpenSSH\;C:\Program Files\Git\cmd;C:\Program Files\nodejs;C:\Program Files\heroku\bin;C:\Users\chieudepzaj\AppData\Local\Programs\Microsoft VS Code\bin;C:\Users\chieudepzaj\AppData\Local\Microsoft\WindowsApps;C:\flutter\bin;
USERNAME=chieudepzaj
OS=Windows_NT
PROCESSOR_IDENTIFIER=Intel64 Family 6 Model 158 Stepping 9, GenuineIntel



---------------  S Y S T E M  ---------------

OS: Windows 10 , 64 bit Build 19041 (10.0.19041.1466)
OS uptime: 0 days 12:53 hours

CPU:total 4 (initial active 4) (4 cores per cpu, 1 threads per core) family 6 model 158 stepping 9 microcode 0xb4, cmov, cx8, fxsr, mmx, sse, sse2, sse3, ssse3, sse4.1, sse4.2, popcnt, avx, avx2, aes, clmul, erms, 3dnowpref, lzcnt, tsc, tscinvbit, bmi1, bmi2, adx, fma

Memory: 4k page, system-wide physical 8075M (1324M free)
TotalPageFile size 12171M (AvailPageFile size 3404M)
current process WorkingSet (physical memory assigned to process): 475M, peak: 478M
current process commit charge ("private bytes"): 502M, peak: 507M

vm_info: OpenJDK 64-Bit Server VM (11.0.10+0-b96-7249189) for windows-amd64 JRE (11.0.10+0-b96-7249189), built on Mar 31 2021 21:44:00 by "builder" with MS VC++ 14.0 (VS2015)

END.
